<?xml version="1.0" encoding="utf-8"?><testsuites name="pytest tests"><testsuite name="pytest" errors="0" failures="0" skipped="0" tests="10" time="1.602" timestamp="2026-03-19T04:21:05.859471+00:00" hostname="agent-env-24cb2630-b0de-4299-9fb5-55541419f710"><testcase classname="backend.tests.test_admin_subscription_linked_users.TestAdminSubscriptionLinkedUsers" name="test_admin_list_subscriptions_returns_200" time="0.278" /><testcase classname="backend.tests.test_admin_subscription_linked_users.TestAdminSubscriptionLinkedUsers" name="test_subscriptions_have_is_renewal_field" time="0.125" /><testcase classname="backend.tests.test_admin_subscription_linked_users.TestAdminSubscriptionLinkedUsers" name="test_subscriptions_have_linked_users_field" time="0.105" /><testcase classname="backend.tests.test_admin_subscription_linked_users.TestAdminSubscriptionLinkedUsers" name="test_linked_users_structure" time="0.117" /><testcase classname="backend.tests.test_admin_subscription_linked_users.TestAdminSubscriptionLinkedUsers" name="test_is_renewal_true_for_multiple_subscriptions" time="0.102" /><testcase classname="backend.tests.test_admin_subscription_linked_users.TestAdminSubscriptionLinkedUsers" name="test_is_renewal_false_for_single_subscription" time="0.105" /><testcase classname="backend.tests.test_admin_subscription_linked_users.TestAdminSubscriptionLinkedUsers" name="test_unauthenticated_access_denied" time="0.108" /><testcase classname="backend.tests.test_admin_subscription_linked_users.TestAdminSubscriptionLinkedUsers" name="test_non_admin_access_denied" time="0.143" /><testcase classname="backend.tests.test_admin_subscription_linked_users.TestSpecificSubscriptionData" name="test_alka_m_has_renewal_badge" time="0.353" /><testcase classname="backend.tests.test_admin_subscription_linked_users.TestSpecificSubscriptionData" name="test_alka_m_has_linked_children" time="0.116" /></testsuite></testsuites>