<?xml version="1.0" encoding="utf-8"?><testsuites name="pytest tests"><testsuite name="pytest" errors="0" failures="0" skipped="0" tests="16" time="4.892" timestamp="2026-03-18T11:50:21.227225+00:00" hostname="agent-env-9ccd3176-6c35-4b41-b375-d5f6766cb39e"><testcase classname="backend.tests.test_admin_subscription_management.TestAdminSubscriptionManagement" name="test_activate_subscription_1_day" time="0.460" /><testcase classname="backend.tests.test_admin_subscription_management.TestAdminSubscriptionManagement" name="test_activate_subscription_1_week" time="0.338" /><testcase classname="backend.tests.test_admin_subscription_management.TestAdminSubscriptionManagement" name="test_activate_subscription_1_month" time="0.364" /><testcase classname="backend.tests.test_admin_subscription_management.TestAdminSubscriptionManagement" name="test_activate_subscription_invalid_duration_returns_400" time="0.304" /><testcase classname="backend.tests.test_admin_subscription_management.TestAdminSubscriptionManagement" name="test_activate_subscription_missing_duration_returns_400" time="0.312" /><testcase classname="backend.tests.test_admin_subscription_management.TestAdminSubscriptionManagement" name="test_deactivate_subscription" time="0.408" /><testcase classname="backend.tests.test_admin_subscription_management.TestAdminSubscriptionManagement" name="test_renew_subscription" time="0.368" /><testcase classname="backend.tests.test_admin_subscription_management.TestAdminSubscriptionManagement" name="test_get_users_returns_subscription_status" time="0.345" /><testcase classname="backend.tests.test_admin_subscription_management.TestAdminSubscriptionManagement" name="test_get_users_inactive_subscription_status" time="0.449" /><testcase classname="backend.tests.test_admin_subscription_management.TestAdminSubscriptionManagement" name="test_subscription_user_not_found" time="0.273" /><testcase classname="backend.tests.test_admin_subscription_management.TestAdminSubscriptionManagement" name="test_subscription_invalid_status" time="0.304" /><testcase classname="backend.tests.test_admin_subscription_management.TestAdminUserSubscriptionColumn" name="test_parent_has_subscription_status" time="0.187" /><testcase classname="backend.tests.test_admin_subscription_management.TestAdminUserSubscriptionColumn" name="test_child_has_subscription_status" time="0.187" /><testcase classname="backend.tests.test_admin_subscription_management.TestAdminUserSubscriptionColumn" name="test_admin_has_subscription_status" time="0.163" /><testcase classname="backend.tests.test_admin_subscription_management.TestExistingTestUsers" name="test_aashi_has_active_subscription" time="0.178" /><testcase classname="backend.tests.test_admin_subscription_management.TestExistingTestUsers" name="test_alka_subscription_status" time="0.175" /></testsuite></testsuites>