<?xml version="1.0" encoding="utf-8"?><testsuites name="pytest tests"><testsuite name="pytest" errors="0" failures="0" skipped="0" tests="11" time="2.740" timestamp="2026-03-30T06:37:25.269810+00:00" hostname="agent-env-0c73a36c-3234-41b8-a579-1bd5c81f2954"><testcase classname="tests.test_admin_notifications.TestAdminNotifications" name="test_school_enquiry_creates_admin_notification" time="0.328" /><testcase classname="tests.test_admin_notifications.TestAdminNotifications" name="test_capture_lead_creates_admin_notification_for_new_lead" time="0.285" /><testcase classname="tests.test_admin_notifications.TestAdminNotifications" name="test_capture_lead_does_not_create_notification_for_existing_lead" time="0.423" /><testcase classname="tests.test_admin_notifications.TestAdminNotifications" name="test_notifications_have_correct_structure" time="0.161" /><testcase classname="tests.test_admin_notifications.TestAdminNotifications" name="test_mark_all_notifications_as_read" time="0.279" /><testcase classname="tests.test_admin_notifications.TestAdminNotifications" name="test_notification_types_for_admin_alerts" time="0.138" /><testcase classname="tests.test_admin_notifications.TestNotificationEndpoints" name="test_get_notifications_requires_auth" time="0.211" /><testcase classname="tests.test_admin_notifications.TestNotificationEndpoints" name="test_mark_read_requires_auth" time="0.228" /><testcase classname="tests.test_admin_notifications.TestNotificationEndpoints" name="test_mark_all_read_requires_auth" time="0.197" /><testcase classname="tests.test_admin_notifications.TestNotificationEndpoints" name="test_school_enquiry_is_public" time="0.200" /><testcase classname="tests.test_admin_notifications.TestNotificationEndpoints" name="test_capture_lead_is_public" time="0.220" /></testsuite></testsuites>