<?xml version="1.0" encoding="utf-8"?><testsuites name="pytest tests"><testsuite name="pytest" errors="0" failures="0" skipped="0" tests="30" time="1.235" timestamp="2026-01-13T11:34:05.971119+00:00" hostname="agent-env-4e809fa1-1040-4a97-a9df-e3a40a179807"><testcase classname="tests.test_admin_store_investment.TestAdminLogin" name="test_admin_login_success" time="0.065" /><testcase classname="tests.test_admin_store_investment.TestAdminLogin" name="test_admin_login_invalid_email" time="0.035" /><testcase classname="tests.test_admin_store_investment.TestAdminLogin" name="test_admin_login_invalid_password" time="0.040" /><testcase classname="tests.test_admin_store_investment.TestStoreCategories" name="test_get_categories_empty_or_list" time="0.083" /><testcase classname="tests.test_admin_store_investment.TestStoreCategories" name="test_create_category" time="0.027" /><testcase classname="tests.test_admin_store_investment.TestStoreCategories" name="test_verify_category_created" time="0.014" /><testcase classname="tests.test_admin_store_investment.TestStoreCategories" name="test_update_category" time="0.013" /><testcase classname="tests.test_admin_store_investment.TestStoreCategories" name="test_verify_category_updated" time="0.051" /><testcase classname="tests.test_admin_store_investment.TestStoreItems" name="test_get_items_empty_or_list" time="0.010" /><testcase classname="tests.test_admin_store_investment.TestStoreItems" name="test_create_item" time="0.065" /><testcase classname="tests.test_admin_store_investment.TestStoreItems" name="test_verify_item_created" time="0.011" /><testcase classname="tests.test_admin_store_investment.TestStoreItems" name="test_update_item" time="0.053" /><testcase classname="tests.test_admin_store_investment.TestStoreItems" name="test_verify_item_updated" time="0.010" /><testcase classname="tests.test_admin_store_investment.TestStoreItems" name="test_delete_item" time="0.013" /><testcase classname="tests.test_admin_store_investment.TestStoreItems" name="test_verify_item_deleted" time="0.012" /><testcase classname="tests.test_admin_store_investment.TestInvestmentPlants" name="test_get_plants_empty_or_list" time="0.050" /><testcase classname="tests.test_admin_store_investment.TestInvestmentPlants" name="test_create_plant" time="0.061" /><testcase classname="tests.test_admin_store_investment.TestInvestmentPlants" name="test_verify_plant_created" time="0.010" /><testcase classname="tests.test_admin_store_investment.TestInvestmentPlants" name="test_update_plant" time="0.055" /><testcase classname="tests.test_admin_store_investment.TestInvestmentPlants" name="test_verify_plant_updated" time="0.016" /><testcase classname="tests.test_admin_store_investment.TestInvestmentPlants" name="test_delete_plant" time="0.052" /><testcase classname="tests.test_admin_store_investment.TestInvestmentStocks" name="test_get_stocks_empty_or_list" time="0.013" /><testcase classname="tests.test_admin_store_investment.TestInvestmentStocks" name="test_create_stock" time="0.075" /><testcase classname="tests.test_admin_store_investment.TestInvestmentStocks" name="test_verify_stock_created" time="0.055" /><testcase classname="tests.test_admin_store_investment.TestInvestmentStocks" name="test_get_stock_history" time="0.010" /><testcase classname="tests.test_admin_store_investment.TestInvestmentStocks" name="test_update_stock" time="0.051" /><testcase classname="tests.test_admin_store_investment.TestInvestmentStocks" name="test_verify_stock_updated" time="0.011" /><testcase classname="tests.test_admin_store_investment.TestInvestmentStocks" name="test_simulate_market_day" time="0.050" /><testcase classname="tests.test_admin_store_investment.TestInvestmentStocks" name="test_delete_stock" time="0.010" /><testcase classname="tests.test_admin_store_investment.TestCleanup" name="test_delete_test_category" time="0.051" /></testsuite></testsuites>