<?xml version="1.0" encoding="utf-8"?><testsuites name="pytest tests"><testsuite name="pytest" errors="0" failures="0" skipped="0" tests="11" time="0.731" timestamp="2026-02-05T18:08:03.423228+00:00" hostname="agent-env-27ad2c6d-b812-4756-a110-a924fd5f3324"><testcase classname="backend.tests.test_child_quests_filtering.TestChildQuestsFiltering" name="test_endpoint_requires_child_role" time="0.096" /><testcase classname="backend.tests.test_child_quests_filtering.TestChildQuestsFiltering" name="test_aashi_sees_admin_quests_for_her_grade" time="0.055" /><testcase classname="backend.tests.test_child_quests_filtering.TestChildQuestsFiltering" name="test_aashi_sees_teacher_quests_from_her_classrooms" time="0.039" /><testcase classname="backend.tests.test_child_quests_filtering.TestChildQuestsFiltering" name="test_aashi_sees_parent_chores_assigned_to_her" time="0.035" /><testcase classname="backend.tests.test_child_quests_filtering.TestChildQuestsFiltering" name="test_isolated_user_sees_no_parent_chores" time="0.036" /><testcase classname="backend.tests.test_child_quests_filtering.TestChildQuestsFiltering" name="test_isolated_user_sees_no_teacher_quests" time="0.037" /><testcase classname="backend.tests.test_child_quests_filtering.TestChildQuestsFiltering" name="test_isolated_user_still_sees_admin_quests" time="0.037" /><testcase classname="backend.tests.test_child_quests_filtering.TestChildQuestsFiltering" name="test_aashi_does_not_see_other_children_chores" time="0.040" /><testcase classname="backend.tests.test_child_quests_filtering.TestChildQuestsFiltering" name="test_source_filter_works" time="0.121" /><testcase classname="backend.tests.test_child_quests_filtering.TestChildQuestsFiltering" name="test_expired_quests_marked_correctly" time="0.042" /><testcase classname="backend.tests.test_child_quests_filtering.TestDataIsolation" name="test_different_children_see_different_quests" time="0.080" /></testsuite></testsuites>