<?xml version="1.0" encoding="utf-8"?><testsuites name="pytest tests"><testsuite name="pytest" errors="0" failures="0" skipped="1" tests="21" time="4.182" timestamp="2026-03-18T07:17:34.943047+00:00" hostname="agent-env-9ccd3176-6c35-4b41-b375-d5f6766cb39e"><testcase classname="backend.tests.test_chunked_upload.TestChunkedUploadFlow" name="test_chunked_init" time="0.127" /><testcase classname="backend.tests.test_chunked_upload.TestChunkedUploadFlow" name="test_chunked_full_flow_small_file" time="0.537" /><testcase classname="backend.tests.test_chunked_upload.TestChunkedUploadFlow" name="test_chunked_upload_video_dest" time="0.319" /><testcase classname="backend.tests.test_chunked_upload.TestChunkedUploadFlow" name="test_chunked_upload_thumbnail_dest" time="0.312" /><testcase classname="backend.tests.test_chunked_upload.TestChunkedUploadFlow" name="test_chunked_upload_badge_dest" time="0.298" /><testcase classname="backend.tests.test_chunked_upload.TestChunkedUploadFlow" name="test_chunked_upload_store_dest" time="0.301" /><testcase classname="backend.tests.test_chunked_upload.TestChunkedUploadFlow" name="test_chunked_upload_investment_dest" time="0.301" /><testcase classname="backend.tests.test_chunked_upload.TestChunkedUploadFlow" name="test_chunked_upload_goal_dest" time="0.327" /><testcase classname="backend.tests.test_chunked_upload.TestChunkedUploadFlow" name="test_chunked_upload_missing_session" time="0.096" /><testcase classname="backend.tests.test_chunked_upload.TestDirectUploadEndpoints" name="test_upload_image_endpoint" time="0.196" /><testcase classname="backend.tests.test_chunked_upload.TestDirectUploadEndpoints" name="test_upload_store_image_endpoint" time="0.127" /><testcase classname="backend.tests.test_chunked_upload.TestDirectUploadEndpoints" name="test_upload_investment_image_endpoint" time="0.116" /><testcase classname="backend.tests.test_chunked_upload.TestDirectUploadEndpoints" name="test_upload_goal_image_endpoint" time="0.098" /><testcase classname="backend.tests.test_chunked_upload.TestDirectUploadEndpoints" name="test_upload_badge_endpoint" time="0.096" /><testcase classname="backend.tests.test_chunked_upload.TestDirectUploadEndpoints" name="test_upload_thumbnail_endpoint" time="0.094" /><testcase classname="backend.tests.test_chunked_upload.TestDirectUploadEndpoints" name="test_upload_video_endpoint" time="0.099" /><testcase classname="backend.tests.test_chunked_upload.TestDirectUploadEndpoints" name="test_upload_pdf_endpoint" time="0.104" /><testcase classname="backend.tests.test_chunked_upload.TestAuthAndAdminEndpoints" name="test_admin_login" time="0.111" /><testcase classname="backend.tests.test_chunked_upload.TestAuthAndAdminEndpoints" name="test_teacher_login" time="0.098"><skipped type="pytest.skip" message="Test teacher user not found in database - skipping">/app/backend/tests/test_chunked_upload.py:310: Test teacher user not found in database - skipping</skipped></testcase><testcase classname="backend.tests.test_chunked_upload.TestStaticFileServing" name="test_existing_uploads_accessible" time="0.130" /><testcase classname="backend.tests.test_chunked_upload.TestStaticFileServing" name="test_upload_and_retrieve_flow" time="0.204" /></testsuite></testsuites>