<?xml version="1.0" encoding="utf-8"?><testsuites name="pytest tests"><testsuite name="pytest" errors="0" failures="2" skipped="2" tests="30" time="1.551" timestamp="2026-01-27T13:26:33.107794+00:00" hostname="agent-env-72a5f1a2-5c74-4541-8da8-4bf106514c28"><testcase classname="backend.tests.test_comprehensive_features.TestParentChoreWorkflow" name="test_01_parent_creates_chore" time="0.103" /><testcase classname="backend.tests.test_comprehensive_features.TestParentChoreWorkflow" name="test_02_child_sees_chore" time="0.039" /><testcase classname="backend.tests.test_comprehensive_features.TestParentChoreWorkflow" name="test_03_child_submits_chore" time="0.045" /><testcase classname="backend.tests.test_comprehensive_features.TestParentChoreWorkflow" name="test_04_parent_sees_pending_chore" time="0.037" /><testcase classname="backend.tests.test_comprehensive_features.TestParentChoreWorkflow" name="test_05_parent_approves_chore" time="0.075" /><testcase classname="backend.tests.test_comprehensive_features.TestParentChoreWorkflow" name="test_06_chore_no_longer_pending" time="0.038" /><testcase classname="backend.tests.test_comprehensive_features.TestParentChoreRejection" name="test_01_create_chore_for_rejection" time="0.038" /><testcase classname="backend.tests.test_comprehensive_features.TestParentChoreRejection" name="test_02_child_submits_for_rejection" time="0.039" /><testcase classname="backend.tests.test_comprehensive_features.TestParentChoreRejection" name="test_03_parent_rejects_chore" time="0.052" /><testcase classname="backend.tests.test_comprehensive_features.TestTeacherCompareAll" name="test_01_teacher_gets_classrooms" time="0.040" /><testcase classname="backend.tests.test_comprehensive_features.TestTeacherCompareAll" name="test_02_teacher_comparison_returns_all_fields" time="0.060"><failure message="AssertionError: Failed to get comparison: Internal Server Error&#10;assert 520 == 200&#10; +  where 520 = &lt;Response [520]&gt;.status_code">backend/tests/test_comprehensive_features.py:178: in test_02_teacher_comparison_returns_all_fields
    assert response.status_code == 200, f"Failed to get comparison: {response.text}"
E   AssertionError: Failed to get comparison: Internal Server Error
E   assert 520 == 200
E    +  where 520 = &lt;Response [520]&gt;.status_code</failure></testcase><testcase classname="backend.tests.test_comprehensive_features.TestChildClassmates" name="test_01_child_gets_classmates" time="0.040" /><testcase classname="backend.tests.test_comprehensive_features.TestQuestWithQuestions" name="test_01_get_available_quests" time="0.040" /><testcase classname="backend.tests.test_comprehensive_features.TestQuestWithQuestions" name="test_02_submit_quest_shows_correct_answers" time="0.000"><skipped type="pytest.skip" message="No quest with questions available">/app/backend/tests/test_comprehensive_features.py:267: No quest with questions available</skipped></testcase><testcase classname="backend.tests.test_comprehensive_features.TestParentGiftMoney" name="test_01_parent_can_give_reward" time="0.036" /><testcase classname="backend.tests.test_comprehensive_features.TestParentGiftMoney" name="test_02_parent_can_create_allowance" time="0.079" /><testcase classname="backend.tests.test_comprehensive_features.TestParentGiftMoney" name="test_03_parent_can_get_allowances" time="0.048" /><testcase classname="backend.tests.test_comprehensive_features.TestTeacherAnnouncements" name="test_01_teacher_creates_announcement" time="0.047" /><testcase classname="backend.tests.test_comprehensive_features.TestTeacherAnnouncements" name="test_02_teacher_gets_announcements" time="0.036" /><testcase classname="backend.tests.test_comprehensive_features.TestTeacherAnnouncements" name="test_03_child_sees_announcement" time="0.038" /><testcase classname="backend.tests.test_comprehensive_features.TestTeacherQuests" name="test_01_teacher_creates_quest" time="0.034" /><testcase classname="backend.tests.test_comprehensive_features.TestTeacherQuests" name="test_02_teacher_gets_quests" time="0.035" /><testcase classname="backend.tests.test_comprehensive_features.TestChildGifting" name="test_01_child_gets_classmates_for_gifting" time="0.038" /><testcase classname="backend.tests.test_comprehensive_features.TestChildGifting" name="test_02_child_sends_gift" time="0.039"><skipped type="pytest.skip" message="Insufficient gifting balance">/app/backend/tests/test_comprehensive_features.py:433: Insufficient gifting balance</skipped></testcase><testcase classname="backend.tests.test_comprehensive_features.TestParentChildInsights" name="test_01_parent_gets_child_insights" time="0.042" /><testcase classname="backend.tests.test_comprehensive_features.TestTeacherStudentInsights" name="test_01_teacher_gets_student_insights" time="0.043"><failure message="AssertionError: Failed to get insights: {&quot;detail&quot;:&quot;Not Found&quot;}&#10;assert 404 == 200&#10; +  where 404 = &lt;Response [404]&gt;.status_code">backend/tests/test_comprehensive_features.py:486: in test_01_teacher_gets_student_insights
    assert response.status_code == 200, f"Failed to get insights: {response.text}"
E   AssertionError: Failed to get insights: {"detail":"Not Found"}
E   assert 404 == 200
E    +  where 404 = &lt;Response [404]&gt;.status_code</failure></testcase><testcase classname="backend.tests.test_comprehensive_features.TestCleanup" name="test_cleanup_test_chores" time="0.064" /><testcase classname="backend.tests.test_comprehensive_features.TestCleanup" name="test_cleanup_test_allowances" time="0.078" /><testcase classname="backend.tests.test_comprehensive_features.TestCleanup" name="test_cleanup_test_announcements" time="0.035" /><testcase classname="backend.tests.test_comprehensive_features.TestCleanup" name="test_cleanup_test_quests" time="0.038" /></testsuite></testsuites>