<?xml version="1.0" encoding="utf-8"?><testsuites name="pytest tests"><testsuite name="pytest" errors="0" failures="0" skipped="0" tests="18" time="1.827" timestamp="2026-01-15T09:14:15.982574+00:00" hostname="agent-env-4fdfbb6d-55c7-427b-8c3a-7661aceb76df"><testcase classname="tests.test_connection_system" name="test_child_add_parent_success" time="0.584" /><testcase classname="tests.test_connection_system" name="test_child_add_parent_already_linked" time="0.044" /><testcase classname="tests.test_connection_system" name="test_child_add_second_parent" time="0.039" /><testcase classname="tests.test_connection_system" name="test_child_cannot_add_third_parent" time="0.042" /><testcase classname="tests.test_connection_system" name="test_child_add_nonexistent_parent" time="0.039" /><testcase classname="tests.test_connection_system" name="test_child_view_parents" time="0.037" /><testcase classname="tests.test_connection_system" name="test_teacher_create_classroom" time="0.039" /><testcase classname="tests.test_connection_system" name="test_teacher_post_announcement" time="0.103" /><testcase classname="tests.test_connection_system" name="test_teacher_get_announcements" time="0.039" /><testcase classname="tests.test_connection_system" name="test_child_join_classroom" time="0.103" /><testcase classname="tests.test_connection_system" name="test_child_join_classroom_already_joined" time="0.041" /><testcase classname="tests.test_connection_system" name="test_child_join_invalid_code" time="0.036" /><testcase classname="tests.test_connection_system" name="test_child_view_classrooms" time="0.037" /><testcase classname="tests.test_connection_system" name="test_child_view_announcements" time="0.035" /><testcase classname="tests.test_connection_system" name="test_parent_view_child_classroom" time="0.036" /><testcase classname="tests.test_connection_system" name="test_parent_dashboard_shows_children" time="0.040" /><testcase classname="tests.test_connection_system" name="test_teacher_delete_announcement" time="0.052" /><testcase classname="tests.test_connection_system" name="test_teacher_delete_nonexistent_announcement" time="0.403" /></testsuite></testsuites>