<?xml version="1.0" encoding="utf-8"?><testsuites name="pytest tests"><testsuite name="pytest" errors="0" failures="9" skipped="0" tests="18" time="1.842" timestamp="2026-01-15T09:12:43.785913+00:00" hostname="agent-env-4fdfbb6d-55c7-427b-8c3a-7661aceb76df"><testcase classname="tests.test_connection_system" name="test_child_add_parent_success" time="0.574" /><testcase classname="tests.test_connection_system" name="test_child_add_parent_already_linked" time="0.041" /><testcase classname="tests.test_connection_system" name="test_child_add_second_parent" time="0.079" /><testcase classname="tests.test_connection_system" name="test_child_cannot_add_third_parent" time="0.041" /><testcase classname="tests.test_connection_system" name="test_child_add_nonexistent_parent" time="0.039"><failure message="assert 400 == 404&#10; +  where 400 = &lt;Response [400]&gt;.status_code">tests/test_connection_system.py:270: in test_child_add_nonexistent_parent
    assert response.status_code == 404
E   assert 400 == 404
E    +  where 400 = &lt;Response [400]&gt;.status_code</failure></testcase><testcase classname="tests.test_connection_system" name="test_child_view_parents" time="0.039" /><testcase classname="tests.test_connection_system" name="test_teacher_create_classroom" time="0.042"><failure message="AssertionError: assert 'classroom_id' in {'classroom': {'classroom_id': 'class_e05ac41ef2c9', 'created_at': '2026-01-15T09:12:44.728313+00:00', 'description': 'Testing connection system', 'grade_level': 3, ...}, 'message': 'Classroom created'}">tests/test_connection_system.py:306: in test_teacher_create_classroom
    assert "classroom_id" in data
E   AssertionError: assert 'classroom_id' in {'classroom': {'classroom_id': 'class_e05ac41ef2c9', 'created_at': '2026-01-15T09:12:44.728313+00:00', 'description': 'Testing connection system', 'grade_level': 3, ...}, 'message': 'Classroom created'}</failure></testcase><testcase classname="tests.test_connection_system" name="test_teacher_post_announcement" time="0.037"><failure message="AssertionError: Expected 200, got 403: {&quot;detail&quot;:&quot;Not your classroom&quot;}&#10;assert 403 == 200&#10; +  where 403 = &lt;Response [403]&gt;.status_code">tests/test_connection_system.py:324: in test_teacher_post_announcement
    assert response.status_code == 200, f"Expected 200, got {response.status_code}: {response.text}"
E   AssertionError: Expected 200, got 403: {"detail":"Not your classroom"}
E   assert 403 == 200
E    +  where 403 = &lt;Response [403]&gt;.status_code</failure></testcase><testcase classname="tests.test_connection_system" name="test_teacher_get_announcements" time="0.077"><failure message="AssertionError: Expected 200, got 403: {&quot;detail&quot;:&quot;Not your classroom&quot;}&#10;assert 403 == 200&#10; +  where 403 = &lt;Response [403]&gt;.status_code">tests/test_connection_system.py:338: in test_teacher_get_announcements
    assert response.status_code == 200, f"Expected 200, got {response.status_code}: {response.text}"
E   AssertionError: Expected 200, got 403: {"detail":"Not your classroom"}
E   assert 403 == 200
E    +  where 403 = &lt;Response [403]&gt;.status_code</failure></testcase><testcase classname="tests.test_connection_system" name="test_child_join_classroom" time="0.036"><failure message="AssertionError: Expected 200, got 520: Internal Server Error&#10;assert 520 == 200&#10; +  where 520 = &lt;Response [520]&gt;.status_code">tests/test_connection_system.py:361: in test_child_join_classroom
    assert response.status_code == 200, f"Expected 200, got {response.status_code}: {response.text}"
E   AssertionError: Expected 200, got 520: Internal Server Error
E   assert 520 == 200
E    +  where 520 = &lt;Response [520]&gt;.status_code</failure></testcase><testcase classname="tests.test_connection_system" name="test_child_join_classroom_already_joined" time="0.038"><failure message="assert 520 == 200&#10; +  where 520 = &lt;Response [520]&gt;.status_code">tests/test_connection_system.py:376: in test_child_join_classroom_already_joined
    assert response.status_code == 200
E   assert 520 == 200
E    +  where 520 = &lt;Response [520]&gt;.status_code</failure></testcase><testcase classname="tests.test_connection_system" name="test_child_join_invalid_code" time="0.037" /><testcase classname="tests.test_connection_system" name="test_child_view_classrooms" time="0.035"><failure message="assert 0 &gt;= 1&#10; +  where 0 = len([])">tests/test_connection_system.py:401: in test_child_view_classrooms
    assert len(data) &gt;= 1
E   assert 0 &gt;= 1
E    +  where 0 = len([])</failure></testcase><testcase classname="tests.test_connection_system" name="test_child_view_announcements" time="0.036"><failure message="assert 0 &gt;= 1&#10; +  where 0 = len([])">tests/test_connection_system.py:420: in test_child_view_announcements
    assert len(data) &gt;= 1
E   assert 0 &gt;= 1
E    +  where 0 = len([])</failure></testcase><testcase classname="tests.test_connection_system" name="test_parent_view_child_classroom" time="0.079" /><testcase classname="tests.test_connection_system" name="test_parent_dashboard_shows_children" time="0.039" /><testcase classname="tests.test_connection_system" name="test_teacher_delete_announcement" time="0.039"><failure message="assert 403 == 200&#10; +  where 403 = &lt;Response [403]&gt;.status_code">tests/test_connection_system.py:481: in test_teacher_delete_announcement
    assert create_response.status_code == 200
E   assert 403 == 200
E    +  where 403 = &lt;Response [403]&gt;.status_code</failure></testcase><testcase classname="tests.test_connection_system" name="test_teacher_delete_nonexistent_announcement" time="0.394" /></testsuite></testsuites>