<?xml version="1.0" encoding="utf-8"?><testsuites name="pytest tests"><testsuite name="pytest" errors="0" failures="0" skipped="0" tests="26" time="1.457" timestamp="2026-01-12T13:39:37.706880+00:00" hostname="agent-env-1fbab5f4-4948-4cff-845b-d5d44918b4e4"><testcase classname="tests.test_content_management.TestAdminContentManagement" name="test_01_create_topic" time="0.113" /><testcase classname="tests.test_content_management.TestAdminContentManagement" name="test_02_create_subtopic" time="0.044" /><testcase classname="tests.test_content_management.TestAdminContentManagement" name="test_03_get_all_topics" time="0.038" /><testcase classname="tests.test_content_management.TestAdminContentManagement" name="test_04_edit_topic" time="0.039" /><testcase classname="tests.test_content_management.TestAdminContentManagement" name="test_05_create_lesson_content" time="0.038" /><testcase classname="tests.test_content_management.TestAdminContentManagement" name="test_06_create_worksheet_content" time="0.035" /><testcase classname="tests.test_content_management.TestAdminContentManagement" name="test_07_create_activity_content" time="0.040" /><testcase classname="tests.test_content_management.TestAdminContentManagement" name="test_08_get_content_items" time="0.035" /><testcase classname="tests.test_content_management.TestAdminContentManagement" name="test_09_edit_content_item" time="0.036" /><testcase classname="tests.test_content_management.TestAdminContentManagement" name="test_10_reorder_content_items" time="0.037" /><testcase classname="tests.test_content_management.TestAdminContentManagement" name="test_11_user_get_topics" time="0.038" /><testcase classname="tests.test_content_management.TestAdminContentManagement" name="test_12_user_get_topic_detail" time="0.046" /><testcase classname="tests.test_content_management.TestAdminContentManagement" name="test_13_complete_content_item" time="0.093" /><testcase classname="tests.test_content_management.TestAdminContentManagement" name="test_14_complete_content_item_duplicate" time="0.036" /><testcase classname="tests.test_content_management.TestAdminContentManagement" name="test_15_delete_content_item" time="0.042" /><testcase classname="tests.test_content_management.TestAdminContentManagement" name="test_16_delete_topic_cascade" time="0.073" /><testcase classname="tests.test_content_management.TestExistingContent" name="test_existing_topic_money_basics" time="0.074" /><testcase classname="tests.test_content_management.TestExistingContent" name="test_existing_subtopic_what_is_money" time="0.077" /><testcase classname="tests.test_content_management.TestFileUploadEndpoints" name="test_thumbnail_upload_endpoint_exists" time="0.067" /><testcase classname="tests.test_content_management.TestFileUploadEndpoints" name="test_pdf_upload_endpoint_exists" time="0.033" /><testcase classname="tests.test_content_management.TestFileUploadEndpoints" name="test_activity_upload_endpoint_exists" time="0.032" /><testcase classname="tests.test_content_management.TestUserLearnPage" name="test_learn_topics_endpoint" time="0.084" /><testcase classname="tests.test_content_management.TestUserLearnPage" name="test_learn_books_endpoint" time="0.040" /><testcase classname="tests.test_content_management.TestUserLearnPage" name="test_learn_activities_endpoint" time="0.036" /><testcase classname="tests.test_content_management.TestUserLearnPage" name="test_learn_progress_endpoint" time="0.087" /><testcase classname="tests.test_content_management.TestUserLearnPage" name="test_content_topics_endpoint" time="0.038" /></testsuite></testsuites>