<?xml version="1.0" encoding="utf-8"?><testsuites name="pytest tests"><testsuite name="pytest" errors="0" failures="0" skipped="0" tests="3" time="1.011" timestamp="2026-08-02T06:29:24.233822+00:00" hostname="agent-env-d1ff486f-1788-4f08-a4a7-301df0a691a6"><testcase classname="backend.tests.test_content_cap_fix" name="test_admin_list_not_capped" time="0.425" /><testcase classname="backend.tests.test_content_cap_fix" name="test_create_and_verify_appears" time="0.422" /><testcase classname="backend.tests.test_content_cap_fix" name="test_per_topic_query" time="0.115" /></testsuite></testsuites>