<?xml version="1.0" encoding="utf-8"?><testsuites name="pytest tests"><testsuite name="pytest" errors="0" failures="0" skipped="0" tests="16" time="6.832" timestamp="2026-08-21T12:31:22.900363+00:00" hostname="agent-env-ac2128ea-5bd2-489b-a1d2-32e234baf463"><testcase classname="tests.test_curricula.TestCurriculaList" name="test_unauthenticated_requires_auth" time="0.152" /><testcase classname="tests.test_curricula.TestCurriculaList" name="test_list_contains_both_curricula" time="0.260" /><testcase classname="tests.test_curricula.TestCurriculaList" name="test_admin_active_is_null" time="0.294" /><testcase classname="tests.test_curricula.TestCurriculaList" name="test_d2c_child_active_is_fl_only" time="0.142" /><testcase classname="tests.test_curricula.TestCurriculaTaggingAndScoping" name="test_topic_curricula_persisted" time="0.946" /><testcase classname="tests.test_curricula.TestCurriculaTaggingAndScoping" name="test_item_curricula_persisted" time="0.135" /><testcase classname="tests.test_curricula.TestCurriculaTaggingAndScoping" name="test_update_curricula_via_put" time="0.520" /><testcase classname="tests.test_curricula.TestCurriculaTaggingAndScoping" name="test_invalid_curricula_falls_back_to_default" time="0.271" /><testcase classname="tests.test_curricula.TestCurriculaTaggingAndScoping" name="test_admin_sees_ent_topic" time="0.181" /><testcase classname="tests.test_curricula.TestCurriculaTaggingAndScoping" name="test_d2c_child_does_not_see_ent_topic" time="0.152" /><testcase classname="tests.test_curricula.TestCurriculaTaggingAndScoping" name="test_d2c_child_topic_detail_hides_ent_content" time="0.698" /><testcase classname="tests.test_curricula.TestSchoolCurriculaDelivery" name="test_school_only_fl_child_cannot_see_ent" time="0.988" /><testcase classname="tests.test_curricula.TestSchoolCurriculaDelivery" name="test_enable_ent_persists_and_child_sees_it" time="0.706" /><testcase classname="tests.test_curricula.TestSchoolCurriculaDelivery" name="test_curriculum_query_filter" time="0.627" /><testcase classname="tests.test_curricula.TestSchoolCurriculaDelivery" name="test_empty_curricula_list_falls_back" time="0.123" /><testcase classname="tests.test_curricula.TestSchoolCurriculaDelivery" name="test_non_admin_cannot_set_school_curricula" time="0.585" /></testsuite></testsuites>