<?xml version="1.0" encoding="utf-8"?><testsuites name="pytest tests"><testsuite name="pytest" errors="0" failures="0" skipped="0" tests="3" time="1.041" timestamp="2026-08-06T11:06:13.729592+00:00" hostname="agent-env-d1ff486f-1788-4f08-a4a7-301df0a691a6"><testcase classname="backend.tests.test_duplicate_content" name="test_duplicate_copies_all_fields" time="0.415" /><testcase classname="backend.tests.test_duplicate_content" name="test_duplicate_missing_id_returns_404" time="0.058" /><testcase classname="backend.tests.test_duplicate_content" name="test_edit_copy_does_not_affect_original" time="0.512" /></testsuite></testsuites>