<?xml version="1.0" encoding="utf-8"?><testsuites name="pytest tests"><testsuite name="pytest" errors="0" failures="0" skipped="0" tests="6" time="0.321" timestamp="2026-01-29T17:55:23.534363+00:00" hostname="agent-env-f66d43dc-941e-4fc9-8f56-64661e99ddad"><testcase classname="backend.tests.test_expired_quests.TestExpiredQuestBackend" name="test_get_quests_returns_200" time="0.060" /><testcase classname="backend.tests.test_expired_quests.TestExpiredQuestBackend" name="test_expired_quest_has_correct_status" time="0.041" /><testcase classname="backend.tests.test_expired_quests.TestExpiredQuestBackend" name="test_active_quest_not_expired" time="0.042" /><testcase classname="backend.tests.test_expired_quests.TestExpiredQuestBackend" name="test_completed_quest_not_expired" time="0.044" /><testcase classname="backend.tests.test_expired_quests.TestExpiredQuestBackend" name="test_quest_ordering_active_expired_completed" time="0.041" /><testcase classname="backend.tests.test_expired_quests.TestExpiredQuestBackend" name="test_expired_quest_due_date_in_past" time="0.040" /></testsuite></testsuites>