<?xml version="1.0" encoding="utf-8"?><testsuites name="pytest tests"><testsuite name="pytest" errors="0" failures="0" skipped="0" tests="19" time="3.275" timestamp="2026-02-16T11:55:00.326869+00:00" hostname="agent-env-8acb4b5c-2e8d-411a-a081-497fa437eaab"><testcase classname="backend.tests.test_glossary.TestGlossaryPublicEndpoints" name="test_get_glossary_words_authenticated" time="0.129" /><testcase classname="backend.tests.test_glossary.TestGlossaryPublicEndpoints" name="test_get_glossary_words_unauthenticated" time="1.034" /><testcase classname="backend.tests.test_glossary.TestGlossaryPublicEndpoints" name="test_get_glossary_words_search" time="0.079" /><testcase classname="backend.tests.test_glossary.TestGlossaryPublicEndpoints" name="test_get_glossary_words_letter_filter" time="0.067" /><testcase classname="backend.tests.test_glossary.TestGlossaryPublicEndpoints" name="test_get_glossary_words_category_filter" time="0.053" /><testcase classname="backend.tests.test_glossary.TestGlossaryPublicEndpoints" name="test_get_single_word" time="0.108" /><testcase classname="backend.tests.test_glossary.TestGlossaryPublicEndpoints" name="test_get_single_word_not_found" time="0.047" /><testcase classname="backend.tests.test_glossary.TestGlossaryPublicEndpoints" name="test_get_word_of_day" time="0.050" /><testcase classname="backend.tests.test_glossary.TestGlossaryAdminEndpoints" name="test_admin_get_all_words" time="0.053" /><testcase classname="backend.tests.test_glossary.TestGlossaryAdminEndpoints" name="test_admin_create_word" time="0.157" /><testcase classname="backend.tests.test_glossary.TestGlossaryAdminEndpoints" name="test_admin_create_word_missing_term" time="0.047" /><testcase classname="backend.tests.test_glossary.TestGlossaryAdminEndpoints" name="test_admin_create_duplicate_word" time="0.053" /><testcase classname="backend.tests.test_glossary.TestGlossaryAdminEndpoints" name="test_admin_update_word" time="0.203" /><testcase classname="backend.tests.test_glossary.TestGlossaryAdminEndpoints" name="test_admin_update_word_not_found" time="0.051" /><testcase classname="backend.tests.test_glossary.TestGlossaryAdminEndpoints" name="test_admin_delete_word" time="0.158" /><testcase classname="backend.tests.test_glossary.TestGlossaryAdminEndpoints" name="test_admin_delete_word_not_found" time="0.051" /><testcase classname="backend.tests.test_glossary.TestGlossaryAdminAuth" name="test_admin_endpoints_require_auth" time="0.253" /><testcase classname="backend.tests.test_glossary.TestGlossaryDataIntegrity" name="test_word_first_letter_auto_set" time="0.160" /><testcase classname="backend.tests.test_glossary.TestGlossaryDataIntegrity" name="test_word_timestamps" time="0.431" /></testsuite></testsuites>