<?xml version="1.0" encoding="utf-8"?><testsuites name="pytest tests"><testsuite name="pytest" errors="0" failures="16" skipped="0" tests="19" time="1.807" timestamp="2026-02-16T11:54:32.721652+00:00" hostname="agent-env-8acb4b5c-2e8d-411a-a081-497fa437eaab"><testcase classname="backend.tests.test_glossary.TestGlossaryPublicEndpoints" name="test_get_glossary_words_authenticated" time="0.227"><failure message="AssertionError: Expected 200, got 401: {&quot;detail&quot;:&quot;Session expired&quot;}&#10;assert 401 == 200&#10; +  where 401 = &lt;Response [401]&gt;.status_code">backend/tests/test_glossary.py:44: in test_get_glossary_words_authenticated
    assert response.status_code == 200, f"Expected 200, got {response.status_code}: {response.text}"
E   AssertionError: Expected 200, got 401: {"detail":"Session expired"}
E   assert 401 == 200
E    +  where 401 = &lt;Response [401]&gt;.status_code</failure></testcase><testcase classname="backend.tests.test_glossary.TestGlossaryPublicEndpoints" name="test_get_glossary_words_unauthenticated" time="0.111" /><testcase classname="backend.tests.test_glossary.TestGlossaryPublicEndpoints" name="test_get_glossary_words_search" time="0.304"><failure message="assert 401 == 200&#10; +  where 401 = &lt;Response [401]&gt;.status_code">backend/tests/test_glossary.py:62: in test_get_glossary_words_search
    assert response.status_code == 200
E   assert 401 == 200
E    +  where 401 = &lt;Response [401]&gt;.status_code</failure></testcase><testcase classname="backend.tests.test_glossary.TestGlossaryPublicEndpoints" name="test_get_glossary_words_letter_filter" time="0.048"><failure message="assert 401 == 200&#10; +  where 401 = &lt;Response [401]&gt;.status_code">backend/tests/test_glossary.py:73: in test_get_glossary_words_letter_filter
    assert response.status_code == 200
E   assert 401 == 200
E    +  where 401 = &lt;Response [401]&gt;.status_code</failure></testcase><testcase classname="backend.tests.test_glossary.TestGlossaryPublicEndpoints" name="test_get_glossary_words_category_filter" time="0.059"><failure message="assert 401 == 200&#10; +  where 401 = &lt;Response [401]&gt;.status_code">backend/tests/test_glossary.py:83: in test_get_glossary_words_category_filter
    assert response.status_code == 200
E   assert 401 == 200
E    +  where 401 = &lt;Response [401]&gt;.status_code</failure></testcase><testcase classname="backend.tests.test_glossary.TestGlossaryPublicEndpoints" name="test_get_single_word" time="0.047"><failure message="assert 401 == 200&#10; +  where 401 = &lt;Response [401]&gt;.status_code">backend/tests/test_glossary.py:94: in test_get_single_word
    assert list_response.status_code == 200
E   assert 401 == 200
E    +  where 401 = &lt;Response [401]&gt;.status_code</failure></testcase><testcase classname="backend.tests.test_glossary.TestGlossaryPublicEndpoints" name="test_get_single_word_not_found" time="0.050" /><testcase classname="backend.tests.test_glossary.TestGlossaryPublicEndpoints" name="test_get_word_of_day" time="0.047"><failure message="assert 401 == 200&#10; +  where 401 = &lt;Response [401]&gt;.status_code">backend/tests/test_glossary.py:115: in test_get_word_of_day
    assert response.status_code == 200
E   assert 401 == 200
E    +  where 401 = &lt;Response [401]&gt;.status_code</failure></testcase><testcase classname="backend.tests.test_glossary.TestGlossaryAdminEndpoints" name="test_admin_get_all_words" time="0.051"><failure message="assert 401 == 200&#10; +  where 401 = &lt;Response [401]&gt;.status_code">backend/tests/test_glossary.py:130: in test_admin_get_all_words
    assert response.status_code == 200
E   assert 401 == 200
E    +  where 401 = &lt;Response [401]&gt;.status_code</failure></testcase><testcase classname="backend.tests.test_glossary.TestGlossaryAdminEndpoints" name="test_admin_create_word" time="0.051"><failure message="AssertionError: Expected 200, got 401: {&quot;detail&quot;:&quot;Session expired&quot;}&#10;assert 401 == 200&#10; +  where 401 = &lt;Response [401]&gt;.status_code">backend/tests/test_glossary.py:151: in test_admin_create_word
    assert response.status_code == 200, f"Expected 200, got {response.status_code}: {response.text}"
E   AssertionError: Expected 200, got 401: {"detail":"Session expired"}
E   assert 401 == 200
E    +  where 401 = &lt;Response [401]&gt;.status_code</failure></testcase><testcase classname="backend.tests.test_glossary.TestGlossaryAdminEndpoints" name="test_admin_create_word_missing_term" time="0.049"><failure message="assert 401 == 400&#10; +  where 401 = &lt;Response [401]&gt;.status_code">backend/tests/test_glossary.py:180: in test_admin_create_word_missing_term
    assert response.status_code == 400
E   assert 401 == 400
E    +  where 401 = &lt;Response [401]&gt;.status_code</failure></testcase><testcase classname="backend.tests.test_glossary.TestGlossaryAdminEndpoints" name="test_admin_create_duplicate_word" time="0.053"><failure message="assert 401 == 400&#10; +  where 401 = &lt;Response [401]&gt;.status_code">backend/tests/test_glossary.py:193: in test_admin_create_duplicate_word
    assert response.status_code == 400
E   assert 401 == 400
E    +  where 401 = &lt;Response [401]&gt;.status_code</failure></testcase><testcase classname="backend.tests.test_glossary.TestGlossaryAdminEndpoints" name="test_admin_update_word" time="0.049"><failure message="assert 401 == 200&#10; +  where 401 = &lt;Response [401]&gt;.status_code">backend/tests/test_glossary.py:207: in test_admin_update_word
    assert create_response.status_code == 200
E   assert 401 == 200
E    +  where 401 = &lt;Response [401]&gt;.status_code</failure></testcase><testcase classname="backend.tests.test_glossary.TestGlossaryAdminEndpoints" name="test_admin_update_word_not_found" time="0.052"><failure message="assert 401 == 404&#10; +  where 401 = &lt;Response [401]&gt;.status_code">backend/tests/test_glossary.py:239: in test_admin_update_word_not_found
    assert response.status_code == 404
E   assert 401 == 404
E    +  where 401 = &lt;Response [401]&gt;.status_code</failure></testcase><testcase classname="backend.tests.test_glossary.TestGlossaryAdminEndpoints" name="test_admin_delete_word" time="0.051"><failure message="assert 401 == 200&#10; +  where 401 = &lt;Response [401]&gt;.status_code">backend/tests/test_glossary.py:252: in test_admin_delete_word
    assert create_response.status_code == 200
E   assert 401 == 200
E    +  where 401 = &lt;Response [401]&gt;.status_code</failure></testcase><testcase classname="backend.tests.test_glossary.TestGlossaryAdminEndpoints" name="test_admin_delete_word_not_found" time="0.048"><failure message="assert 401 == 404&#10; +  where 401 = &lt;Response [401]&gt;.status_code">backend/tests/test_glossary.py:267: in test_admin_delete_word_not_found
    assert response.status_code == 404
E   assert 401 == 404
E    +  where 401 = &lt;Response [401]&gt;.status_code</failure></testcase><testcase classname="backend.tests.test_glossary.TestGlossaryAdminAuth" name="test_admin_endpoints_require_auth" time="0.203" /><testcase classname="backend.tests.test_glossary.TestGlossaryDataIntegrity" name="test_word_first_letter_auto_set" time="0.050"><failure message="assert 401 == 200&#10; +  where 401 = &lt;Response [401]&gt;.status_code">backend/tests/test_glossary.py:305: in test_word_first_letter_auto_set
    assert response.status_code == 200
E   assert 401 == 200
E    +  where 401 = &lt;Response [401]&gt;.status_code</failure></testcase><testcase classname="backend.tests.test_glossary.TestGlossaryDataIntegrity" name="test_word_timestamps" time="0.099"><failure message="assert 401 == 200&#10; +  where 401 = &lt;Response [401]&gt;.status_code">backend/tests/test_glossary.py:326: in test_word_timestamps
    assert response.status_code == 200
E   assert 401 == 200
E    +  where 401 = &lt;Response [401]&gt;.status_code</failure></testcase></testsuite></testsuites>