<?xml version="1.0" encoding="utf-8"?><testsuites name="pytest tests"><testsuite name="pytest" errors="0" failures="0" skipped="0" tests="9" time="0.777" timestamp="2026-02-08T13:16:36.815344+00:00" hostname="agent-env-60ad2007-aa2a-4017-8e68-28aa166b260b"><testcase classname="backend.tests.test_google_oauth.TestGoogleOAuthFlow" name="test_landing_page_loads" time="0.095" /><testcase classname="backend.tests.test_google_oauth.TestGoogleOAuthFlow" name="test_google_login_redirects_to_google" time="0.046" /><testcase classname="backend.tests.test_google_oauth.TestGoogleOAuthFlow" name="test_google_callback_endpoint_exists" time="0.048" /><testcase classname="backend.tests.test_google_oauth.TestGoogleOAuthFlow" name="test_admin_login_success" time="0.068" /><testcase classname="backend.tests.test_google_oauth.TestGoogleOAuthFlow" name="test_admin_login_invalid_credentials" time="0.036" /><testcase classname="backend.tests.test_google_oauth.TestGoogleOAuthFlow" name="test_auth_me_with_admin_session" time="0.091" /><testcase classname="backend.tests.test_google_oauth.TestGoogleOAuthFlow" name="test_frontend_auth_callback_route_exists" time="0.043" /><testcase classname="backend.tests.test_google_oauth.TestGoogleOAuthFlow" name="test_frontend_auth_callback_with_session_param" time="0.044" /><testcase classname="backend.tests.test_google_oauth.TestGoogleOAuthFlow" name="test_logout_endpoint" time="0.097" /></testsuite></testsuites>