<?xml version="1.0" encoding="utf-8"?><testsuites name="pytest tests"><testsuite name="pytest" errors="0" failures="1" skipped="0" tests="8" time="1.248" timestamp="2026-02-16T11:43:35.398536+00:00" hostname="agent-env-8acb4b5c-2e8d-411a-a081-497fa437eaab"><testcase classname="backend.tests.test_grade_filtering.TestGradeFilteringBackend" name="test_indian_rupee_topic_grade_3_returns_zero_items" time="0.222" /><testcase classname="backend.tests.test_grade_filtering.TestGradeFilteringBackend" name="test_indian_rupee_topic_grade_0_returns_seven_items" time="0.141" /><testcase classname="backend.tests.test_grade_filtering.TestGradeFilteringBackend" name="test_topics_list_with_grade_filter" time="0.156" /><testcase classname="backend.tests.test_grade_filtering.TestGradeFilteringBackend" name="test_topics_list_with_grade_0_filter" time="0.123" /><testcase classname="backend.tests.test_grade_filtering.TestGradeFilteringBackend" name="test_content_items_filtered_by_grade" time="0.147" /><testcase classname="backend.tests.test_grade_filtering.TestGradeFilteringBackend" name="test_no_grade_filter_returns_all_content" time="0.110"><failure message="AssertionError: Expected 7 content items without grade filter, got 9&#10;assert 9 == 7&#10; +  where 9 = len([{'content_data': {'pdf_url': '/api/uploads/pdfs/bfc84fb5209b4ff2.pdf'}, 'content_id': 'content_d08ee5937d95', 'content_type': 'book', 'created_at': '2026-02-07T08:42:22.687342+00:00', ...}, {'content_data': {'html_folder': '25d6955864674a2f', 'html_url': '/api/uploads/activities/25d6955864674a2f/story.html'}, 'content_id': 'content_90108cb5e262', 'content_type': 'book', 'created_at': '2026-02-10T07:24:02.826708+00:00', ...}, {'content_data': {'pdf_url': '/api/uploads/pdfs/dabe07a1b6104ad6.pdf'}, 'content_id': 'content_d65261165daf', 'content_type': 'workbook', 'created_at': '2026-02-10T04:41:35.603889+00:00', ...}, {'content_data': {'html_folder': '00af84aa5b234a41', 'html_url': '/api/uploads/activities/00af84aa5b234a41/index.html'}, 'content_id': 'content_ddc1142444ec', 'content_type': 'activity', 'created_at': '2026-02-07T08:56:11.990148+00:00', ...}, {'content_data': {'pdf_url': '/api/uploads/pdfs/54bead873f7a4185.pdf'}, 'content_id': 'content_86cc2c845e42', 'content_type': 'worksheet', 'created_at': '2026-02-07T16:18:22.807964+00:00', ...}, {'content_data': {'html_folder': 'c48dcc70dc2845cd', 'html_url': '/api/uploads/activities/c48dcc70dc2845cd/index.html'}, 'content_id': 'content_8fc8553432a7', 'content_type': 'activity', 'created_at': '2026-02-07T09:03:40.289821+00:00', ...}, ...])">backend/tests/test_grade_filtering.py:122: in test_no_grade_filter_returns_all_content
    assert len(content_items) == 7, f"Expected 7 content items without grade filter, got {len(content_items)}"
E   AssertionError: Expected 7 content items without grade filter, got 9
E   assert 9 == 7
E    +  where 9 = len([{'content_data': {'pdf_url': '/api/uploads/pdfs/bfc84fb5209b4ff2.pdf'}, 'content_id': 'content_d08ee5937d95', 'content_type': 'book', 'created_at': '2026-02-07T08:42:22.687342+00:00', ...}, {'content_data': {'html_folder': '25d6955864674a2f', 'html_url': '/api/uploads/activities/25d6955864674a2f/story.html'}, 'content_id': 'content_90108cb5e262', 'content_type': 'book', 'created_at': '2026-02-10T07:24:02.826708+00:00', ...}, {'content_data': {'pdf_url': '/api/uploads/pdfs/dabe07a1b6104ad6.pdf'}, 'content_id': 'content_d65261165daf', 'content_type': 'workbook', 'created_at': '2026-02-10T04:41:35.603889+00:00', ...}, {'content_data': {'html_folder': '00af84aa5b234a41', 'html_url': '/api/uploads/activities/00af84aa5b234a41/index.html'}, 'content_id': 'content_ddc1142444ec', 'content_type': 'activity', 'created_at': '2026-02-07T08:56:11.990148+00:00', ...}, {'content_data': {'pdf_url': '/api/uploads/pdfs/54bead873f7a4185.pdf'}, 'content_id': 'content_86cc2c845e42', 'content_type': 'worksheet', 'created_at': '2026-02-07T16:18:22.807964+00:00', ...}, {'content_data': {'html_folder': 'c48dcc70dc2845cd', 'html_url': '/api/uploads/activities/c48dcc70dc2845cd/index.html'}, 'content_id': 'content_8fc8553432a7', 'content_type': 'activity', 'created_at': '2026-02-07T09:03:40.289821+00:00', ...}, ...])</failure></testcase><testcase classname="backend.tests.test_grade_filtering.TestGradeFilteringURLPreservation" name="test_learn_page_topics_have_grade_param" time="0.125" /><testcase classname="backend.tests.test_grade_filtering.TestGradeFilteringURLPreservation" name="test_topic_detail_with_grade_param" time="0.101" /></testsuite></testsuites>