<?xml version="1.0" encoding="utf-8"?><testsuites name="pytest tests"><testsuite name="pytest" errors="0" failures="0" skipped="0" tests="8" time="1.164" timestamp="2026-02-16T11:43:52.122507+00:00" hostname="agent-env-8acb4b5c-2e8d-411a-a081-497fa437eaab"><testcase classname="backend.tests.test_grade_filtering.TestGradeFilteringBackend" name="test_indian_rupee_topic_grade_3_returns_zero_items" time="0.127" /><testcase classname="backend.tests.test_grade_filtering.TestGradeFilteringBackend" name="test_indian_rupee_topic_grade_0_returns_seven_items" time="0.158" /><testcase classname="backend.tests.test_grade_filtering.TestGradeFilteringBackend" name="test_topics_list_with_grade_filter" time="0.120" /><testcase classname="backend.tests.test_grade_filtering.TestGradeFilteringBackend" name="test_topics_list_with_grade_0_filter" time="0.164" /><testcase classname="backend.tests.test_grade_filtering.TestGradeFilteringBackend" name="test_content_items_filtered_by_grade" time="0.132" /><testcase classname="backend.tests.test_grade_filtering.TestGradeFilteringBackend" name="test_no_grade_filter_returns_all_content" time="0.123" /><testcase classname="backend.tests.test_grade_filtering.TestGradeFilteringURLPreservation" name="test_learn_page_topics_have_grade_param" time="0.170" /><testcase classname="backend.tests.test_grade_filtering.TestGradeFilteringURLPreservation" name="test_topic_detail_with_grade_param" time="0.108" /></testsuite></testsuites>