<?xml version="1.0" encoding="utf-8"?><testsuites name="pytest tests"><testsuite name="pytest" errors="0" failures="0" skipped="0" tests="5" time="1.868" timestamp="2026-09-12T06:05:14.425959+00:00" hostname="agent-env-36efa4a8-c5d1-4e45-970f-21007ea1702d"><testcase classname="backend.tests.test_child_homework_round2" name="test_homework_returns_teacher_name_and_reward_for_g3" time="0.348" /><testcase classname="backend.tests.test_child_homework_round2" name="test_homework_titles_include_testing_and_candy_shop" time="0.246" /><testcase classname="backend.tests.test_child_homework_round2" name="test_homework_g1_no_homework_still_returns_200" time="0.464" /><testcase classname="backend.tests.test_child_homework_round2" name="test_next_lesson_still_works_for_g1" time="0.271" /><testcase classname="backend.tests.test_child_homework_round2" name="test_homework_mark_done_video_type" time="0.484" /></testsuite></testsuites>