<?xml version="1.0" encoding="utf-8"?><testsuites name="pytest tests"><testsuite name="pytest" errors="0" failures="0" skipped="0" tests="4" time="0.704" timestamp="2026-08-07T13:17:51.305487+00:00" hostname="agent-env-225676e7-3b76-4ab6-beea-7b7aecffd16e"><testcase classname="backend.tests.test_homework_highlight" name="test_topic_without_highlight_excludes_grade_mismatch" time="0.288" /><testcase classname="backend.tests.test_homework_highlight" name="test_topic_with_highlight_includes_grade_mismatch" time="0.134" /><testcase classname="backend.tests.test_homework_highlight" name="test_child_homework_topic_ids_resolved" time="0.121" /><testcase classname="backend.tests.test_homework_highlight" name="test_candy_topic_contains_candy_content" time="0.109" /></testsuite></testsuites>