<?xml version="1.0" encoding="utf-8"?><testsuites name="pytest tests"><testsuite name="pytest" errors="0" failures="0" skipped="0" tests="9" time="2.115" timestamp="2026-08-06T13:11:17.235526+00:00" hostname="agent-env-d1ff486f-1788-4f08-a4a7-301df0a691a6"><testcase classname="backend.tests.test_school_delete_assign" name="test_teacher_has_password_flag" time="0.320" /><testcase classname="backend.tests.test_school_delete_assign" name="test_child_change_password_and_revert" time="0.538" /><testcase classname="backend.tests.test_school_delete_assign" name="test_seed_qa_data" time="0.188" /><testcase classname="backend.tests.test_school_delete_assign" name="test_dashboard_has_new_fields" time="0.065" /><testcase classname="backend.tests.test_school_delete_assign" name="test_delete_teacher_keeps_student_classless" time="0.127" /><testcase classname="backend.tests.test_school_delete_assign" name="test_assign_classless_student" time="0.127" /><testcase classname="backend.tests.test_school_delete_assign" name="test_delete_parent_keeps_children" time="0.125" /><testcase classname="backend.tests.test_school_delete_assign" name="test_delete_student" time="0.132" /><testcase classname="backend.tests.test_school_delete_assign" name="test_cleanup_remaining_qa" time="0.441" /></testsuite></testsuites>