<?xml version="1.0" encoding="utf-8"?><testsuites name="pytest tests"><testsuite name="pytest" errors="0" failures="0" skipped="0" tests="9" time="1.196" timestamp="2026-01-27T16:16:12.823209+00:00" hostname="agent-env-cf358091-b068-4ecc-990e-e1766534720d"><testcase classname="backend.tests.test_iteration_30_features.TestQuestSourceFilter" name="test_get_quests_all" time="0.091" /><testcase classname="backend.tests.test_iteration_30_features.TestQuestSourceFilter" name="test_get_quests_admin_filter" time="0.047" /><testcase classname="backend.tests.test_iteration_30_features.TestQuestSourceFilter" name="test_get_quests_teacher_filter" time="0.041" /><testcase classname="backend.tests.test_iteration_30_features.TestQuestSourceFilter" name="test_get_quests_parent_filter" time="0.042" /><testcase classname="backend.tests.test_iteration_30_features.TestQuestSubmitFeedback" name="test_quest_submit_returns_per_question_results" time="0.577" /><testcase classname="backend.tests.test_iteration_30_features.TestWalletTransactionTypes" name="test_wallet_transactions_endpoint" time="0.044" /><testcase classname="backend.tests.test_iteration_30_features.TestUserDeletion" name="test_user_deletion_cascades" time="0.207" /><testcase classname="backend.tests.test_iteration_30_features.TestQuestEndpointExists" name="test_child_quests_new_endpoint" time="0.040" /><testcase classname="backend.tests.test_iteration_30_features.TestQuestEndpointExists" name="test_quest_submit_endpoint_exists" time="0.043" /></testsuite></testsuites>