<?xml version="1.0" encoding="utf-8"?><testsuites name="pytest tests"><testsuite name="pytest" errors="0" failures="0" skipped="0" tests="5" time="1.058" timestamp="2026-08-02T06:48:30.450231+00:00" hostname="agent-env-d1ff486f-1788-4f08-a4a7-301df0a691a6"><testcase classname="backend.tests.test_content_cap_fix_v2" name="test_admin_all_items_over_500" time="0.254" /><testcase classname="backend.tests.test_content_cap_fix_v2" name="test_admin_per_topic_over_100" time="0.112" /><testcase classname="backend.tests.test_content_cap_fix_v2" name="test_user_topic_detail_over_100" time="0.107" /><testcase classname="backend.tests.test_content_cap_fix_v2" name="test_admin_topics_list_not_truncated" time="0.151" /><testcase classname="backend.tests.test_content_cap_fix_v2" name="test_regression_create_new_item_visible" time="0.378" /></testsuite></testsuites>