<?xml version="1.0" encoding="utf-8"?><testsuites name="pytest tests"><testsuite name="pytest" errors="0" failures="0" skipped="0" tests="14" time="45.839" timestamp="2026-03-17T08:28:43.612243+00:00" hostname="agent-env-40bb1d49-30a7-43e0-8c6b-e39f4b1ca570"><testcase classname="backend.tests.test_jobs_feature.TestJobsGuidebook" name="test_get_guidebook_as_admin" time="0.309" /><testcase classname="backend.tests.test_jobs_feature.TestJobsGuidebook" name="test_admin_update_guidebook" time="0.332" /><testcase classname="backend.tests.test_jobs_feature.TestChildJobsCRUD" name="test_child_create_family_job" time="0.410" /><testcase classname="backend.tests.test_jobs_feature.TestChildJobsCRUD" name="test_child_create_payday_job" time="0.434" /><testcase classname="backend.tests.test_jobs_feature.TestChildJobsCRUD" name="test_child_max_3_jobs_per_type" time="0.738" /><testcase classname="backend.tests.test_jobs_feature.TestChildJobsCRUD" name="test_child_get_jobs" time="0.625" /><testcase classname="backend.tests.test_jobs_feature.TestChildJobsCRUD" name="test_child_delete_pending_job" time="0.641" /><testcase classname="backend.tests.test_jobs_feature.TestParentJobOperations" name="test_parent_get_child_jobs" time="0.809" /><testcase classname="backend.tests.test_jobs_feature.TestParentJobOperations" name="test_parent_approve_family_job" time="0.856" /><testcase classname="backend.tests.test_jobs_feature.TestParentJobOperations" name="test_parent_approve_payday_job_with_payment" time="0.884" /><testcase classname="backend.tests.test_jobs_feature.TestParentJobOperations" name="test_parent_reject_job" time="0.931" /><testcase classname="backend.tests.test_jobs_feature.TestParentJobOperations" name="test_parent_pay_approved_job" time="1.157" /><testcase classname="backend.tests.test_jobs_feature.TestJobsErrorCases" name="test_child_cannot_delete_approved_job" time="0.966" /><testcase classname="backend.tests.test_jobs_feature.TestJobsErrorCases" name="test_payday_job_requires_positive_payment" time="36.668" /></testsuite></testsuites>