<?xml version="1.0" encoding="utf-8"?><testsuites name="pytest tests"><testsuite name="pytest" errors="0" failures="0" skipped="0" tests="6" time="2.354" timestamp="2026-01-27T15:25:02.634482+00:00" hostname="agent-env-cf358091-b068-4ecc-990e-e1766534720d"><testcase classname="backend.tests.test_join_classroom_fix.TestJoinClassroomFix" name="test_01_join_classroom_returns_teacher_info" time="1.988" /><testcase classname="backend.tests.test_join_classroom_fix.TestJoinClassroomFix" name="test_02_join_classroom_with_second_code" time="0.040" /><testcase classname="backend.tests.test_join_classroom_fix.TestJoinClassroomFix" name="test_03_get_student_classrooms_returns_teacher_info" time="0.044" /><testcase classname="backend.tests.test_join_classroom_fix.TestJoinClassroomFix" name="test_04_invalid_classroom_code_returns_404" time="0.046" /><testcase classname="backend.tests.test_join_classroom_fix.TestJoinClassroomFix" name="test_05_join_classroom_case_insensitive" time="0.040" /><testcase classname="backend.tests.test_join_classroom_fix.TestDefaultAvatars" name="test_01_auth_me_returns_user_without_picture" time="0.076" /></testsuite></testsuites>