<?xml version="1.0" encoding="utf-8"?><testsuites name="pytest tests"><testsuite name="pytest" errors="0" failures="0" skipped="0" tests="3" time="3.929" timestamp="2026-06-13T11:02:01.716826+00:00" hostname="agent-env-1866a70c-11a8-47ad-9e24-73f2993d397b"><testcase classname="backend.tests.test_know_it_sheet_and_move.TestKnowItSheetType" name="test_create_know_it_sheet_persists" time="0.774" /><testcase classname="backend.tests.test_know_it_sheet_and_move.TestKnowItSheetType" name="test_switch_content_type_round_trip" time="1.158" /><testcase classname="backend.tests.test_know_it_sheet_and_move.TestGradeScopedMoveCounts" name="test_grade_scoped_move_persists_and_counts_update" time="1.934" /></testsuite></testsuites>