<?xml version="1.0" encoding="utf-8"?><testsuites name="pytest tests"><testsuite name="pytest" errors="0" failures="0" skipped="0" tests="14" time="0.903" timestamp="2026-02-09T12:03:56.127334+00:00" hostname="agent-env-dcf8a355-38ec-4169-8f59-797ebb8573d1"><testcase classname="backend.tests.test_lending_final.TestLendingEligibility" name="test_child_grade4_eligible" time="0.096" /><testcase classname="backend.tests.test_lending_final.TestLendingEligibility" name="test_lending_limits" time="0.040" /><testcase classname="backend.tests.test_lending_final.TestCreditScore" name="test_get_credit_score" time="0.048" /><testcase classname="backend.tests.test_lending_final.TestLoanRequestFlow" name="test_get_parents_for_lending" time="0.044" /><testcase classname="backend.tests.test_lending_final.TestLoanRequestFlow" name="test_create_loan_request_to_parent" time="0.044" /><testcase classname="backend.tests.test_lending_final.TestLoanRequestFlow" name="test_get_sent_requests" time="0.041" /><testcase classname="backend.tests.test_lending_final.TestLoanRequestFlow" name="test_parent_receives_loan_request" time="0.048" /><testcase classname="backend.tests.test_lending_final.TestLoanResponseActions" name="test_parent_reject_loan" time="0.080" /><testcase classname="backend.tests.test_lending_final.TestLoanResponseActions" name="test_parent_counter_offer" time="0.087" /><testcase classname="backend.tests.test_lending_final.TestLoanResponseActions" name="test_parent_accept_loan" time="0.122" /><testcase classname="backend.tests.test_lending_final.TestBorrowingLoans" name="test_get_borrowing_loans" time="0.042" /><testcase classname="backend.tests.test_lending_final.TestLendingLoans" name="test_get_lending_loans" time="0.045" /><testcase classname="backend.tests.test_lending_final.TestLendingSummary" name="test_get_lending_summary" time="0.047" /><testcase classname="backend.tests.test_lending_final.TestParentChildLoansView" name="test_parent_view_child_loans" time="0.041" /></testsuite></testsuites>