<?xml version="1.0" encoding="utf-8"?><testsuites name="pytest tests"><testsuite name="pytest" errors="0" failures="0" skipped="6" tests="31" time="14.594" timestamp="2026-08-22T13:51:26.044607+00:00" hostname="agent-env-ac2128ea-5bd2-489b-a1d2-32e234baf463"><testcase classname="tests.test_live_classes.TestAdminCRUD" name="test_create_and_fields" time="1.387" /><testcase classname="tests.test_live_classes.TestAdminCRUD" name="test_create_requires_title_and_time" time="0.281" /><testcase classname="tests.test_live_classes.TestAdminCRUD" name="test_list_non_admin_forbidden" time="0.221" /><testcase classname="tests.test_live_classes.TestAdminCRUD" name="test_list_unauthenticated_forbidden" time="0.128" /><testcase classname="tests.test_live_classes.TestAdminCRUD" name="test_create_non_admin_forbidden" time="0.103" /><testcase classname="tests.test_live_classes.TestAdminCRUD" name="test_update_persists" time="0.360" /><testcase classname="tests.test_live_classes.TestAdminCRUD" name="test_update_empty_body_400" time="0.227" /><testcase classname="tests.test_live_classes.TestAdminCRUD" name="test_update_missing_404" time="0.116" /><testcase classname="tests.test_live_classes.TestAdminCRUD" name="test_delete_and_verify_removal" time="0.475" /><testcase classname="tests.test_live_classes.TestChildDelivery" name="test_unauthenticated_401" time="0.137" /><testcase classname="tests.test_live_classes.TestChildDelivery" name="test_matching_class_visible" time="0.277" /><testcase classname="tests.test_live_classes.TestChildDelivery" name="test_ent_only_class_hidden_from_fl_child" time="0.215" /><testcase classname="tests.test_live_classes.TestChildDelivery" name="test_grade_excluded_class_hidden" time="0.240" /><testcase classname="tests.test_live_classes.TestChildDelivery" name="test_grade_boundaries_inclusive" time="0.228" /><testcase classname="tests.test_live_classes.TestChildDelivery" name="test_unpublished_hidden_from_child_but_in_admin_list" time="0.367" /><testcase classname="tests.test_live_classes.TestChildDelivery" name="test_publish_toggle_reflects_for_child" time="0.422" /><testcase classname="tests.test_live_classes.TestChildDelivery" name="test_multi_curricula_tag_matches_fl_child" time="0.296" /><testcase classname="tests.test_live_classes.TestChildDelivery" name="test_grade_scoping_across_two_children" time="0.476" /><testcase classname="tests.test_live_classes.TestChildDelivery" name="test_results_sorted_by_scheduled_at" time="0.353" /><testcase classname="tests.test_live_classes.TestChildDelivery" name="test_past_class_with_recording_delivered" time="0.277" /><testcase classname="tests.test_live_classes.TestParentDelivery" name="test_parent_sees_class_matching_linked_child_grade" time="0.375" /><testcase classname="tests.test_live_classes.TestParentDelivery" name="test_parent_does_not_see_non_matching_grade" time="0.275" /><testcase classname="tests.test_live_classes.TestParentDelivery" name="test_parent_does_not_see_ent_only" time="0.227" /><testcase classname="tests.test_live_classes.TestParentDelivery" name="test_parent_does_not_see_draft" time="2.473" /><testcase classname="tests.test_live_classes.TestParentDelivery" name="test_parent_without_children_gets_empty" time="0.366" /><testcase classname="tests.test_live_classes.TestValidationGaps" name="test_non_numeric_grade_should_be_400" time="0.102"><skipped type="pytest.xfail" message="BUG: non-numeric min_grade/duration raises unhandled ValueError -&gt; 500" /></testcase><testcase classname="tests.test_live_classes.TestValidationGaps" name="test_put_non_numeric_duration_should_be_400" time="0.239"><skipped type="pytest.xfail" message="BUG: PUT with non-numeric duration_minutes -&gt; 500" /></testcase><testcase classname="tests.test_live_classes.TestValidationGaps" name="test_invalid_datetime_should_be_rejected" time="0.098"><skipped type="pytest.xfail" message="GAP: scheduled_at stored verbatim, no ISO validation" /></testcase><testcase classname="tests.test_live_classes.TestValidationGaps" name="test_whitespace_title_should_be_rejected" time="0.129"><skipped type="pytest.xfail" message="GAP: whitespace-only title accepted" /></testcase><testcase classname="tests.test_live_classes.TestValidationGaps" name="test_min_greater_than_max_should_be_rejected" time="0.111"><skipped type="pytest.xfail" message="GAP: min_grade &gt; max_grade accepted (class is then invisible to everyone)" /></testcase><testcase classname="tests.test_live_classes.TestValidationGaps" name="test_unsafe_meeting_link_should_be_rejected" time="3.521"><skipped type="pytest.xfail" message="GAP: meeting_link/recording_url scheme not validated (javascript: accepted)" /></testcase></testsuite></testsuites>