<?xml version="1.0" encoding="utf-8"?><testsuites name="pytest tests"><testsuite name="pytest" errors="0" failures="0" skipped="0" tests="5" time="3.294" timestamp="2026-08-22T13:46:13.703109+00:00" hostname="agent-env-ac2128ea-5bd2-489b-a1d2-32e234baf463"><testcase classname="tests.test_live_classes.TestParentDelivery" name="test_parent_sees_class_matching_linked_child_grade" time="1.474" /><testcase classname="tests.test_live_classes.TestParentDelivery" name="test_parent_does_not_see_non_matching_grade" time="0.231" /><testcase classname="tests.test_live_classes.TestParentDelivery" name="test_parent_does_not_see_ent_only" time="0.307" /><testcase classname="tests.test_live_classes.TestParentDelivery" name="test_parent_does_not_see_draft" time="0.255" /><testcase classname="tests.test_live_classes.TestParentDelivery" name="test_parent_without_children_gets_empty" time="0.953" /></testsuite></testsuites>