<?xml version="1.0" encoding="utf-8"?><testsuites name="pytest tests"><testsuite name="pytest" errors="0" failures="0" skipped="0" tests="3" time="0.990" timestamp="2026-08-05T08:29:13.661872+00:00" hostname="agent-env-d1ff486f-1788-4f08-a4a7-301df0a691a6"><testcase classname="backend.tests.test_school_teacher_student_mapping.TestLinkExistingAutoMaps" name="test_link_existing_maps_all_six" time="0.380" /><testcase classname="backend.tests.test_school_teacher_student_mapping.TestSkipPathOtherSchool" name="test_skip_cara_other_school" time="0.322" /><testcase classname="backend.tests.test_school_teacher_student_mapping.TestForwardJoinClassroom" name="test_child_join_classroom_auto_maps" time="0.158" /></testsuite></testsuites>