<?xml version="1.0" encoding="utf-8"?><testsuites name="pytest tests"><testsuite name="pytest" errors="0" failures="0" skipped="0" tests="6" time="4.096" timestamp="2026-02-20T14:42:05.189767+00:00" hostname="agent-env-6067efd4-3156-45e1-94e5-478b8f3bc740"><testcase classname="backend.tests.test_mcq_answer_validation.TestMCQAnswerValidation" name="test_mcq_letter_to_text_conversion" time="0.810" /><testcase classname="backend.tests.test_mcq_answer_validation.TestMCQAnswerValidation" name="test_mcq_wrong_answer" time="0.681" /><testcase classname="backend.tests.test_mcq_answer_validation.TestMultiSelectValidation" name="test_multi_select_correct" time="0.747" /><testcase classname="backend.tests.test_mcq_answer_validation.TestTrueFalseValidation" name="test_true_false_case_insensitive" time="0.766" /><testcase classname="backend.tests.test_mcq_answer_validation.TestNumberEntryValidation" name="test_number_entry_float" time="0.626" /><testcase classname="backend.tests.test_mcq_answer_validation.TestTeacherRepositoryGradeFilter" name="test_repository_accepts_grade_param" time="0.333" /></testsuite></testsuites>