<?xml version="1.0" encoding="utf-8"?><testsuites name="pytest tests"><testsuite name="pytest" errors="0" failures="0" skipped="10" tests="10" time="1.214" timestamp="2026-02-20T14:31:14.511503+00:00" hostname="agent-env-6067efd4-3156-45e1-94e5-478b8f3bc740"><testcase classname="backend.tests.test_mcq_answer_validation.TestMCQAnswerValidation" name="test_mcq_correct_answer_letter_vs_text" time="0.295"><skipped type="pytest.skip" message="Teacher login failed: 422 - {&quot;detail&quot;:[{&quot;type&quot;:&quot;missing&quot;,&quot;loc&quot;:[&quot;body&quot;,&quot;identifier&quot;],&quot;msg&quot;:&quot;Field required&quot;,&quot;input&quot;:{&quot;email&quot;:&quot;test.grade.teacher@example.com&quot;,&quot;password&quot;:&quot;testteacher123&quot;},&quot;url&quot;:&quot;https://errors.pydantic.dev/2.12/v/missing&quot;}]}">/app/backend/tests/test_mcq_answer_validation.py:61: Teacher login failed: 422 - {"detail":[{"type":"missing","loc":["body","identifier"],"msg":"Field required","input":{"email":"test.grade.teacher@example.com","password":"testteacher123"},"url":"https://errors.pydantic.dev/2.12/v/missing"}]}</skipped></testcase><testcase classname="backend.tests.test_mcq_answer_validation.TestMCQAnswerValidation" name="test_mcq_wrong_answer" time="0.000"><skipped type="pytest.skip" message="Teacher login failed: 422 - {&quot;detail&quot;:[{&quot;type&quot;:&quot;missing&quot;,&quot;loc&quot;:[&quot;body&quot;,&quot;identifier&quot;],&quot;msg&quot;:&quot;Field required&quot;,&quot;input&quot;:{&quot;email&quot;:&quot;test.grade.teacher@example.com&quot;,&quot;password&quot;:&quot;testteacher123&quot;},&quot;url&quot;:&quot;https://errors.pydantic.dev/2.12/v/missing&quot;}]}">/app/backend/tests/test_mcq_answer_validation.py:133: Teacher login failed: 422 - {"detail":[{"type":"missing","loc":["body","identifier"],"msg":"Field required","input":{"email":"test.grade.teacher@example.com","password":"testteacher123"},"url":"https://errors.pydantic.dev/2.12/v/missing"}]}</skipped></testcase><testcase classname="backend.tests.test_mcq_answer_validation.TestMultiSelectAnswerValidation" name="test_multi_select_correct_answers" time="0.163"><skipped type="pytest.skip" message="Teacher login failed: 422">/app/backend/tests/test_mcq_answer_validation.py:227: Teacher login failed: 422</skipped></testcase><testcase classname="backend.tests.test_mcq_answer_validation.TestMultiSelectAnswerValidation" name="test_multi_select_partial_wrong" time="0.000"><skipped type="pytest.skip" message="Teacher login failed: 422">/app/backend/tests/test_mcq_answer_validation.py:279: Teacher login failed: 422</skipped></testcase><testcase classname="backend.tests.test_mcq_answer_validation.TestTrueFalseValidation" name="test_true_false_correct" time="0.183"><skipped type="pytest.skip" message="Teacher login failed: 422">/app/backend/tests/test_mcq_answer_validation.py:370: Teacher login failed: 422</skipped></testcase><testcase classname="backend.tests.test_mcq_answer_validation.TestTrueFalseValidation" name="test_true_false_case_insensitive" time="0.000"><skipped type="pytest.skip" message="Teacher login failed: 422">/app/backend/tests/test_mcq_answer_validation.py:417: Teacher login failed: 422</skipped></testcase><testcase classname="backend.tests.test_mcq_answer_validation.TestNumberEntryValidation" name="test_number_entry_correct" time="0.191"><skipped type="pytest.skip" message="Teacher login failed: 422">/app/backend/tests/test_mcq_answer_validation.py:506: Teacher login failed: 422</skipped></testcase><testcase classname="backend.tests.test_mcq_answer_validation.TestNumberEntryValidation" name="test_number_entry_float_comparison" time="0.000"><skipped type="pytest.skip" message="Teacher login failed: 422">/app/backend/tests/test_mcq_answer_validation.py:553: Teacher login failed: 422</skipped></testcase><testcase classname="backend.tests.test_mcq_answer_validation.TestTeacherRepositoryGradeFilter" name="test_repository_grade_filter" time="0.150"><skipped type="pytest.skip" message="Teacher login failed: 422">/app/backend/tests/test_mcq_answer_validation.py:618: Teacher login failed: 422</skipped></testcase><testcase classname="backend.tests.test_mcq_answer_validation.TestMixedQuestionTypeQuest" name="test_mixed_questions_all_correct" time="0.141"><skipped type="pytest.skip" message="Teacher login failed: 422">/app/backend/tests/test_mcq_answer_validation.py:676: Teacher login failed: 422</skipped></testcase></testsuite></testsuites>