<?xml version="1.0" encoding="utf-8"?><testsuites name="pytest tests"><testsuite name="pytest" errors="0" failures="1" skipped="0" tests="39" time="4.868" timestamp="2026-08-23T05:43:20.684055+00:00" hostname="agent-env-ac2128ea-5bd2-489b-a1d2-32e234baf463"><testcase classname="tests.test_money_masters.TestAdminBatchCRUD" name="test_create_batch" time="0.223" /><testcase classname="tests.test_money_masters.TestAdminBatchCRUD" name="test_create_batch_end_before_start" time="0.047" /><testcase classname="tests.test_money_masters.TestAdminBatchCRUD" name="test_create_batch_zero_price" time="0.055" /><testcase classname="tests.test_money_masters.TestAdminBatchCRUD" name="test_create_batch_invalid_grade" time="0.044" /><testcase classname="tests.test_money_masters.TestAdminBatchCRUD" name="test_create_batch_blank_name" time="0.045" /><testcase classname="tests.test_money_masters.TestAdminBatchCRUD" name="test_create_batch_requires_admin" time="0.137" /><testcase classname="tests.test_money_masters.TestAdminBatchCRUD" name="test_update_batch" time="0.093" /><testcase classname="tests.test_money_masters.TestAdminBatchCRUD" name="test_update_batch_validation" time="0.221" /><testcase classname="tests.test_money_masters.TestAdminBatchCRUD" name="test_update_missing_batch_404" time="0.050" /><testcase classname="tests.test_money_masters.TestAdminBatchCRUD" name="test_toggle_open_closed" time="0.186" /><testcase classname="tests.test_money_masters.TestAdminBatchCRUD" name="test_delete_batch" time="0.217" /><testcase classname="tests.test_money_masters.TestParentBatchListing" name="test_batches_match_child_grade_only" time="0.226" /><testcase classname="tests.test_money_masters.TestParentBatchListing" name="test_batches_unlinked_child_404" time="0.082" /><testcase classname="tests.test_money_masters.TestParentBatchListing" name="test_batches_requires_parent_auth" time="0.045" /><testcase classname="tests.test_money_masters.TestCreateOrder" name="test_create_order_success" time="0.855" /><testcase classname="tests.test_money_masters.TestCreateOrder" name="test_create_order_grade_mismatch" time="0.045" /><testcase classname="tests.test_money_masters.TestCreateOrder" name="test_create_order_closed_batch" time="0.042" /><testcase classname="tests.test_money_masters.TestCreateOrder" name="test_create_order_unlinked_child" time="0.042" /><testcase classname="tests.test_money_masters.TestCreateOrder" name="test_create_order_unknown_batch" time="0.045" /><testcase classname="tests.test_money_masters.TestCreateOrder" name="test_create_order_requires_parent" time="0.049" /><testcase classname="tests.test_money_masters.TestVerifyPaymentBranching" name="test_money_masters_keeps_batch_end_date" time="0.110" /><testcase classname="tests.test_money_masters.TestVerifyPaymentBranching" name="test_money_masters_without_duration_field_does_not_crash" time="0.103" /><testcase classname="tests.test_money_masters.TestVerifyPaymentBranching" name="test_base_plan_recalculates_end_date_from_duration" time="0.097" /><testcase classname="tests.test_money_masters.TestVerifyPaymentBranching" name="test_bad_signature_rejected" time="0.097" /><testcase classname="tests.test_money_masters.TestVerifyPaymentBranching" name="test_double_verify_idempotent" time="0.142" /><testcase classname="tests.test_money_masters.TestVerifyPaymentBranching" name="test_unknown_order_404" time="0.103" /><testcase classname="tests.test_money_masters.TestCurriculumAccess" name="test_money_masters_only_child_sees_only_entrepreneurship" time="0.136" /><testcase classname="tests.test_money_masters.TestCurriculumAccess" name="test_money_masters_only_parent_sees_only_entrepreneurship" time="0.151" /><testcase classname="tests.test_money_masters.TestCurriculumAccess" name="test_money_masters_only_child_gets_no_financial_literacy_topics" time="0.179" /><testcase classname="tests.test_money_masters.TestCurriculumAccess" name="test_base_plan_only_child_sees_financial_literacy" time="0.139" /><testcase classname="tests.test_money_masters.TestCurriculumAccess" name="test_base_plan_only_parent_sees_financial_literacy" time="0.045" /><testcase classname="tests.test_money_masters.TestCurriculumAccess" name="test_both_plans_parent_sees_both" time="0.084" /><testcase classname="tests.test_money_masters.TestCurriculumAccess" name="test_child_of_base_plan_parent_keeps_fl_after_buying_money_masters" time="0.143"><failure message="AssertionError: child lost Financial Literacy after Money Masters purchase: {'money_entrepreneurship'}&#10;assert {'money_entrepreneurship'} == {'financial_l...epreneurship'}&#10;  &#10;  Extra items in the right set:&#10;  'financial_literacy'&#10;  Use -v to get more diff">E   AssertionError: child lost Financial Literacy after Money Masters purchase: {'money_entrepreneurship'}
    assert {'money_entrepreneurship'} == {'financial_l...epreneurship'}
      
      Extra items in the right set:
      'financial_literacy'
      Use -v to get more diff</failure></testcase><testcase classname="tests.test_money_masters.TestCurriculumAccess" name="test_anonymous_curricula_endpoint" time="0.103" /><testcase classname="tests.test_money_masters.TestMyBatchesAndAdminBadges" name="test_my_batches_returns_parent_subs" time="0.157" /><testcase classname="tests.test_money_masters.TestMyBatchesAndAdminBadges" name="test_my_batches_requires_parent" time="0.050" /><testcase classname="tests.test_money_masters.TestMyBatchesAndAdminBadges" name="test_admin_users_shows_money_masters_badge" time="0.049" /><testcase classname="tests.test_money_masters.TestMyBatchesAndAdminBadges" name="test_admin_users_shows_both_badges" time="0.052" /><testcase classname="tests.test_money_masters.TestMyBatchesAndAdminBadges" name="test_admin_users_status_regression" time="0.050" /></testsuite></testsuites>