<?xml version="1.0" encoding="utf-8"?><testsuites name="pytest tests"><testsuite name="pytest" errors="0" failures="0" skipped="0" tests="19" time="1.662" timestamp="2026-02-20T07:47:30.011286+00:00" hostname="agent-env-be9d23d7-9b43-4b26-bf22-16bb9925045c"><testcase classname="backend.tests.test_money_garden_ux.TestMoneyGardenFarmAPI" name="test_farm_endpoint_returns_200" time="0.239" /><testcase classname="backend.tests.test_money_garden_ux.TestMoneyGardenFarmAPI" name="test_farm_has_plots" time="0.053" /><testcase classname="backend.tests.test_money_garden_ux.TestMoneyGardenFarmAPI" name="test_farm_has_seeds" time="0.058" /><testcase classname="backend.tests.test_money_garden_ux.TestMoneyGardenFarmAPI" name="test_farm_has_inventory" time="0.056" /><testcase classname="backend.tests.test_money_garden_ux.TestMoneyGardenFarmAPI" name="test_farm_has_market_status" time="0.058" /><testcase classname="backend.tests.test_money_garden_ux.TestMoneyGardenFarmAPI" name="test_plot_has_required_fields" time="0.057" /><testcase classname="backend.tests.test_money_garden_ux.TestMoneyGardenFarmAPI" name="test_seed_has_details_for_dialog" time="0.068" /><testcase classname="backend.tests.test_money_garden_ux.TestMoneyGardenWallet" name="test_wallet_endpoint_returns_200" time="0.055" /><testcase classname="backend.tests.test_money_garden_ux.TestMoneyGardenWallet" name="test_wallet_has_investing_account" time="0.054" /><testcase classname="backend.tests.test_money_garden_ux.TestMoneyGardenTransactions" name="test_transactions_endpoint_returns_200" time="0.104" /><testcase classname="backend.tests.test_money_garden_ux.TestMoneyGardenTransactions" name="test_transactions_is_list" time="0.054" /><testcase classname="backend.tests.test_money_garden_ux.TestMoneyGardenPlantFlow" name="test_water_plant_requires_valid_plot" time="0.052" /><testcase classname="backend.tests.test_money_garden_ux.TestMoneyGardenPlantFlow" name="test_harvest_requires_ready_status" time="0.104" /><testcase classname="backend.tests.test_money_garden_ux.TestMoneyGardenSellFlow" name="test_sell_requires_market_open" time="0.119" /><testcase classname="backend.tests.test_money_garden_ux.TestMoneyGardenSellFlow" name="test_sell_validates_quantity" time="0.112" /><testcase classname="backend.tests.test_money_garden_ux.TestWholeNumberCalculations" name="test_seed_costs_are_whole_numbers" time="0.057" /><testcase classname="backend.tests.test_money_garden_ux.TestWholeNumberCalculations" name="test_market_prices_structure" time="0.058" /><testcase classname="backend.tests.test_money_garden_ux.TestWholeNumberCalculations" name="test_wallet_balance_format" time="0.057" /><testcase classname="backend.tests.test_money_garden_ux.TestGardenGradeRestriction" name="test_grade1_can_access_garden" time="0.068" /></testsuite></testsuites>