<?xml version="1.0" encoding="utf-8"?><testsuites name="pytest tests"><testsuite name="pytest" errors="0" failures="0" skipped="0" tests="6" time="0.933" timestamp="2026-08-07T16:08:10.182926+00:00" hostname="agent-env-225676e7-3b76-4ab6-beea-7b7aecffd16e"><testcase classname="backend.tests.test_my_wallet" name="test_get_my_wallet_structure" time="0.352" /><testcase classname="backend.tests.test_my_wallet" name="test_overspend_rejected" time="0.106" /><testcase classname="backend.tests.test_my_wallet" name="test_zero_amount_rejected" time="0.050" /><testcase classname="backend.tests.test_my_wallet" name="test_income_increases_balance" time="0.152" /><testcase classname="backend.tests.test_my_wallet" name="test_spend_decreases_balance" time="0.158" /><testcase classname="backend.tests.test_my_wallet" name="test_invalid_entry_type" time="0.052" /></testsuite></testsuites>