<?xml version="1.0" encoding="utf-8"?><testsuites name="pytest tests"><testsuite name="pytest" errors="0" failures="0" skipped="0" tests="23" time="5.044" timestamp="2026-08-07T16:48:45.375226+00:00" hostname="agent-env-225676e7-3b76-4ab6-beea-7b7aecffd16e"><testcase classname="backend.tests.test_my_wallet" name="test_get_my_wallet_structure" time="0.316" /><testcase classname="backend.tests.test_my_wallet" name="test_overspend_rejected" time="0.103" /><testcase classname="backend.tests.test_my_wallet" name="test_zero_amount_rejected" time="0.046" /><testcase classname="backend.tests.test_my_wallet" name="test_invalid_entry_type" time="0.045" /><testcase classname="backend.tests.test_my_wallet" name="test_income_increases_balance" time="0.148" /><testcase classname="backend.tests.test_my_wallet" name="test_spend_updates_breakdown" time="0.156" /><testcase classname="backend.tests.test_my_wallet" name="test_save_moves_to_savings_and_breakdown" time="0.247" /><testcase classname="backend.tests.test_my_wallet" name="test_give_moves_to_gifting_and_breakdown" time="0.226" /><testcase classname="backend.tests.test_my_wallet" name="test_pagination" time="0.092" /><testcase classname="backend.tests.test_my_wallet" name="test_parent_money_story" time="0.277" /><testcase classname="backend.tests.test_my_wallet" name="test_parent_unlinked_forbidden" time="0.056" /><testcase classname="backend.tests.test_my_wallet" name="test_save_to_specific_goal" time="0.323" /><testcase classname="backend.tests.test_my_wallet" name="test_save_to_invalid_goal_404" time="0.095" /><testcase classname="backend.tests.test_my_wallet" name="test_delete_manual_spend_restores_balance" time="0.311" /><testcase classname="backend.tests.test_my_wallet" name="test_delete_save_to_goal_reverses_goal" time="0.436" /><testcase classname="backend.tests.test_my_wallet" name="test_delete_manual_income_decreases_balance" time="0.235" /><testcase classname="backend.tests.test_my_wallet" name="test_delete_non_manual_rejected" time="0.137" /><testcase classname="backend.tests.test_my_wallet" name="test_delete_nonexistent_returns_404" time="0.045" /><testcase classname="backend.tests.test_my_wallet" name="test_edit_spend_amount_adjusts_balance_by_delta" time="0.427" /><testcase classname="backend.tests.test_my_wallet" name="test_edit_save_goal_adjusts_by_difference" time="0.595" /><testcase classname="backend.tests.test_my_wallet" name="test_edit_zero_amount_rejected" time="0.184" /><testcase classname="backend.tests.test_my_wallet" name="test_edit_non_manual_rejected" time="0.100" /><testcase classname="backend.tests.test_my_wallet" name="test_edit_exceeds_balance_rolls_back" time="0.346" /></testsuite></testsuites>