<?xml version="1.0" encoding="utf-8"?><testsuites name="pytest tests"><testsuite name="pytest" errors="0" failures="0" skipped="0" tests="11" time="1.781" timestamp="2026-08-07T16:28:40.708235+00:00" hostname="agent-env-225676e7-3b76-4ab6-beea-7b7aecffd16e"><testcase classname="backend.tests.test_my_wallet" name="test_get_my_wallet_structure" time="0.262" /><testcase classname="backend.tests.test_my_wallet" name="test_overspend_rejected" time="0.092" /><testcase classname="backend.tests.test_my_wallet" name="test_zero_amount_rejected" time="0.046" /><testcase classname="backend.tests.test_my_wallet" name="test_invalid_entry_type" time="0.050" /><testcase classname="backend.tests.test_my_wallet" name="test_income_increases_balance" time="0.155" /><testcase classname="backend.tests.test_my_wallet" name="test_spend_updates_breakdown" time="0.167" /><testcase classname="backend.tests.test_my_wallet" name="test_save_moves_to_savings_and_breakdown" time="0.233" /><testcase classname="backend.tests.test_my_wallet" name="test_give_moves_to_gifting_and_breakdown" time="0.261" /><testcase classname="backend.tests.test_my_wallet" name="test_pagination" time="0.094" /><testcase classname="backend.tests.test_my_wallet" name="test_parent_money_story" time="0.270" /><testcase classname="backend.tests.test_my_wallet" name="test_parent_unlinked_forbidden" time="0.080" /></testsuite></testsuites>