<?xml version="1.0" encoding="utf-8"?><testsuites name="pytest tests"><testsuite name="pytest" errors="0" failures="0" skipped="0" tests="5" time="0.251" timestamp="2026-09-12T05:35:54.392696+00:00" hostname="agent-env-36efa4a8-c5d1-4e45-970f-21007ea1702d"><testcase classname="backend.tests.test_next_lesson" name="test_next_lesson_grade3_child_returns_valid_shape" time="0.034" /><testcase classname="backend.tests.test_next_lesson" name="test_next_lesson_forbidden_for_non_child" time="0.010" /><testcase classname="backend.tests.test_next_lesson" name="test_next_lesson_unauthenticated" time="0.002" /><testcase classname="backend.tests.test_next_lesson" name="test_next_lesson_completed_today_matches_progress_count" time="0.019" /><testcase classname="backend.tests.test_next_lesson" name="test_completing_a_lesson_increments_completed_today" time="0.125" /></testsuite></testsuites>