<?xml version="1.0" encoding="utf-8"?><testsuites name="pytest tests"><testsuite name="pytest" errors="0" failures="0" skipped="0" tests="17" time="14.713" timestamp="2026-01-15T09:43:28.222603+00:00" hostname="agent-env-4fdfbb6d-55c7-427b-8c3a-7661aceb76df"><testcase classname="tests.test_notifications_classmates.TestNotificationEndpoints" name="test_get_notifications_empty" time="0.885" /><testcase classname="tests.test_notifications_classmates.TestNotificationEndpoints" name="test_mark_notifications_read" time="0.803" /><testcase classname="tests.test_notifications_classmates.TestNotificationEndpoints" name="test_delete_notification_not_found" time="0.829" /><testcase classname="tests.test_notifications_classmates.TestClassmatesEndpoint" name="test_get_classmates_no_classroom" time="0.805" /><testcase classname="tests.test_notifications_classmates.TestClassmatesEndpoint" name="test_get_classmates_requires_child_role" time="0.759" /><testcase classname="tests.test_notifications_classmates.TestGiftMoneyEndpoint" name="test_gift_money_requires_child_role" time="0.760" /><testcase classname="tests.test_notifications_classmates.TestGiftMoneyEndpoint" name="test_gift_money_invalid_amount" time="0.811" /><testcase classname="tests.test_notifications_classmates.TestGiftMoneyEndpoint" name="test_gift_money_recipient_not_found" time="0.848" /><testcase classname="tests.test_notifications_classmates.TestGiftRequestEndpoint" name="test_request_gift_requires_child_role" time="0.760" /><testcase classname="tests.test_notifications_classmates.TestGiftRequestEndpoint" name="test_request_gift_invalid_amount" time="0.832" /><testcase classname="tests.test_notifications_classmates.TestGiftRequestEndpoint" name="test_request_gift_recipient_not_found" time="0.826" /><testcase classname="tests.test_notifications_classmates.TestGiftRequestEndpoint" name="test_get_gift_requests" time="0.797" /><testcase classname="tests.test_notifications_classmates.TestGiftRequestEndpoint" name="test_respond_gift_request_not_found" time="0.808" /><testcase classname="tests.test_notifications_classmates.TestIntegratedGiftingFlow" name="test_complete_gift_flow" time="1.093" /><testcase classname="tests.test_notifications_classmates.TestIntegratedGiftingFlow" name="test_complete_gift_request_flow" time="1.067" /><testcase classname="tests.test_notifications_classmates.TestIntegratedGiftingFlow" name="test_gift_request_decline_flow" time="0.978" /><testcase classname="tests.test_notifications_classmates.TestClassmatesWithClassroom" name="test_classmates_shows_peer_info" time="0.948" /></testsuite></testsuites>