<?xml version="1.0" encoding="utf-8"?><testsuites name="pytest tests"><testsuite name="pytest" errors="0" failures="0" skipped="0" tests="11" time="0.685" timestamp="2026-01-27T05:11:50.655702+00:00" hostname="agent-env-ea243489-ace8-4e34-82c2-86113e5e0318"><testcase classname="tests.test_notification_bugs_v2.TestNotificationFieldNormalization" name="test_notifications_endpoint_returns_200" time="0.079" /><testcase classname="tests.test_notification_bugs_v2.TestNotificationFieldNormalization" name="test_notifications_have_normalized_type_field" time="0.043" /><testcase classname="tests.test_notification_bugs_v2.TestNotificationFieldNormalization" name="test_notifications_have_normalized_read_field" time="0.037" /><testcase classname="tests.test_notification_bugs_v2.TestNotificationFieldNormalization" name="test_notifications_have_title_fallback" time="0.045" /><testcase classname="tests.test_notification_bugs_v2.TestNotificationFieldNormalization" name="test_unread_count_is_integer" time="0.043" /><testcase classname="tests.test_notification_bugs_v2.TestMarkAllReadEndpoint" name="test_mark_all_read_returns_200" time="0.040" /><testcase classname="tests.test_notification_bugs_v2.TestMarkAllReadEndpoint" name="test_mark_all_read_returns_updated_count" time="0.042" /><testcase classname="tests.test_notification_bugs_v2.TestMarkAllReadEndpoint" name="test_mark_all_read_sets_unread_count_to_zero" time="0.085" /><testcase classname="tests.test_notification_bugs_v2.TestMarkAllReadEndpoint" name="test_mark_all_read_updates_all_notifications" time="0.079" /><testcase classname="tests.test_notification_bugs_v2.TestNotificationNavigation" name="test_notifications_have_navigation_info" time="0.041" /><testcase classname="tests.test_notification_bugs_v2.TestNotificationStructure" name="test_notification_has_required_fields" time="0.042" /></testsuite></testsuites>