<?xml version="1.0" encoding="utf-8"?><testsuites name="pytest tests"><testsuite name="pytest" errors="0" failures="0" skipped="0" tests="6" time="0.484" timestamp="2026-01-27T04:48:44.753466+00:00" hostname="agent-env-ea243489-ace8-4e34-82c2-86113e5e0318"><testcase classname="tests.test_notification_quest_bugs.TestQuestsAPI" name="test_quests_endpoint_returns_completion_fields" time="0.068" /><testcase classname="tests.test_notification_quest_bugs.TestQuestsAPI" name="test_active_quests_filter_logic" time="0.044" /><testcase classname="tests.test_notification_quest_bugs.TestNotificationsAPI" name="test_notifications_endpoint_structure" time="0.043" /><testcase classname="tests.test_notification_quest_bugs.TestNotificationsAPI" name="test_mark_all_read_endpoint" time="0.142" /><testcase classname="tests.test_notification_quest_bugs.TestNotificationsAPI" name="test_notification_has_required_fields" time="0.042" /><testcase classname="tests.test_notification_quest_bugs.TestQuestCompletionFlow" name="test_completed_quest_has_is_completed_true" time="0.046" /></testsuite></testsuites>