<?xml version="1.0" encoding="utf-8"?><testsuites name="pytest tests"><testsuite name="pytest" errors="0" failures="0" skipped="0" tests="9" time="8.387" timestamp="2026-03-30T14:00:08.375526+00:00" hostname="agent-env-0c73a36c-3234-41b8-a579-1bd5c81f2954"><testcase classname="backend.tests.test_progressive_unlock.TestProgressiveUnlock" name="test_topic_detail_returns_is_unlocked_for_subtopics" time="1.117" /><testcase classname="backend.tests.test_progressive_unlock.TestProgressiveUnlock" name="test_first_subtopic_always_unlocked" time="1.033" /><testcase classname="backend.tests.test_progressive_unlock.TestProgressiveUnlock" name="test_subsequent_subtopics_locked_until_previous_completed" time="1.039" /><testcase classname="backend.tests.test_progressive_unlock.TestProgressiveUnlock" name="test_content_items_have_is_unlocked" time="1.030" /><testcase classname="backend.tests.test_progressive_unlock.TestProgressiveUnlock" name="test_first_content_item_always_unlocked" time="0.969" /><testcase classname="backend.tests.test_progressive_unlock.TestProgressiveUnlock" name="test_subsequent_content_items_locked" time="0.878" /><testcase classname="backend.tests.test_progressive_unlock.TestProgressiveUnlock" name="test_topics_listing_returns_is_unlocked_for_subtopics" time="0.962" /><testcase classname="backend.tests.test_progressive_unlock.TestProgressiveUnlock" name="test_subtopic_counts_returned_without_fractions" time="1.185" /><testcase classname="backend.tests.test_progressive_unlock.TestAdminLogin" name="test_admin_login" time="0.107" /></testsuite></testsuites>