<?xml version="1.0" encoding="utf-8"?><testsuites name="pytest tests"><testsuite name="pytest" errors="0" failures="0" skipped="0" tests="9" time="1.890" timestamp="2026-08-05T01:51:34.252202+00:00" hostname="agent-env-d1ff486f-1788-4f08-a4a7-301df0a691a6"><testcase classname="backend.tests.test_teacher_archive.TestTeacherCannotDeleteClassroom" name="test_delete_classroom_returns_403" time="0.439" /><testcase classname="backend.tests.test_teacher_archive.TestTeacherCannotDeleteClassroom" name="test_delete_nonexistent_classroom_also_403" time="0.180" /><testcase classname="backend.tests.test_teacher_archive.TestQuestArchiveFlow" name="test_active_list_contains_quest" time="0.142" /><testcase classname="backend.tests.test_teacher_archive.TestQuestArchiveFlow" name="test_archive_quest" time="0.151" /><testcase classname="backend.tests.test_teacher_archive.TestQuestArchiveFlow" name="test_archived_absent_from_active_list" time="0.143" /><testcase classname="backend.tests.test_teacher_archive.TestQuestArchiveFlow" name="test_archived_present_in_archived_list" time="0.164" /><testcase classname="backend.tests.test_teacher_archive.TestQuestArchiveFlow" name="test_student_still_sees_quest_after_archive" time="0.332" /><testcase classname="backend.tests.test_teacher_archive.TestQuestArchiveFlow" name="test_unarchive_quest" time="0.146" /><testcase classname="backend.tests.test_teacher_archive.TestQuestArchiveFlow" name="test_active_list_contains_quest_after_unarchive" time="0.142" /></testsuite></testsuites>