<?xml version="1.0" encoding="utf-8"?><testsuites name="pytest tests"><testsuite name="pytest" errors="0" failures="0" skipped="0" tests="28" time="1.470" timestamp="2026-01-12T12:40:49.949346+00:00" hostname="agent-env-1fbab5f4-4948-4cff-845b-d5d44918b4e4"><testcase classname="tests.test_teacher_parent_dashboards.TestTeacherAccessControl" name="test_teacher_dashboard_requires_auth" time="0.074" /><testcase classname="tests.test_teacher_parent_dashboards.TestTeacherAccessControl" name="test_teacher_dashboard_requires_teacher_role" time="0.039" /><testcase classname="tests.test_teacher_parent_dashboards.TestTeacherAccessControl" name="test_teacher_can_access_dashboard" time="0.042" /><testcase classname="tests.test_teacher_parent_dashboards.TestTeacherClassroomManagement" name="test_create_classroom" time="0.039" /><testcase classname="tests.test_teacher_parent_dashboards.TestTeacherClassroomManagement" name="test_get_classrooms" time="0.041" /><testcase classname="tests.test_teacher_parent_dashboards.TestTeacherClassroomManagement" name="test_get_classroom_details" time="0.045" /><testcase classname="tests.test_teacher_parent_dashboards.TestTeacherClassroomManagement" name="test_delete_classroom" time="0.099" /><testcase classname="tests.test_teacher_parent_dashboards.TestTeacherRewardsAndChallenges" name="test_create_challenge" time="0.058" /><testcase classname="tests.test_teacher_parent_dashboards.TestTeacherRewardsAndChallenges" name="test_delete_challenge" time="0.093" /><testcase classname="tests.test_teacher_parent_dashboards.TestParentAccessControl" name="test_parent_dashboard_requires_auth" time="0.032" /><testcase classname="tests.test_teacher_parent_dashboards.TestParentAccessControl" name="test_parent_dashboard_requires_parent_role" time="0.038" /><testcase classname="tests.test_teacher_parent_dashboards.TestParentAccessControl" name="test_parent_can_access_dashboard" time="0.043" /><testcase classname="tests.test_teacher_parent_dashboards.TestParentChildLinking" name="test_link_child_account" time="0.041" /><testcase classname="tests.test_teacher_parent_dashboards.TestParentChildLinking" name="test_link_nonexistent_child" time="0.034" /><testcase classname="tests.test_teacher_parent_dashboards.TestParentChildLinking" name="test_get_children" time="0.077" /><testcase classname="tests.test_teacher_parent_dashboards.TestParentChores" name="test_create_chore" time="0.045" /><testcase classname="tests.test_teacher_parent_dashboards.TestParentChores" name="test_get_chores" time="0.036" /><testcase classname="tests.test_teacher_parent_dashboards.TestParentChores" name="test_delete_chore" time="0.062" /><testcase classname="tests.test_teacher_parent_dashboards.TestParentAllowance" name="test_set_allowance" time="0.042" /><testcase classname="tests.test_teacher_parent_dashboards.TestParentAllowance" name="test_get_allowances" time="0.037" /><testcase classname="tests.test_teacher_parent_dashboards.TestParentSavingsGoals" name="test_create_savings_goal" time="0.044" /><testcase classname="tests.test_teacher_parent_dashboards.TestParentSavingsGoals" name="test_get_savings_goals" time="0.037" /><testcase classname="tests.test_teacher_parent_dashboards.TestParentChildProgress" name="test_view_child_progress" time="0.067" /><testcase classname="tests.test_teacher_parent_dashboards.TestParentGiveMoney" name="test_give_money_to_child" time="0.044" /><testcase classname="tests.test_teacher_parent_dashboards.TestChildChores" name="test_child_can_view_chores" time="0.035" /><testcase classname="tests.test_teacher_parent_dashboards.TestChildChores" name="test_child_can_view_savings_goals" time="0.075" /><testcase classname="tests.test_teacher_parent_dashboards.TestStudentClassroom" name="test_student_can_view_classrooms" time="0.038" /><testcase classname="tests.test_teacher_parent_dashboards.TestStudentClassroom" name="test_student_can_view_challenges" time="0.031" /></testsuite></testsuites>