<?xml version="1.0" encoding="utf-8"?><testsuites name="pytest tests"><testsuite name="pytest" errors="0" failures="0" skipped="0" tests="5" time="10.326" timestamp="2026-08-07T12:15:02.025288+00:00" hostname="agent-env-d1ff486f-1788-4f08-a4a7-301df0a691a6"><testcase classname="backend.tests.test_garden_harvest" name="test_login_ok" time="8.202" /><testcase classname="backend.tests.test_garden_harvest" name="test_fully_grown_plot_returns_ready" time="0.378" /><testcase classname="backend.tests.test_garden_harvest" name="test_ready_plot_persisted_ready" time="0.001" /><testcase classname="backend.tests.test_garden_harvest" name="test_harvest_ready_plot" time="1.612" /><testcase classname="backend.tests.test_garden_harvest" name="test_cleanup" time="0.002" /></testsuite></testsuites>