<?xml version="1.0" encoding="utf-8"?><testsuites name="pytest tests"><testsuite name="pytest" errors="0" failures="0" skipped="0" tests="21" time="2.403" timestamp="2026-08-24T05:12:45.518022+00:00" hostname="agent-env-744d25ed-9a76-40dc-a7a7-0d912b26d1ae"><testcase classname="tests.test_ew_tracks_grade9.TestPublicCurriculum" name="test_public_no_auth[kidpreneur]" time="0.144" /><testcase classname="tests.test_ew_tracks_grade9.TestPublicCurriculum" name="test_public_no_auth[youngpreneur]" time="0.042" /><testcase classname="tests.test_ew_tracks_grade9.TestPublicCurriculum" name="test_public_no_auth[teenpreneur]" time="0.042" /><testcase classname="tests.test_ew_tracks_grade9.TestPublicCurriculum" name="test_missing_params_rejected" time="0.042" /><testcase classname="tests.test_ew_tracks_grade9.TestPublicCurriculum" name="test_seeded_topic_scoping" time="0.725" /><testcase classname="tests.test_ew_tracks_grade9.TestPublicCurriculum" name="test_non_entrepreneurship_topic_excluded" time="0.213" /><testcase classname="tests.test_ew_tracks_grade9.TestGradeCapCallRequest" name="test_valid_grades_accepted[0]" time="0.044" /><testcase classname="tests.test_ew_tracks_grade9.TestGradeCapCallRequest" name="test_valid_grades_accepted[5]" time="0.043" /><testcase classname="tests.test_ew_tracks_grade9.TestGradeCapCallRequest" name="test_valid_grades_accepted[9]" time="0.046" /><testcase classname="tests.test_ew_tracks_grade9.TestGradeCapCallRequest" name="test_out_of_range_rejected[10]" time="0.041" /><testcase classname="tests.test_ew_tracks_grade9.TestGradeCapCallRequest" name="test_out_of_range_rejected[-1]" time="0.059" /><testcase classname="tests.test_ew_tracks_grade9.TestGradeCapTrialEnquiry" name="test_valid_grades_accepted[0]" time="0.082" /><testcase classname="tests.test_ew_tracks_grade9.TestGradeCapTrialEnquiry" name="test_valid_grades_accepted[5]" time="0.084" /><testcase classname="tests.test_ew_tracks_grade9.TestGradeCapTrialEnquiry" name="test_valid_grades_accepted[9]" time="0.047" /><testcase classname="tests.test_ew_tracks_grade9.TestGradeCapTrialEnquiry" name="test_out_of_range_rejected[10]" time="0.041" /><testcase classname="tests.test_ew_tracks_grade9.TestGradeCapTrialEnquiry" name="test_out_of_range_rejected[-1]" time="0.044" /><testcase classname="tests.test_ew_tracks_grade9.TestAdminGradeNine" name="test_content_topic_grade_7_9" time="0.247" /><testcase classname="tests.test_ew_tracks_grade9.TestAdminGradeNine" name="test_live_class_grade_7_9" time="0.106" /><testcase classname="tests.test_ew_tracks_grade9.TestAdminGradeNine" name="test_live_class_grade_10_rejected" time="0.058" /><testcase classname="tests.test_ew_tracks_grade9.TestAdminGradeNine" name="test_money_masters_batch_grade_8" time="0.130" /><testcase classname="tests.test_ew_tracks_grade9.TestAdminGradeNine" name="test_money_masters_batch_grade_10_rejected" time="0.068" /></testsuite></testsuites>