<?xml version="1.0" encoding="utf-8"?><testsuites name="pytest tests"><testsuite name="pytest" errors="0" failures="4" skipped="0" tests="19" time="10.678" timestamp="2026-01-15T13:42:35.741169+00:00" hostname="agent-env-15b5955d-84a8-44a1-8bfb-0a52c6c1d078"><testcase classname="tests.test_quest_system.TestAdminQuestSystem" name="test_admin_login_success" time="0.090" /><testcase classname="tests.test_quest_system.TestAdminQuestSystem" name="test_admin_login_invalid_credentials" time="0.095" /><testcase classname="tests.test_quest_system.TestAdminQuestSystem" name="test_get_admin_quests_empty_or_list" time="0.046" /><testcase classname="tests.test_quest_system.TestAdminQuestSystem" name="test_create_admin_quest_mcq" time="0.166" /><testcase classname="tests.test_quest_system.TestAdminQuestSystem" name="test_create_admin_quest_multi_select" time="0.121" /><testcase classname="tests.test_quest_system.TestAdminQuestSystem" name="test_create_admin_quest_true_false" time="0.067" /><testcase classname="tests.test_quest_system.TestAdminQuestSystem" name="test_create_admin_quest_value" time="0.063" /><testcase classname="tests.test_quest_system.TestAdminQuestSystem" name="test_update_admin_quest" time="0.162" /><testcase classname="tests.test_quest_system.TestAdminQuestSystem" name="test_delete_admin_quest" time="0.110" /><testcase classname="tests.test_quest_system.TestChildQuestSystem" name="test_child_get_quests" time="1.199" /><testcase classname="tests.test_quest_system.TestChildQuestSystem" name="test_child_get_quests_filtered_by_source" time="0.952" /><testcase classname="tests.test_quest_system.TestChildQuestSystem" name="test_child_submit_quest_answers" time="1.048" /><testcase classname="tests.test_quest_system.TestChildQuestSystem" name="test_child_cannot_earn_twice" time="0.914" /><testcase classname="tests.test_quest_system.TestParentChoreSystem" name="test_parent_create_chore" time="0.904"><failure message="AssertionError: Create chore failed: Internal Server Error&#10;assert 520 == 200&#10; +  where 520 = &lt;Response [520]&gt;.status_code">tests/test_quest_system.py:623: in test_parent_create_chore
    assert response.status_code == 200, f"Create chore failed: {response.text}"
E   AssertionError: Create chore failed: Internal Server Error
E   assert 520 == 200
E    +  where 520 = &lt;Response [520]&gt;.status_code</failure></testcase><testcase classname="tests.test_quest_system.TestParentChoreSystem" name="test_parent_get_chores" time="0.907" /><testcase classname="tests.test_quest_system.TestParentChoreSystem" name="test_parent_delete_chore" time="0.925"><failure message="assert 520 == 200&#10; +  where 520 = &lt;Response [520]&gt;.status_code">tests/test_quest_system.py:665: in test_parent_delete_chore
    assert create_response.status_code == 200
E   assert 520 == 200
E    +  where 520 = &lt;Response [520]&gt;.status_code</failure></testcase><testcase classname="tests.test_quest_system.TestParentChoreSystem" name="test_child_request_chore_completion" time="0.930"><failure message="assert 520 == 200&#10; +  where 520 = &lt;Response [520]&gt;.status_code">tests/test_quest_system.py:685: in test_child_request_chore_completion
    assert create_response.status_code == 200
E   assert 520 == 200
E    +  where 520 = &lt;Response [520]&gt;.status_code</failure></testcase><testcase classname="tests.test_quest_system.TestParentChoreSystem" name="test_parent_get_chore_requests" time="0.866" /><testcase classname="tests.test_quest_system.TestParentChoreSystem" name="test_parent_validate_chore_approve" time="0.863"><failure message="assert 520 == 200&#10; +  where 520 = &lt;Response [520]&gt;.status_code">tests/test_quest_system.py:722: in test_parent_validate_chore_approve
    assert create_response.status_code == 200
E   assert 520 == 200
E    +  where 520 = &lt;Response [520]&gt;.status_code</failure></testcase></testsuite></testsuites>