<?xml version="1.0" encoding="utf-8"?><testsuites name="pytest tests"><testsuite name="pytest" errors="0" failures="0" skipped="0" tests="19" time="10.486" timestamp="2026-01-15T13:43:53.518083+00:00" hostname="agent-env-15b5955d-84a8-44a1-8bfb-0a52c6c1d078"><testcase classname="tests.test_quest_system.TestAdminQuestSystem" name="test_admin_login_success" time="0.114" /><testcase classname="tests.test_quest_system.TestAdminQuestSystem" name="test_admin_login_invalid_credentials" time="0.075" /><testcase classname="tests.test_quest_system.TestAdminQuestSystem" name="test_get_admin_quests_empty_or_list" time="0.089" /><testcase classname="tests.test_quest_system.TestAdminQuestSystem" name="test_create_admin_quest_mcq" time="0.153" /><testcase classname="tests.test_quest_system.TestAdminQuestSystem" name="test_create_admin_quest_multi_select" time="0.098" /><testcase classname="tests.test_quest_system.TestAdminQuestSystem" name="test_create_admin_quest_true_false" time="0.138" /><testcase classname="tests.test_quest_system.TestAdminQuestSystem" name="test_create_admin_quest_value" time="0.103" /><testcase classname="tests.test_quest_system.TestAdminQuestSystem" name="test_update_admin_quest" time="0.158" /><testcase classname="tests.test_quest_system.TestAdminQuestSystem" name="test_delete_admin_quest" time="0.111" /><testcase classname="tests.test_quest_system.TestChildQuestSystem" name="test_child_get_quests" time="1.116" /><testcase classname="tests.test_quest_system.TestChildQuestSystem" name="test_child_get_quests_filtered_by_source" time="0.905" /><testcase classname="tests.test_quest_system.TestChildQuestSystem" name="test_child_submit_quest_answers" time="0.906" /><testcase classname="tests.test_quest_system.TestChildQuestSystem" name="test_child_cannot_earn_twice" time="0.938" /><testcase classname="tests.test_quest_system.TestParentChoreSystem" name="test_parent_create_chore" time="0.889" /><testcase classname="tests.test_quest_system.TestParentChoreSystem" name="test_parent_get_chores" time="0.848" /><testcase classname="tests.test_quest_system.TestParentChoreSystem" name="test_parent_delete_chore" time="0.946" /><testcase classname="tests.test_quest_system.TestParentChoreSystem" name="test_child_request_chore_completion" time="0.950" /><testcase classname="tests.test_quest_system.TestParentChoreSystem" name="test_parent_get_chore_requests" time="0.896" /><testcase classname="tests.test_quest_system.TestParentChoreSystem" name="test_parent_validate_chore_approve" time="0.996" /></testsuite></testsuites>