<?xml version="1.0" encoding="utf-8"?><testsuites name="pytest tests"><testsuite name="pytest" errors="0" failures="0" skipped="0" tests="10" time="0.562" timestamp="2026-01-27T15:57:06.215703+00:00" hostname="agent-env-cf358091-b068-4ecc-990e-e1766534720d"><testcase classname="backend.tests.test_quest_notifications.TestQuestQuestionsDisplay" name="test_child_quests_endpoint_returns_questions" time="0.076" /><testcase classname="backend.tests.test_quest_notifications.TestQuestQuestionsDisplay" name="test_quest_has_total_points" time="0.044" /><testcase classname="backend.tests.test_quest_notifications.TestQuestQuestionsDisplay" name="test_mcq_question_type" time="0.038" /><testcase classname="backend.tests.test_quest_notifications.TestNotifications" name="test_child_has_new_quest_notification" time="0.041" /><testcase classname="backend.tests.test_quest_notifications.TestNotifications" name="test_notification_has_correct_type" time="0.078" /><testcase classname="backend.tests.test_quest_notifications.TestNotifications" name="test_unread_count" time="0.040" /><testcase classname="backend.tests.test_quest_notifications.TestAdminQuestCreation" name="test_admin_login" time="0.041" /><testcase classname="backend.tests.test_quest_notifications.TestAdminQuestCreation" name="test_admin_quests_endpoint" time="0.044" /><testcase classname="backend.tests.test_quest_notifications.TestTeacherQuestCreation" name="test_school_login" time="0.064" /><testcase classname="backend.tests.test_quest_notifications.TestQuestSubmission" name="test_quest_submission_endpoint_exists" time="0.045" /></testsuite></testsuites>