<?xml version="1.0" encoding="utf-8"?><testsuites name="pytest tests"><testsuite name="pytest" errors="0" failures="0" skipped="0" tests="13" time="2.425" timestamp="2026-01-15T14:50:26.248371+00:00" hostname="agent-env-0e88a6d4-9873-4f35-b2cd-b5bf55e3fe34"><testcase classname="tests.test_quest_bug_fixes.TestQuestBugFixes" name="test_teacher_quest_query_uses_in_operator" time="0.255" /><testcase classname="tests.test_quest_bug_fixes.TestQuestBugFixes" name="test_mcq_answer_grading_correct_answer" time="0.181" /><testcase classname="tests.test_quest_bug_fixes.TestQuestBugFixes" name="test_mcq_with_option_b_correct" time="0.178" /><testcase classname="tests.test_quest_bug_fixes.TestQuestBugFixes" name="test_true_false_question_grading" time="0.207" /><testcase classname="tests.test_quest_bug_fixes.TestQuestBugFixes" name="test_multi_select_question" time="0.173" /><testcase classname="tests.test_quest_bug_fixes.TestQuestBugFixes" name="test_value_entry_question" time="0.157" /><testcase classname="tests.test_quest_bug_fixes.TestQuestBugFixes" name="test_quest_with_questions_requires_points" time="0.177" /><testcase classname="tests.test_quest_bug_fixes.TestQuestBugFixes" name="test_quest_without_questions_uses_base_reward" time="0.234" /><testcase classname="tests.test_quest_bug_fixes.TestQuestBugFixes" name="test_complete_quest_creation_flow" time="0.174" /><testcase classname="tests.test_quest_bug_fixes.TestAdminQuestEndpoints" name="test_admin_login" time="0.098" /><testcase classname="tests.test_quest_bug_fixes.TestAdminQuestEndpoints" name="test_create_quest" time="0.168" /><testcase classname="tests.test_quest_bug_fixes.TestAdminQuestEndpoints" name="test_get_quests" time="0.111" /><testcase classname="tests.test_quest_bug_fixes.TestAdminQuestEndpoints" name="test_delete_quest" time="0.124" /></testsuite></testsuites>