<?xml version="1.0" encoding="utf-8"?><testsuites name="pytest tests"><testsuite name="pytest" errors="0" failures="0" skipped="0" tests="34" time="9.539" timestamp="2026-08-31T07:10:39.528290+00:00" hostname="agent-env-36efa4a8-c5d1-4e45-970f-21007ea1702d"><testcase classname="tests.test_referral_codes.TestAdminReferralCRUD" name="test_list_requires_admin" time="0.476" /><testcase classname="tests.test_referral_codes.TestAdminReferralCRUD" name="test_list_ok" time="0.080" /><testcase classname="tests.test_referral_codes.TestAdminReferralCRUD" name="test_create_and_persist" time="0.168" /><testcase classname="tests.test_referral_codes.TestAdminReferralCRUD" name="test_create_duplicate_rejected" time="0.156" /><testcase classname="tests.test_referral_codes.TestAdminReferralCRUD" name="test_create_empty_code_rejected" time="0.076" /><testcase classname="tests.test_referral_codes.TestAdminReferralCRUD" name="test_invalid_discount_rejected[5]" time="0.077" /><testcase classname="tests.test_referral_codes.TestAdminReferralCRUD" name="test_invalid_discount_rejected[12]" time="0.078" /><testcase classname="tests.test_referral_codes.TestAdminReferralCRUD" name="test_invalid_discount_rejected[100]" time="0.082" /><testcase classname="tests.test_referral_codes.TestAdminReferralCRUD" name="test_invalid_discount_rejected[0]" time="0.078" /><testcase classname="tests.test_referral_codes.TestAdminReferralCRUD" name="test_invalid_discount_rejected[-10]" time="0.077" /><testcase classname="tests.test_referral_codes.TestAdminReferralCRUD" name="test_allowed_discounts_accepted[10]" time="0.084" /><testcase classname="tests.test_referral_codes.TestAdminReferralCRUD" name="test_allowed_discounts_accepted[15]" time="0.080" /><testcase classname="tests.test_referral_codes.TestAdminReferralCRUD" name="test_allowed_discounts_accepted[20]" time="0.085" /><testcase classname="tests.test_referral_codes.TestAdminReferralCRUD" name="test_allowed_discounts_accepted[25]" time="0.082" /><testcase classname="tests.test_referral_codes.TestAdminReferralCRUD" name="test_allowed_discounts_accepted[30]" time="0.077" /><testcase classname="tests.test_referral_codes.TestAdminReferralCRUD" name="test_allowed_discounts_accepted[35]" time="0.083" /><testcase classname="tests.test_referral_codes.TestAdminReferralCRUD" name="test_allowed_discounts_accepted[50]" time="0.078" /><testcase classname="tests.test_referral_codes.TestAdminReferralCRUD" name="test_no_target_rejected" time="0.074" /><testcase classname="tests.test_referral_codes.TestAdminReferralCRUD" name="test_update_and_toggle" time="0.310" /><testcase classname="tests.test_referral_codes.TestAdminReferralCRUD" name="test_update_missing_id_404" time="0.081" /><testcase classname="tests.test_referral_codes.TestAdminReferralCRUD" name="test_delete_and_verify_removal" time="0.387" /><testcase classname="tests.test_referral_codes.TestValidateEndpoint" name="test_invalid_code" time="0.134" /><testcase classname="tests.test_referral_codes.TestValidateEndpoint" name="test_valid_code" time="0.231" /><testcase classname="tests.test_referral_codes.TestValidateEndpoint" name="test_inactive_code_reported_invalid" time="0.270" /><testcase classname="tests.test_referral_codes.TestPlatformCheckout" name="test_no_code_baseline" time="0.966" /><testcase classname="tests.test_referral_codes.TestPlatformCheckout" name="test_invalid_code_rejected" time="0.157" /><testcase classname="tests.test_referral_codes.TestPlatformCheckout" name="test_valid_code_applies_discount" time="0.953" /><testcase classname="tests.test_referral_codes.TestPlatformCheckout" name="test_valid_code_wrong_plan_rejected" time="0.230" /><testcase classname="tests.test_referral_codes.TestPlatformCheckout" name="test_inactive_code_rejected_at_checkout" time="0.302" /><testcase classname="tests.test_referral_codes.TestMoneyMastersCheckout" name="test_invalid_referral_code_rejected" time="0.426" /><testcase classname="tests.test_referral_codes.TestMoneyMastersCheckout" name="test_valid_batch_code_applies_discount" time="1.241" /><testcase classname="tests.test_referral_codes.TestMoneyMastersCheckout" name="test_code_for_other_batch_rejected" time="0.141" /><testcase classname="tests.test_referral_codes.TestRegression" name="test_plans_endpoint" time="0.135" /><testcase classname="tests.test_referral_codes.TestRegression" name="test_admin_batches_list" time="1.497" /></testsuite></testsuites>