<?xml version="1.0" encoding="utf-8"?><testsuites name="pytest tests"><testsuite name="pytest" errors="0" failures="0" skipped="0" tests="8" time="4.063" timestamp="2026-09-14T06:27:58.859077+00:00" hostname="agent-env-36efa4a8-c5d1-4e45-970f-21007ea1702d"><testcase classname="backend.tests.test_referral_once_per_user.TestPlatformCreateOrderBlock" name="test_block_by_same_email" time="0.544" /><testcase classname="backend.tests.test_referral_once_per_user.TestPlatformCreateOrderBlock" name="test_block_by_same_phone_different_email" time="0.191" /><testcase classname="backend.tests.test_referral_once_per_user.TestPlatformCreateOrderBlock" name="test_fresh_identifiers_succeed_with_discount" time="1.008" /><testcase classname="backend.tests.test_referral_once_per_user.TestPlatformCreateOrderBlock" name="test_different_code_same_blocked_user_succeeds" time="0.555" /><testcase classname="backend.tests.test_referral_once_per_user.TestPlatformCreateOrderBlock" name="test_no_referral_code_still_works" time="0.403" /><testcase classname="backend.tests.test_referral_once_per_user.TestAdminReferralCRUDRegression" name="test_list" time="0.062" /><testcase classname="backend.tests.test_referral_once_per_user.TestAdminReferralCRUDRegression" name="test_create_and_deactivate" time="0.247" /><testcase classname="backend.tests.test_referral_once_per_user.TestMoneyMastersBlock" name="test_mm_blocked_when_parent_identifiers_already_redeemed" time="0.915" /></testsuite></testsuites>