<?xml version="1.0" encoding="utf-8"?><testsuites name="pytest tests"><testsuite name="pytest" errors="0" failures="0" skipped="0" tests="7" time="1.684" timestamp="2026-09-12T06:30:28.250761+00:00" hostname="agent-env-36efa4a8-c5d1-4e45-970f-21007ea1702d"><testcase classname="backend.tests.test_round4_garden_investments.TestGrade3Garden" name="test_garden_farm_returns_200" time="0.312" /><testcase classname="backend.tests.test_round4_garden_investments.TestGrade3Garden" name="test_investments_blocked_for_grade3" time="0.113" /><testcase classname="backend.tests.test_round4_garden_investments.TestGrade3Garden" name="test_seed_shop_has_five_seeds" time="0.465" /><testcase classname="backend.tests.test_round4_garden_investments.TestGrade4Investments" name="test_investments_returns_200" time="0.275" /><testcase classname="backend.tests.test_round4_garden_investments.TestGrade4Investments" name="test_garden_blocked_for_grade4" time="0.122" /><testcase classname="backend.tests.test_round4_garden_investments.TestGrade4Investments" name="test_buy_plot_blocked_for_grade4" time="0.107" /><testcase classname="backend.tests.test_round4_garden_investments.TestGrade1Garden" name="test_garden_farm_returns_200" time="0.236" /></testsuite></testsuites>