<?xml version="1.0" encoding="utf-8"?><testsuites name="pytest tests"><testsuite name="pytest" errors="0" failures="0" skipped="0" tests="10" time="1.022" timestamp="2026-01-15T07:50:07.743294+00:00" hostname="agent-env-4fdfbb6d-55c7-427b-8c3a-7661aceb76df"><testcase classname="tests.test_savings_goals.TestSavingsGoalsAPI" name="test_auth_me_works" time="0.071" /><testcase classname="tests.test_savings_goals.TestSavingsGoalsAPI" name="test_get_wallet_has_savings_balance" time="0.078" /><testcase classname="tests.test_savings_goals.TestSavingsGoalsAPI" name="test_get_savings_goals_empty_initially" time="0.042" /><testcase classname="tests.test_savings_goals.TestSavingsGoalsAPI" name="test_create_savings_goal" time="0.041" /><testcase classname="tests.test_savings_goals.TestSavingsGoalsAPI" name="test_get_savings_goals_after_create" time="0.075" /><testcase classname="tests.test_savings_goals.TestSavingsGoalsAPI" name="test_contribute_to_goal" time="0.189" /><testcase classname="tests.test_savings_goals.TestSavingsGoalsAPI" name="test_contribute_completes_goal" time="0.160" /><testcase classname="tests.test_savings_goals.TestSavingsGoalsAPI" name="test_contribute_insufficient_balance" time="0.072" /><testcase classname="tests.test_savings_goals.TestSavingsGoalsAPI" name="test_contribute_to_nonexistent_goal" time="0.076" /><testcase classname="tests.test_savings_goals.TestDashboardSavingsGoalDisplay" name="test_dashboard_can_fetch_savings_goals" time="0.036" /></testsuite></testsuites>