<?xml version="1.0" encoding="utf-8"?><testsuites name="pytest tests"><testsuite name="pytest" errors="0" failures="0" skipped="0" tests="25" time="1.774" timestamp="2026-01-13T14:41:16.635268+00:00" hostname="agent-env-4e809fa1-1040-4a97-a9df-e3a40a179807"><testcase classname="tests.test_scheduler_functionality.TestSchedulerFunctionality" name="test_scheduler_status_api_returns_200" time="0.082" /><testcase classname="tests.test_scheduler_functionality.TestSchedulerFunctionality" name="test_scheduler_is_running" time="0.046" /><testcase classname="tests.test_scheduler_functionality.TestSchedulerFunctionality" name="test_scheduler_has_daily_market_job" time="0.087" /><testcase classname="tests.test_scheduler_functionality.TestSchedulerFunctionality" name="test_scheduler_job_runs_at_6am_utc" time="0.056" /><testcase classname="tests.test_scheduler_functionality.TestSchedulerFunctionality" name="test_scheduler_has_next_run_time" time="0.050" /><testcase classname="tests.test_scheduler_functionality.TestSchedulerFunctionality" name="test_scheduler_status_shows_ran_today" time="0.043" /><testcase classname="tests.test_scheduler_functionality.TestSchedulerFunctionality" name="test_scheduler_logs_api_returns_200" time="0.041" /><testcase classname="tests.test_scheduler_functionality.TestSchedulerFunctionality" name="test_scheduler_logs_returns_list" time="0.089" /><testcase classname="tests.test_scheduler_functionality.TestSchedulerFunctionality" name="test_scheduler_logs_have_required_fields" time="0.092" /><testcase classname="tests.test_scheduler_functionality.TestSchedulerFunctionality" name="test_scheduler_logs_show_success_status" time="0.039" /><testcase classname="tests.test_scheduler_functionality.TestSchedulerFunctionality" name="test_scheduler_logs_show_stocks_updated" time="0.049" /><testcase classname="tests.test_scheduler_functionality.TestSchedulerFunctionality" name="test_scheduler_logs_show_plant_holdings_updated" time="0.045" /><testcase classname="tests.test_scheduler_functionality.TestSchedulerFunctionality" name="test_scheduler_logs_limit_parameter" time="0.049" /><testcase classname="tests.test_scheduler_functionality.TestSchedulerFunctionality" name="test_stocks_have_current_price" time="0.046" /><testcase classname="tests.test_scheduler_functionality.TestSchedulerFunctionality" name="test_stocks_have_last_price_update" time="0.045" /><testcase classname="tests.test_scheduler_functionality.TestSchedulerFunctionality" name="test_stock_price_change_percentage" time="0.043" /><testcase classname="tests.test_scheduler_functionality.TestSchedulerFunctionality" name="test_stock_price_within_volatility_range" time="0.038" /><testcase classname="tests.test_scheduler_functionality.TestSchedulerFunctionality" name="test_stock_price_history_api" time="0.132" /><testcase classname="tests.test_scheduler_functionality.TestSchedulerFunctionality" name="test_price_history_has_required_fields" time="0.094" /><testcase classname="tests.test_scheduler_functionality.TestSchedulerFunctionality" name="test_simulate_day_api_returns_200" time="0.048" /><testcase classname="tests.test_scheduler_functionality.TestSchedulerFunctionality" name="test_simulate_day_returns_message" time="0.084" /><testcase classname="tests.test_scheduler_functionality.TestSchedulerFunctionality" name="test_simulate_day_updates_stock_prices" time="0.109" /><testcase classname="tests.test_scheduler_functionality.TestSchedulerFunctionality" name="test_scheduler_status_requires_admin" time="0.070" /><testcase classname="tests.test_scheduler_functionality.TestSchedulerFunctionality" name="test_scheduler_logs_requires_admin" time="0.071" /><testcase classname="tests.test_scheduler_functionality.TestSchedulerFunctionality" name="test_simulate_day_requires_admin" time="0.064" /></testsuite></testsuites>