<?xml version="1.0" encoding="utf-8"?><testsuites name="pytest tests"><testsuite name="pytest" errors="0" failures="0" skipped="0" tests="10" time="0.882" timestamp="2026-01-27T08:31:39.219385+00:00" hostname="agent-env-919651f8-2632-4ae4-a8b2-c7699b2020c6"><testcase classname="backend.tests.test_school_system.TestSchoolLogin" name="test_school_login_valid_credentials" time="0.094" /><testcase classname="backend.tests.test_school_system.TestSchoolLogin" name="test_school_login_invalid_credentials" time="0.041" /><testcase classname="backend.tests.test_school_system.TestSchoolLogin" name="test_school_login_wrong_password" time="0.039" /><testcase classname="backend.tests.test_school_system.TestSchoolDashboard" name="test_school_dashboard_authenticated" time="0.084" /><testcase classname="backend.tests.test_school_system.TestSchoolDashboard" name="test_school_dashboard_unauthenticated" time="0.035" /><testcase classname="backend.tests.test_school_system.TestSchoolDashboard" name="test_school_students_comparison" time="0.079" /><testcase classname="backend.tests.test_school_system.TestAdminSchoolManagement" name="test_admin_get_schools" time="0.080" /><testcase classname="backend.tests.test_school_system.TestAdminSchoolManagement" name="test_admin_create_and_delete_school" time="0.115" /><testcase classname="backend.tests.test_school_system.TestAdminSchoolManagement" name="test_admin_create_school_duplicate_username" time="0.119" /><testcase classname="backend.tests.test_school_system.TestSchoolLogout" name="test_school_logout" time="0.086" /></testsuite></testsuites>