<?xml version="1.0" encoding="utf-8"?><testsuites name="pytest tests"><testsuite name="pytest" errors="0" failures="2" skipped="0" tests="9" time="1.448" timestamp="2026-02-07T06:17:49.950352+00:00" hostname="agent-env-27ad2c6d-b812-4756-a110-a924fd5f3324"><testcase classname="backend.tests.test_shopping_chore_enhancement.TestShoppingChoreCreation" name="test_create_shopping_chore_has_is_shopping_chore_flag" time="0.235" /><testcase classname="backend.tests.test_shopping_chore_enhancement.TestShoppingChoreCreation" name="test_create_shopping_chore_has_shopping_item_details_array" time="0.171" /><testcase classname="backend.tests.test_shopping_chore_enhancement.TestChildShoppingList" name="test_child_shopping_list_returns_items_from_active_chores" time="0.168" /><testcase classname="backend.tests.test_shopping_chore_enhancement.TestChildShoppingList" name="test_child_shopping_list_only_accessible_by_child" time="0.044" /><testcase classname="backend.tests.test_shopping_chore_enhancement.TestChildrenPurchases" name="test_children_purchases_endpoint_returns_grouped_data" time="0.080" /><testcase classname="backend.tests.test_shopping_chore_enhancement.TestChildrenPurchases" name="test_children_purchases_only_accessible_by_parent" time="0.041" /><testcase classname="backend.tests.test_shopping_chore_enhancement.TestStorePurchaseAutoMarksShopping" name="test_store_purchase_marks_shopping_item_as_purchased" time="0.343"><failure message="AssertionError: Item should be marked as purchased after store purchase&#10;assert False == True&#10; +  where False = &lt;built-in method get of dict object at 0xffa61a253640&gt;('purchased')&#10; +    where &lt;built-in method get of dict object at 0xffa61a253640&gt; = {'chore_id': 'chore_eb7fdca27529', 'chore_title': 'TEST_Auto Mark Purchase Test', 'item_id': 'item_2d7c7783cf53', 'item_name': 'Carrots', ...}.get">backend/tests/test_shopping_chore_enhancement.py:478: in test_store_purchase_marks_shopping_item_as_purchased
    assert found_after.get("purchased") == True, "Item should be marked as purchased after store purchase"
E   AssertionError: Item should be marked as purchased after store purchase
E   assert False == True
E    +  where False = &lt;built-in method get of dict object at 0xffa61a253640&gt;('purchased')
E    +    where &lt;built-in method get of dict object at 0xffa61a253640&gt; = {'chore_id': 'chore_eb7fdca27529', 'chore_title': 'TEST_Auto Mark Purchase Test', 'item_id': 'item_2d7c7783cf53', 'item_name': 'Carrots', ...}.get</failure></testcase><testcase classname="backend.tests.test_shopping_chore_enhancement.TestMarkPurchasedEndpoint" name="test_mark_purchased_endpoint_works" time="0.209"><failure message="AssertionError: Item should be marked as purchased&#10;assert False == True&#10; +  where False = &lt;built-in method get of dict object at 0xffa619f57800&gt;('purchased')&#10; +    where &lt;built-in method get of dict object at 0xffa619f57800&gt; = {'chore_id': 'chore_cfee12ef193e', 'chore_title': 'TEST_Mark Purchased Endpoint Test', 'item_id': 'item_2d7c7783cf53', 'item_name': 'Carrots', ...}.get">backend/tests/test_shopping_chore_enhancement.py:572: in test_mark_purchased_endpoint_works
    assert found_item.get("purchased") == True, "Item should be marked as purchased"
E   AssertionError: Item should be marked as purchased
E   assert False == True
E    +  where False = &lt;built-in method get of dict object at 0xffa619f57800&gt;('purchased')
E    +    where &lt;built-in method get of dict object at 0xffa619f57800&gt; = {'chore_id': 'chore_cfee12ef193e', 'chore_title': 'TEST_Mark Purchased Endpoint Test', 'item_id': 'item_2d7c7783cf53', 'item_name': 'Carrots', ...}.get</failure></testcase><testcase classname="backend.tests.test_shopping_chore_enhancement.TestPurchaseFromShoppingChoreFlag" name="test_purchase_from_shopping_chore_has_flag" time="0.037" /></testsuite></testsuites>