<?xml version="1.0" encoding="utf-8"?><testsuites name="pytest tests"><testsuite name="pytest" errors="0" failures="0" skipped="0" tests="12" time="1.383" timestamp="2026-02-07T05:58:20.518696+00:00" hostname="agent-env-27ad2c6d-b812-4756-a110-a924fd5f3324"><testcase classname="backend.tests.test_shopping_list_bugfix.TestShoppingListBugFix" name="test_add_item_to_shopping_list_saves_full_details" time="0.106" /><testcase classname="backend.tests.test_shopping_list_bugfix.TestShoppingListBugFix" name="test_get_shopping_list_returns_grouped_structure" time="0.178" /><testcase classname="backend.tests.test_shopping_list_bugfix.TestShoppingListBugFix" name="test_delete_shopping_list_item" time="0.161" /><testcase classname="backend.tests.test_shopping_list_bugfix.TestShoppingListBugFix" name="test_create_chore_from_shopping_list_saves_to_new_quests" time="0.133" /><testcase classname="backend.tests.test_shopping_list_bugfix.TestShoppingListBugFix" name="test_child_can_see_shopping_chore_in_quests" time="0.214" /><testcase classname="backend.tests.test_shopping_list_bugfix.TestShoppingListBugFix" name="test_shopping_list_item_status_updates_after_chore_creation" time="0.157" /><testcase classname="backend.tests.test_shopping_list_bugfix.TestShoppingListBugFix" name="test_create_chore_requires_title" time="0.121" /><testcase classname="backend.tests.test_shopping_list_bugfix.TestShoppingListBugFix" name="test_create_chore_requires_list_items" time="0.040" /><testcase classname="backend.tests.test_shopping_list_bugfix.TestShoppingListBugFix" name="test_add_item_requires_child_id_and_item_id" time="0.078" /><testcase classname="backend.tests.test_shopping_list_bugfix.TestShoppingListBugFix" name="test_add_item_validates_store_item_exists" time="0.044" /><testcase classname="backend.tests.test_shopping_list_bugfix.TestShoppingListAuthentication" name="test_shopping_list_requires_parent_auth" time="0.038" /><testcase classname="backend.tests.test_shopping_list_bugfix.TestShoppingListAuthentication" name="test_child_cannot_access_parent_shopping_list" time="0.038" /></testsuite></testsuites>