<?xml version="1.0" encoding="utf-8"?><testsuites name="pytest tests"><testsuite name="pytest" errors="0" failures="11" skipped="0" tests="12" time="0.787" timestamp="2026-02-07T05:57:55.660792+00:00" hostname="agent-env-27ad2c6d-b812-4756-a110-a924fd5f3324"><testcase classname="backend.tests.test_shopping_list_bugfix.TestShoppingListBugFix" name="test_add_item_to_shopping_list_saves_full_details" time="0.074"><failure message="AssertionError: Expected 200, got 401: {&quot;detail&quot;:&quot;Session expired&quot;}&#10;assert 401 == 200&#10; +  where 401 = &lt;Response [401]&gt;.status_code">backend/tests/test_shopping_list_bugfix.py:72: in test_add_item_to_shopping_list_saves_full_details
    assert response.status_code == 200, f"Expected 200, got {response.status_code}: {response.text}"
E   AssertionError: Expected 200, got 401: {"detail":"Session expired"}
E   assert 401 == 200
E    +  where 401 = &lt;Response [401]&gt;.status_code</failure></testcase><testcase classname="backend.tests.test_shopping_list_bugfix.TestShoppingListBugFix" name="test_get_shopping_list_returns_grouped_structure" time="0.043"><failure message="assert 401 == 200&#10; +  where 401 = &lt;Response [401]&gt;.status_code">backend/tests/test_shopping_list_bugfix.py:98: in test_get_shopping_list_returns_grouped_structure
    assert add_response.status_code == 200
E   assert 401 == 200
E    +  where 401 = &lt;Response [401]&gt;.status_code</failure></testcase><testcase classname="backend.tests.test_shopping_list_bugfix.TestShoppingListBugFix" name="test_delete_shopping_list_item" time="0.043"><failure message="assert 401 == 200&#10; +  where 401 = &lt;Response [401]&gt;.status_code">backend/tests/test_shopping_list_bugfix.py:160: in test_delete_shopping_list_item
    assert add_response.status_code == 200
E   assert 401 == 200
E    +  where 401 = &lt;Response [401]&gt;.status_code</failure></testcase><testcase classname="backend.tests.test_shopping_list_bugfix.TestShoppingListBugFix" name="test_create_chore_from_shopping_list_saves_to_new_quests" time="0.043"><failure message="assert 401 == 200&#10; +  where 401 = &lt;Response [401]&gt;.status_code">backend/tests/test_shopping_list_bugfix.py:202: in test_create_chore_from_shopping_list_saves_to_new_quests
    assert add_response.status_code == 200
E   assert 401 == 200
E    +  where 401 = &lt;Response [401]&gt;.status_code</failure></testcase><testcase classname="backend.tests.test_shopping_list_bugfix.TestShoppingListBugFix" name="test_child_can_see_shopping_chore_in_quests" time="0.042"><failure message="assert 401 == 200&#10; +  where 401 = &lt;Response [401]&gt;.status_code">backend/tests/test_shopping_list_bugfix.py:248: in test_child_can_see_shopping_chore_in_quests
    assert add_response.status_code == 200
E   assert 401 == 200
E    +  where 401 = &lt;Response [401]&gt;.status_code</failure></testcase><testcase classname="backend.tests.test_shopping_list_bugfix.TestShoppingListBugFix" name="test_shopping_list_item_status_updates_after_chore_creation" time="0.042"><failure message="assert 401 == 200&#10; +  where 401 = &lt;Response [401]&gt;.status_code">backend/tests/test_shopping_list_bugfix.py:308: in test_shopping_list_item_status_updates_after_chore_creation
    assert add_response.status_code == 200
E   assert 401 == 200
E    +  where 401 = &lt;Response [401]&gt;.status_code</failure></testcase><testcase classname="backend.tests.test_shopping_list_bugfix.TestShoppingListBugFix" name="test_create_chore_requires_title" time="0.043"><failure message="KeyError: 'list_id'">backend/tests/test_shopping_list_bugfix.py:359: in test_create_chore_requires_title
    list_id = add_response.json()["list_id"]
              ^^^^^^^^^^^^^^^^^^^^^^^^^^^^^^
E   KeyError: 'list_id'</failure></testcase><testcase classname="backend.tests.test_shopping_list_bugfix.TestShoppingListBugFix" name="test_create_chore_requires_list_items" time="0.042"><failure message="AssertionError: Expected 400 for empty list_item_ids, got 401&#10;assert 401 == 400&#10; +  where 401 = &lt;Response [401]&gt;.status_code">backend/tests/test_shopping_list_bugfix.py:389: in test_create_chore_requires_list_items
    assert response.status_code == 400, f"Expected 400 for empty list_item_ids, got {response.status_code}"
E   AssertionError: Expected 400 for empty list_item_ids, got 401
E   assert 401 == 400
E    +  where 401 = &lt;Response [401]&gt;.status_code</failure></testcase><testcase classname="backend.tests.test_shopping_list_bugfix.TestShoppingListBugFix" name="test_add_item_requires_child_id_and_item_id" time="0.041"><failure message="AssertionError: Expected 400 for missing child_id, got 401&#10;assert 401 == 400&#10; +  where 401 = &lt;Response [401]&gt;.status_code">backend/tests/test_shopping_list_bugfix.py:400: in test_add_item_requires_child_id_and_item_id
    assert response1.status_code == 400, f"Expected 400 for missing child_id, got {response1.status_code}"
E   AssertionError: Expected 400 for missing child_id, got 401
E   assert 401 == 400
E    +  where 401 = &lt;Response [401]&gt;.status_code</failure></testcase><testcase classname="backend.tests.test_shopping_list_bugfix.TestShoppingListBugFix" name="test_add_item_validates_store_item_exists" time="0.040"><failure message="AssertionError: Expected 404 for nonexistent item, got 401&#10;assert 401 == 404&#10; +  where 401 = &lt;Response [401]&gt;.status_code">backend/tests/test_shopping_list_bugfix.py:424: in test_add_item_validates_store_item_exists
    assert response.status_code == 404, f"Expected 404 for nonexistent item, got {response.status_code}"
E   AssertionError: Expected 404 for nonexistent item, got 401
E   assert 401 == 404
E    +  where 401 = &lt;Response [401]&gt;.status_code</failure></testcase><testcase classname="backend.tests.test_shopping_list_bugfix.TestShoppingListAuthentication" name="test_shopping_list_requires_parent_auth" time="0.037" /><testcase classname="backend.tests.test_shopping_list_bugfix.TestShoppingListAuthentication" name="test_child_cannot_access_parent_shopping_list" time="0.036"><failure message="AssertionError: Expected 403 for child access, got 401&#10;assert 401 == 403&#10; +  where 401 = &lt;Response [401]&gt;.status_code">backend/tests/test_shopping_list_bugfix.py:451: in test_child_cannot_access_parent_shopping_list
    assert response.status_code == 403, f"Expected 403 for child access, got {response.status_code}"
E   AssertionError: Expected 403 for child access, got 401
E   assert 401 == 403
E    +  where 401 = &lt;Response [401]&gt;.status_code</failure></testcase></testsuite></testsuites>