<?xml version="1.0" encoding="utf-8"?><testsuites name="pytest tests"><testsuite name="pytest" errors="0" failures="0" skipped="1" tests="9" time="1.087" timestamp="2026-02-07T06:20:28.032339+00:00" hostname="agent-env-27ad2c6d-b812-4756-a110-a924fd5f3324"><testcase classname="backend.tests.test_shopping_chore_enhancement.TestShoppingChoreCreation" name="test_create_shopping_chore_has_is_shopping_chore_flag" time="0.205" /><testcase classname="backend.tests.test_shopping_chore_enhancement.TestShoppingChoreCreation" name="test_create_shopping_chore_has_shopping_item_details_array" time="0.181" /><testcase classname="backend.tests.test_shopping_chore_enhancement.TestChildShoppingList" name="test_child_shopping_list_returns_items_from_active_chores" time="0.198" /><testcase classname="backend.tests.test_shopping_chore_enhancement.TestChildShoppingList" name="test_child_shopping_list_only_accessible_by_child" time="0.080" /><testcase classname="backend.tests.test_shopping_chore_enhancement.TestChildrenPurchases" name="test_children_purchases_endpoint_returns_grouped_data" time="0.046" /><testcase classname="backend.tests.test_shopping_chore_enhancement.TestChildrenPurchases" name="test_children_purchases_only_accessible_by_parent" time="0.039" /><testcase classname="backend.tests.test_shopping_chore_enhancement.TestStorePurchaseAutoMarksShopping" name="test_store_purchase_marks_shopping_item_as_purchased" time="0.039"><skipped type="pytest.skip" message="Child needs at least ₹50 to purchase item (has ₹33.0)">/app/backend/tests/test_shopping_chore_enhancement.py:403: Child needs at least ₹50 to purchase item (has ₹33.0)</skipped></testcase><testcase classname="backend.tests.test_shopping_chore_enhancement.TestMarkPurchasedEndpoint" name="test_mark_purchased_endpoint_works" time="0.203" /><testcase classname="backend.tests.test_shopping_chore_enhancement.TestPurchaseFromShoppingChoreFlag" name="test_purchase_from_shopping_chore_has_flag" time="0.042" /></testsuite></testsuites>