<?xml version="1.0" encoding="utf-8"?><testsuites name="pytest tests"><testsuite name="pytest" errors="0" failures="0" skipped="1" tests="16" time="1.011" timestamp="2026-01-27T13:10:05.198393+00:00" hostname="agent-env-72a5f1a2-5c74-4541-8da8-4bf106514c28"><testcase classname="backend.tests.test_shopping_insights.TestStoreItems" name="test_store_items_returns_items" time="0.065" /><testcase classname="backend.tests.test_shopping_insights.TestStoreItems" name="test_store_items_by_category_returns_grouped_items" time="0.045" /><testcase classname="backend.tests.test_shopping_insights.TestStoreItems" name="test_store_categories_returns_active_only" time="0.043" /><testcase classname="backend.tests.test_shopping_insights.TestParentShoppingList" name="test_parent_shopping_list_endpoint" time="0.045" /><testcase classname="backend.tests.test_shopping_insights.TestParentShoppingList" name="test_parent_can_access_store_items" time="0.037" /><testcase classname="backend.tests.test_shopping_insights.TestParentShoppingList" name="test_parent_can_access_store_categories" time="0.036" /><testcase classname="backend.tests.test_shopping_insights.TestParentChildInsights" name="test_child_insights_grade1_has_garden" time="0.047" /><testcase classname="backend.tests.test_shopping_insights.TestParentChildInsights" name="test_child_insights_grade3_has_stocks" time="0.044"><skipped type="pytest.skip" message="Parent not linked to grade 3 child">/app/backend/tests/test_shopping_insights.py:176: Parent not linked to grade 3 child</skipped></testcase><testcase classname="backend.tests.test_shopping_insights.TestTeacherStudentInsights" name="test_teacher_student_insights_structure" time="0.049" /><testcase classname="backend.tests.test_shopping_insights.TestTeacherStudentInsights" name="test_teacher_student_insights_grade1_has_garden" time="0.049" /><testcase classname="backend.tests.test_shopping_insights.TestTeacherStudentInsights" name="test_teacher_student_insights_stocks_structure" time="0.044" /><testcase classname="backend.tests.test_shopping_insights.TestStoreItemsFiltering" name="test_store_items_filtered_by_grade" time="0.119" /><testcase classname="backend.tests.test_shopping_insights.TestStoreItemsFiltering" name="test_store_items_only_from_active_categories" time="0.081" /><testcase classname="backend.tests.test_shopping_insights.TestParentDashboard" name="test_parent_dashboard_returns_children" time="0.041" /><testcase classname="backend.tests.test_shopping_insights.TestTeacherDashboard" name="test_teacher_dashboard_returns_classrooms" time="0.085" /><testcase classname="backend.tests.test_shopping_insights.TestTeacherDashboard" name="test_teacher_classroom_details" time="0.044" /></testsuite></testsuites>