<?xml version="1.0" encoding="utf-8"?><testsuites name="pytest tests"><testsuite name="pytest" errors="0" failures="0" skipped="0" tests="11" time="0.571" timestamp="2026-01-27T15:42:57.572295+00:00" hostname="agent-env-cf358091-b068-4ecc-990e-e1766534720d"><testcase classname="backend.tests.test_single_classroom_quest_display.TestSingleClassroomConstraint" name="test_child_already_enrolled_in_classroom" time="0.060" /><testcase classname="backend.tests.test_single_classroom_quest_display.TestSingleClassroomConstraint" name="test_join_second_classroom_fails_with_400" time="0.045" /><testcase classname="backend.tests.test_single_classroom_quest_display.TestSingleClassroomConstraint" name="test_join_same_classroom_returns_already_enrolled" time="0.041" /><testcase classname="backend.tests.test_single_classroom_quest_display.TestSingleClassroomConstraint" name="test_invalid_classroom_code_returns_404" time="0.039" /><testcase classname="backend.tests.test_single_classroom_quest_display.TestQuestDisplayBugFix" name="test_get_child_quests_returns_data" time="0.043" /><testcase classname="backend.tests.test_single_classroom_quest_display.TestQuestDisplayBugFix" name="test_quests_have_total_points" time="0.038" /><testcase classname="backend.tests.test_single_classroom_quest_display.TestQuestDisplayBugFix" name="test_needs_quest_has_correct_total_points" time="0.041" /><testcase classname="backend.tests.test_single_classroom_quest_display.TestQuestDisplayBugFix" name="test_quests_with_questions_have_default_points" time="0.040" /><testcase classname="backend.tests.test_single_classroom_quest_display.TestQuestDisplayBugFix" name="test_quest_questions_have_required_fields" time="0.045" /><testcase classname="backend.tests.test_single_classroom_quest_display.TestQuestDisplayBugFix" name="test_quest_user_status_field" time="0.037" /><testcase classname="backend.tests.test_single_classroom_quest_display.TestQuestCreationDefaultPoints" name="test_admin_quest_creation_with_default_points" time="0.040" /></testsuite></testsuites>