<?xml version="1.0" encoding="utf-8"?><testsuites name="pytest tests"><testsuite name="pytest" errors="0" failures="0" skipped="0" tests="24" time="1.682" timestamp="2026-01-28T04:26:14.786621+00:00" hostname="agent-env-5b3c18d4-13e3-4573-9a0f-93f86d573a8f"><testcase classname="backend.tests.test_stock_market_features.TestWalletTransfer" name="test_get_wallet_balance" time="0.057" /><testcase classname="backend.tests.test_stock_market_features.TestWalletTransfer" name="test_transfer_spending_to_investing" time="0.109" /><testcase classname="backend.tests.test_stock_market_features.TestWalletTransfer" name="test_transfer_investing_to_spending" time="0.105" /><testcase classname="backend.tests.test_stock_market_features.TestWalletTransfer" name="test_transfer_insufficient_balance" time="0.035" /><testcase classname="backend.tests.test_stock_market_features.TestStockList" name="test_get_stocks_list" time="0.034" /><testcase classname="backend.tests.test_stock_market_features.TestStockList" name="test_stocks_have_educational_info" time="0.035" /><testcase classname="backend.tests.test_stock_market_features.TestStockDetail" name="test_get_stock_detail" time="0.114" /><testcase classname="backend.tests.test_stock_market_features.TestStockDetail" name="test_stock_not_found" time="0.040" /><testcase classname="backend.tests.test_stock_market_features.TestBuyStock" name="test_buy_stock_success" time="0.146" /><testcase classname="backend.tests.test_stock_market_features.TestBuyStock" name="test_buy_insufficient_funds" time="0.065" /><testcase classname="backend.tests.test_stock_market_features.TestSellStock" name="test_sell_stock_success" time="0.190" /><testcase classname="backend.tests.test_stock_market_features.TestSellStock" name="test_sell_insufficient_shares" time="0.111" /><testcase classname="backend.tests.test_stock_market_features.TestPortfolio" name="test_get_portfolio" time="0.035" /><testcase classname="backend.tests.test_stock_market_features.TestMarketStatus" name="test_get_market_status" time="0.032" /><testcase classname="backend.tests.test_stock_market_features.TestAdminStockManagement" name="test_admin_get_stocks" time="0.037" /><testcase classname="backend.tests.test_stock_market_features.TestAdminStockManagement" name="test_admin_create_stock" time="0.064" /><testcase classname="backend.tests.test_stock_market_features.TestAdminStockManagement" name="test_admin_get_stock_categories" time="0.033" /><testcase classname="backend.tests.test_stock_market_features.TestAdminStockManagement" name="test_admin_create_category" time="0.106" /><testcase classname="backend.tests.test_stock_market_features.TestAdminStockManagement" name="test_admin_get_stock_news" time="0.036" /><testcase classname="backend.tests.test_stock_market_features.TestAdminStockManagement" name="test_admin_create_news" time="0.071" /><testcase classname="backend.tests.test_stock_market_features.TestNotifications" name="test_get_notifications" time="0.036" /><testcase classname="backend.tests.test_stock_market_features.TestNotifications" name="test_notification_structure" time="0.035" /><testcase classname="backend.tests.test_stock_market_features.TestChildDashboard" name="test_get_child_quests" time="0.034" /><testcase classname="backend.tests.test_stock_market_features.TestStockTransactions" name="test_get_stock_transactions" time="0.034" /></testsuite></testsuites>