<?xml version="1.0" encoding="utf-8"?><testsuites name="pytest tests"><testsuite name="pytest" errors="0" failures="0" skipped="0" tests="15" time="1.291" timestamp="2026-01-13T12:46:37.766523+00:00" hostname="agent-env-4e809fa1-1040-4a97-a9df-e3a40a179807"><testcase classname="tests.test_store_investment_child.TestAdminLogin" name="test_admin_login_success" time="0.095" /><testcase classname="tests.test_store_investment_child.TestAdminLogin" name="test_admin_login_wrong_password" time="0.051" /><testcase classname="tests.test_store_investment_child.TestStoreCategories" name="test_get_store_categories" time="0.081" /><testcase classname="tests.test_store_investment_child.TestStoreCategories" name="test_store_categories_have_expected_names" time="0.077" /><testcase classname="tests.test_store_investment_child.TestStoreItemsByCategory" name="test_get_items_by_category_for_admin" time="0.075" /><testcase classname="tests.test_store_investment_child.TestStoreItemsByCategory" name="test_items_have_expected_products" time="0.072" /><testcase classname="tests.test_store_investment_child.TestStoreItemsByCategory" name="test_items_have_unit_field" time="0.076" /><testcase classname="tests.test_store_investment_child.TestInvestmentPlants" name="test_get_investment_plants" time="0.075" /><testcase classname="tests.test_store_investment_child.TestInvestmentPlants" name="test_sunflower_seeds_exists" time="0.074" /><testcase classname="tests.test_store_investment_child.TestInvestmentStocks" name="test_get_investment_stocks" time="0.069" /><testcase classname="tests.test_store_investment_child.TestInvestmentStocks" name="test_stock_has_required_fields" time="0.072" /><testcase classname="tests.test_store_investment_child.TestInvestmentPortfolio" name="test_portfolio_returns_holdings_array" time="0.072" /><testcase classname="tests.test_store_investment_child.TestInvestmentBuyAPI" name="test_buy_with_investment_type_field" time="0.103" /><testcase classname="tests.test_store_investment_child.TestInvestmentSellAPI" name="test_sell_with_holding_id_field" time="0.079" /><testcase classname="tests.test_store_investment_child.TestWalletAPI" name="test_get_wallet" time="0.079" /></testsuite></testsuites>