<?xml version="1.0" encoding="utf-8"?><testsuites name="pytest tests"><testsuite name="pytest" errors="0" failures="0" skipped="0" tests="5" time="2.025" timestamp="2026-09-14T05:49:08.130228+00:00" hostname="agent-env-36efa4a8-c5d1-4e45-970f-21007ea1702d"><testcase classname="backend.tests.test_streak_on_lesson_completion" name="test_auth_me_does_not_advance_streak" time="0.827" /><testcase classname="backend.tests.test_streak_on_lesson_completion" name="test_lesson_completion_advances_streak" time="0.363" /><testcase classname="backend.tests.test_streak_on_lesson_completion" name="test_second_completion_same_day_no_streak_advance" time="0.287" /><testcase classname="backend.tests.test_streak_on_lesson_completion" name="test_streak_checkin_endpoint_still_works" time="0.071" /><testcase classname="backend.tests.test_streak_on_lesson_completion" name="test_g45_user_streak_visible_on_me" time="0.425" /></testsuite></testsuites>