<?xml version="1.0" encoding="utf-8"?><testsuites name="pytest tests"><testsuite name="pytest" errors="0" failures="0" skipped="0" tests="9" time="1.376" timestamp="2026-04-17T12:28:18.314109+00:00" hostname="agent-env-0c73a36c-3234-41b8-a579-1bd5c81f2954"><testcase classname="backend.tests.test_subscription_gating.TestSubscriptionGating" name="test_signup_without_subscription_returns_403" time="0.226" /><testcase classname="backend.tests.test_subscription_gating.TestSubscriptionGating" name="test_login_parent_without_subscription_returns_403" time="0.114" /><testcase classname="backend.tests.test_subscription_gating.TestSubscriptionGating" name="test_admin_login_works_without_subscription_check" time="0.120" /><testcase classname="backend.tests.test_subscription_gating.TestSubscriptionGating" name="test_login_wrong_credentials_returns_401_not_403" time="0.146" /><testcase classname="backend.tests.test_subscription_gating.TestSubscriptionGating" name="test_admin_login_wrong_password_returns_401" time="0.151" /><testcase classname="backend.tests.test_subscription_gating.TestSubscriptionGating" name="test_unified_login_endpoint_exists" time="0.111" /><testcase classname="backend.tests.test_subscription_gating.TestSubscriptionGating" name="test_signup_endpoint_exists" time="0.148" /><testcase classname="backend.tests.test_subscription_gating.TestSubscriptionGatingEdgeCases" name="test_signup_invalid_email_format" time="0.181" /><testcase classname="backend.tests.test_subscription_gating.TestSubscriptionGatingEdgeCases" name="test_school_login_endpoint_exists" time="0.115" /></testsuite></testsuites>