<?xml version="1.0" encoding="utf-8"?><testsuites name="pytest tests"><testsuite name="pytest" errors="0" failures="0" skipped="0" tests="13" time="2.184" timestamp="2026-03-17T10:45:44.643566+00:00" hostname="agent-env-6b6094ed-2512-495e-a341-e98abe23b3f3"><testcase classname="backend.tests.test_subscriptions.TestPublicPlanEndpoints" name="test_get_plans_returns_all_pricing" time="0.246" /><testcase classname="backend.tests.test_subscriptions.TestCreateOrderEndpoint" name="test_create_order_success" time="0.978" /><testcase classname="backend.tests.test_subscriptions.TestCreateOrderEndpoint" name="test_create_order_invalid_plan_type" time="0.052" /><testcase classname="backend.tests.test_subscriptions.TestCreateOrderEndpoint" name="test_create_order_invalid_duration" time="0.058" /><testcase classname="backend.tests.test_subscriptions.TestCreateOrderEndpoint" name="test_create_order_invalid_children_count" time="0.049" /><testcase classname="backend.tests.test_subscriptions.TestVerifyPaymentEndpoint" name="test_verify_payment_invalid_signature" time="0.050" /><testcase classname="backend.tests.test_subscriptions.TestCheckAccessEndpoint" name="test_check_access_no_subscription" time="0.048" /><testcase classname="backend.tests.test_subscriptions.TestAdminSubscriptionEndpoints" name="test_admin_list_subscriptions" time="0.107" /><testcase classname="backend.tests.test_subscriptions.TestAdminSubscriptionEndpoints" name="test_admin_get_plan_config" time="0.057" /><testcase classname="backend.tests.test_subscriptions.TestAdminSubscriptionEndpoints" name="test_admin_update_plan_config" time="0.220" /><testcase classname="backend.tests.test_subscriptions.TestAdminSubscriptionEndpoints" name="test_admin_update_plan_config_invalid_plan_type" time="0.051" /><testcase classname="backend.tests.test_subscriptions.TestAdminToggleSubscription" name="test_admin_toggle_nonexistent_subscription" time="0.047" /><testcase classname="backend.tests.test_subscriptions.TestAdminUnauthorizedAccess" name="test_admin_list_unauthorized" time="0.145" /></testsuite></testsuites>