<?xml version="1.0" encoding="utf-8"?><testsuites name="pytest tests"><testsuite name="pytest" errors="0" failures="0" skipped="0" tests="11" time="3.131" timestamp="2026-02-20T13:57:52.930816+00:00" hostname="agent-env-6067efd4-3156-45e1-94e5-478b8f3bc740"><testcase classname="backend.tests.test_teacher_repository.TestRepositoryUpload" name="test_upload_png_image" time="0.243" /><testcase classname="backend.tests.test_teacher_repository.TestRepositoryUpload" name="test_upload_jpg_image" time="0.177" /><testcase classname="backend.tests.test_teacher_repository.TestRepositoryUpload" name="test_upload_pdf_file" time="0.183" /><testcase classname="backend.tests.test_teacher_repository.TestRepositoryUpload" name="test_upload_invalid_file_type" time="0.160" /><testcase classname="backend.tests.test_teacher_repository.TestRepositoryUpload" name="test_uploaded_file_accessible" time="0.235" /><testcase classname="backend.tests.test_teacher_repository.TestAdminRepository" name="test_get_repository_items" time="0.179" /><testcase classname="backend.tests.test_teacher_repository.TestAdminRepository" name="test_get_repository_with_filter" time="0.216" /><testcase classname="backend.tests.test_teacher_repository.TestAdminRepository" name="test_create_and_delete_repository_item" time="0.645" /><testcase classname="backend.tests.test_teacher_repository.TestAdminRepository" name="test_update_repository_item" time="0.575" /><testcase classname="backend.tests.test_teacher_repository.TestTeacherRepository" name="test_teacher_get_repository" time="0.213" /><testcase classname="backend.tests.test_teacher_repository.TestTeacherRepository" name="test_teacher_get_subtopics" time="0.249" /></testsuite></testsuites>