<?xml version="1.0" encoding="utf-8"?><testsuites name="pytest tests"><testsuite name="pytest" errors="0" failures="0" skipped="0" tests="11" time="1.506" timestamp="2026-01-15T13:59:27.768247+00:00" hostname="agent-env-15b5955d-84a8-44a1-8bfb-0a52c6c1d078"><testcase classname="tests.test_teacher_quests.TestTeacherQuestAPIs" name="test_get_teacher_quests_initial" time="0.492" /><testcase classname="tests.test_teacher_quests.TestTeacherQuestAPIs" name="test_create_teacher_quest_mcq" time="0.043" /><testcase classname="tests.test_teacher_quests.TestTeacherQuestAPIs" name="test_create_teacher_quest_multi_select" time="0.039" /><testcase classname="tests.test_teacher_quests.TestTeacherQuestAPIs" name="test_create_teacher_quest_true_false" time="0.042" /><testcase classname="tests.test_teacher_quests.TestTeacherQuestAPIs" name="test_create_teacher_quest_value_entry" time="0.040" /><testcase classname="tests.test_teacher_quests.TestTeacherQuestAPIs" name="test_get_teacher_quests_with_data" time="0.034" /><testcase classname="tests.test_teacher_quests.TestTeacherQuestAPIs" name="test_create_quest_with_multiple_questions" time="0.051" /><testcase classname="tests.test_teacher_quests.TestTeacherQuestAPIs" name="test_delete_teacher_quest" time="0.046" /><testcase classname="tests.test_teacher_quests.TestTeacherQuestAPIs" name="test_teacher_dashboard_api" time="0.037" /><testcase classname="tests.test_teacher_quests.TestTeacherQuestAPIs" name="test_teacher_classroom_details" time="0.037" /><testcase classname="tests.test_teacher_quests.TestTeacherQuestCleanup" name="test_cleanup_remaining_quests" time="0.579" /></testsuite></testsuites>