<?xml version="1.0" encoding="utf-8"?><testsuites name="pytest tests"><testsuite name="pytest" errors="0" failures="7" skipped="0" tests="11" time="3.122" timestamp="2026-02-20T13:57:06.175861+00:00" hostname="agent-env-6067efd4-3156-45e1-94e5-478b8f3bc740"><testcase classname="backend.tests.test_teacher_repository.TestRepositoryUpload" name="test_upload_png_image" time="0.398"><failure message="AssertionError: PNG upload failed: {&quot;detail&quot;:[{&quot;type&quot;:&quot;missing&quot;,&quot;loc&quot;:[&quot;body&quot;,&quot;file&quot;],&quot;msg&quot;:&quot;Field required&quot;,&quot;input&quot;:null,&quot;url&quot;:&quot;https://errors.pydantic.dev/2.12/v/missing&quot;}]}&#10;assert 422 == 200&#10; +  where 422 = &lt;Response [422]&gt;.status_code">backend/tests/test_teacher_repository.py:59: in test_upload_png_image
    assert response.status_code == 200, f"PNG upload failed: {response.text}"
E   AssertionError: PNG upload failed: {"detail":[{"type":"missing","loc":["body","file"],"msg":"Field required","input":null,"url":"https://errors.pydantic.dev/2.12/v/missing"}]}
E   assert 422 == 200
E    +  where 422 = &lt;Response [422]&gt;.status_code</failure></testcase><testcase classname="backend.tests.test_teacher_repository.TestRepositoryUpload" name="test_upload_jpg_image" time="0.182"><failure message="AssertionError: JPG upload failed: {&quot;detail&quot;:[{&quot;type&quot;:&quot;missing&quot;,&quot;loc&quot;:[&quot;body&quot;,&quot;file&quot;],&quot;msg&quot;:&quot;Field required&quot;,&quot;input&quot;:null,&quot;url&quot;:&quot;https://errors.pydantic.dev/2.12/v/missing&quot;}]}&#10;assert 422 == 200&#10; +  where 422 = &lt;Response [422]&gt;.status_code">backend/tests/test_teacher_repository.py:123: in test_upload_jpg_image
    assert response.status_code == 200, f"JPG upload failed: {response.text}"
E   AssertionError: JPG upload failed: {"detail":[{"type":"missing","loc":["body","file"],"msg":"Field required","input":null,"url":"https://errors.pydantic.dev/2.12/v/missing"}]}
E   assert 422 == 200
E    +  where 422 = &lt;Response [422]&gt;.status_code</failure></testcase><testcase classname="backend.tests.test_teacher_repository.TestRepositoryUpload" name="test_upload_pdf_file" time="0.246"><failure message="AssertionError: PDF upload failed: {&quot;detail&quot;:[{&quot;type&quot;:&quot;missing&quot;,&quot;loc&quot;:[&quot;body&quot;,&quot;file&quot;],&quot;msg&quot;:&quot;Field required&quot;,&quot;input&quot;:null,&quot;url&quot;:&quot;https://errors.pydantic.dev/2.12/v/missing&quot;}]}&#10;assert 422 == 200&#10; +  where 422 = &lt;Response [422]&gt;.status_code">backend/tests/test_teacher_repository.py:154: in test_upload_pdf_file
    assert response.status_code == 200, f"PDF upload failed: {response.text}"
E   AssertionError: PDF upload failed: {"detail":[{"type":"missing","loc":["body","file"],"msg":"Field required","input":null,"url":"https://errors.pydantic.dev/2.12/v/missing"}]}
E   assert 422 == 200
E    +  where 422 = &lt;Response [422]&gt;.status_code</failure></testcase><testcase classname="backend.tests.test_teacher_repository.TestRepositoryUpload" name="test_upload_invalid_file_type" time="0.174"><failure message="AssertionError: Expected 400 for invalid file type, got: 422&#10;assert 422 == 400&#10; +  where 422 = &lt;Response [422]&gt;.status_code">backend/tests/test_teacher_repository.py:170: in test_upload_invalid_file_type
    assert response.status_code == 400, f"Expected 400 for invalid file type, got: {response.status_code}"
E   AssertionError: Expected 400 for invalid file type, got: 422
E   assert 422 == 400
E    +  where 422 = &lt;Response [422]&gt;.status_code</failure></testcase><testcase classname="backend.tests.test_teacher_repository.TestRepositoryUpload" name="test_uploaded_file_accessible" time="0.285"><failure message="assert 422 == 200&#10; +  where 422 = &lt;Response [422]&gt;.status_code">backend/tests/test_teacher_repository.py:194: in test_uploaded_file_accessible
    assert upload_response.status_code == 200
E   assert 422 == 200
E    +  where 422 = &lt;Response [422]&gt;.status_code</failure></testcase><testcase classname="backend.tests.test_teacher_repository.TestAdminRepository" name="test_get_repository_items" time="0.340" /><testcase classname="backend.tests.test_teacher_repository.TestAdminRepository" name="test_get_repository_with_filter" time="0.241" /><testcase classname="backend.tests.test_teacher_repository.TestAdminRepository" name="test_create_and_delete_repository_item" time="0.297"><failure message="assert 422 == 200&#10; +  where 422 = &lt;Response [422]&gt;.status_code">backend/tests/test_teacher_repository.py:262: in test_create_and_delete_repository_item
    assert upload_response.status_code == 200
E   assert 422 == 200
E    +  where 422 = &lt;Response [422]&gt;.status_code</failure></testcase><testcase classname="backend.tests.test_teacher_repository.TestAdminRepository" name="test_update_repository_item" time="0.176"><failure message="KeyError: 'url'">backend/tests/test_teacher_repository.py:340: in test_update_repository_item
    file_url = upload_response.json()["url"]
               ^^^^^^^^^^^^^^^^^^^^^^^^^^^^^
E   KeyError: 'url'</failure></testcase><testcase classname="backend.tests.test_teacher_repository.TestTeacherRepository" name="test_teacher_get_repository" time="0.187" /><testcase classname="backend.tests.test_teacher_repository.TestTeacherRepository" name="test_teacher_get_subtopics" time="0.345" /></testsuite></testsuites>