<?xml version="1.0" encoding="utf-8"?><testsuites name="pytest tests"><testsuite name="pytest" errors="0" failures="1" skipped="0" tests="2" time="0.544" timestamp="2026-07-29T16:00:40.891751+00:00" hostname="agent-env-5061d5c6-945b-4bb7-8ce5-2c0014fde0b0"><testcase classname="backend.tests.test_teacher_topic_bugfix" name="test_teacher_topic_returns_subtopics" time="0.282" /><testcase classname="backend.tests.test_teacher_topic_bugfix" name="test_child_topic_returns_subtopics" time="0.198"><failure message="assert 404 == 200&#10; +  where 404 = &lt;Response [404]&gt;.status_code">backend/tests/test_teacher_topic_bugfix.py:67: in test_child_topic_returns_subtopics
    assert r.status_code == 200
E   assert 404 == 200
E    +  where 404 = &lt;Response [404]&gt;.status_code</failure></testcase></testsuite></testsuites>