<?xml version="1.0" encoding="utf-8"?><testsuites name="pytest tests"><testsuite name="pytest" errors="12" failures="0" skipped="0" tests="12" time="0.633" timestamp="2026-01-15T13:58:39.533878+00:00" hostname="agent-env-15b5955d-84a8-44a1-8bfb-0a52c6c1d078"><testcase classname="tests.test_teacher_quests.TestTeacherQuestAPIs" name="test_get_teacher_quests_empty" time="0.451"><error message="failed on setup with &quot;json.decoder.JSONDecodeError: Expecting property name enclosed in double quotes: line 1 column 2 (char 1)&quot;">tests/test_teacher_quests.py:77: in setup_test_teacher
    data = json.loads(line)
           ^^^^^^^^^^^^^^^^
/usr/local/lib/python3.11/json/__init__.py:346: in loads
    return _default_decoder.decode(s)
           ^^^^^^^^^^^^^^^^^^^^^^^^^^
/usr/local/lib/python3.11/json/decoder.py:337: in decode
    obj, end = self.raw_decode(s, idx=_w(s, 0).end())
               ^^^^^^^^^^^^^^^^^^^^^^^^^^^^^^^^^^^^^^
/usr/local/lib/python3.11/json/decoder.py:353: in raw_decode
    obj, end = self.scan_once(s, idx)
               ^^^^^^^^^^^^^^^^^^^^^^
E   json.decoder.JSONDecodeError: Expecting property name enclosed in double quotes: line 1 column 2 (char 1)</error></testcase><testcase classname="tests.test_teacher_quests.TestTeacherQuestAPIs" name="test_create_teacher_quest_mcq" time="0.000"><error message="failed on setup with &quot;json.decoder.JSONDecodeError: Expecting property name enclosed in double quotes: line 1 column 2 (char 1)&quot;">tests/test_teacher_quests.py:77: in setup_test_teacher
    data = json.loads(line)
           ^^^^^^^^^^^^^^^^
/usr/local/lib/python3.11/json/__init__.py:346: in loads
    return _default_decoder.decode(s)
           ^^^^^^^^^^^^^^^^^^^^^^^^^^
/usr/local/lib/python3.11/json/decoder.py:337: in decode
    obj, end = self.raw_decode(s, idx=_w(s, 0).end())
               ^^^^^^^^^^^^^^^^^^^^^^^^^^^^^^^^^^^^^^
/usr/local/lib/python3.11/json/decoder.py:353: in raw_decode
    obj, end = self.scan_once(s, idx)
               ^^^^^^^^^^^^^^^^^^^^^^
E   json.decoder.JSONDecodeError: Expecting property name enclosed in double quotes: line 1 column 2 (char 1)</error></testcase><testcase classname="tests.test_teacher_quests.TestTeacherQuestAPIs" name="test_create_teacher_quest_multi_select" time="0.000"><error message="failed on setup with &quot;json.decoder.JSONDecodeError: Expecting property name enclosed in double quotes: line 1 column 2 (char 1)&quot;">tests/test_teacher_quests.py:77: in setup_test_teacher
    data = json.loads(line)
           ^^^^^^^^^^^^^^^^
/usr/local/lib/python3.11/json/__init__.py:346: in loads
    return _default_decoder.decode(s)
           ^^^^^^^^^^^^^^^^^^^^^^^^^^
/usr/local/lib/python3.11/json/decoder.py:337: in decode
    obj, end = self.raw_decode(s, idx=_w(s, 0).end())
               ^^^^^^^^^^^^^^^^^^^^^^^^^^^^^^^^^^^^^^
/usr/local/lib/python3.11/json/decoder.py:353: in raw_decode
    obj, end = self.scan_once(s, idx)
               ^^^^^^^^^^^^^^^^^^^^^^
E   json.decoder.JSONDecodeError: Expecting property name enclosed in double quotes: line 1 column 2 (char 1)</error></testcase><testcase classname="tests.test_teacher_quests.TestTeacherQuestAPIs" name="test_create_teacher_quest_true_false" time="0.000"><error message="failed on setup with &quot;json.decoder.JSONDecodeError: Expecting property name enclosed in double quotes: line 1 column 2 (char 1)&quot;">tests/test_teacher_quests.py:77: in setup_test_teacher
    data = json.loads(line)
           ^^^^^^^^^^^^^^^^
/usr/local/lib/python3.11/json/__init__.py:346: in loads
    return _default_decoder.decode(s)
           ^^^^^^^^^^^^^^^^^^^^^^^^^^
/usr/local/lib/python3.11/json/decoder.py:337: in decode
    obj, end = self.raw_decode(s, idx=_w(s, 0).end())
               ^^^^^^^^^^^^^^^^^^^^^^^^^^^^^^^^^^^^^^
/usr/local/lib/python3.11/json/decoder.py:353: in raw_decode
    obj, end = self.scan_once(s, idx)
               ^^^^^^^^^^^^^^^^^^^^^^
E   json.decoder.JSONDecodeError: Expecting property name enclosed in double quotes: line 1 column 2 (char 1)</error></testcase><testcase classname="tests.test_teacher_quests.TestTeacherQuestAPIs" name="test_create_teacher_quest_value_entry" time="0.000"><error message="failed on setup with &quot;json.decoder.JSONDecodeError: Expecting property name enclosed in double quotes: line 1 column 2 (char 1)&quot;">tests/test_teacher_quests.py:77: in setup_test_teacher
    data = json.loads(line)
           ^^^^^^^^^^^^^^^^
/usr/local/lib/python3.11/json/__init__.py:346: in loads
    return _default_decoder.decode(s)
           ^^^^^^^^^^^^^^^^^^^^^^^^^^
/usr/local/lib/python3.11/json/decoder.py:337: in decode
    obj, end = self.raw_decode(s, idx=_w(s, 0).end())
               ^^^^^^^^^^^^^^^^^^^^^^^^^^^^^^^^^^^^^^
/usr/local/lib/python3.11/json/decoder.py:353: in raw_decode
    obj, end = self.scan_once(s, idx)
               ^^^^^^^^^^^^^^^^^^^^^^
E   json.decoder.JSONDecodeError: Expecting property name enclosed in double quotes: line 1 column 2 (char 1)</error></testcase><testcase classname="tests.test_teacher_quests.TestTeacherQuestAPIs" name="test_get_teacher_quests_with_data" time="0.000"><error message="failed on setup with &quot;json.decoder.JSONDecodeError: Expecting property name enclosed in double quotes: line 1 column 2 (char 1)&quot;">tests/test_teacher_quests.py:77: in setup_test_teacher
    data = json.loads(line)
           ^^^^^^^^^^^^^^^^
/usr/local/lib/python3.11/json/__init__.py:346: in loads
    return _default_decoder.decode(s)
           ^^^^^^^^^^^^^^^^^^^^^^^^^^
/usr/local/lib/python3.11/json/decoder.py:337: in decode
    obj, end = self.raw_decode(s, idx=_w(s, 0).end())
               ^^^^^^^^^^^^^^^^^^^^^^^^^^^^^^^^^^^^^^
/usr/local/lib/python3.11/json/decoder.py:353: in raw_decode
    obj, end = self.scan_once(s, idx)
               ^^^^^^^^^^^^^^^^^^^^^^
E   json.decoder.JSONDecodeError: Expecting property name enclosed in double quotes: line 1 column 2 (char 1)</error></testcase><testcase classname="tests.test_teacher_quests.TestTeacherQuestAPIs" name="test_create_quest_with_multiple_questions" time="0.000"><error message="failed on setup with &quot;json.decoder.JSONDecodeError: Expecting property name enclosed in double quotes: line 1 column 2 (char 1)&quot;">tests/test_teacher_quests.py:77: in setup_test_teacher
    data = json.loads(line)
           ^^^^^^^^^^^^^^^^
/usr/local/lib/python3.11/json/__init__.py:346: in loads
    return _default_decoder.decode(s)
           ^^^^^^^^^^^^^^^^^^^^^^^^^^
/usr/local/lib/python3.11/json/decoder.py:337: in decode
    obj, end = self.raw_decode(s, idx=_w(s, 0).end())
               ^^^^^^^^^^^^^^^^^^^^^^^^^^^^^^^^^^^^^^
/usr/local/lib/python3.11/json/decoder.py:353: in raw_decode
    obj, end = self.scan_once(s, idx)
               ^^^^^^^^^^^^^^^^^^^^^^
E   json.decoder.JSONDecodeError: Expecting property name enclosed in double quotes: line 1 column 2 (char 1)</error></testcase><testcase classname="tests.test_teacher_quests.TestTeacherQuestAPIs" name="test_delete_teacher_quest" time="0.000"><error message="failed on setup with &quot;json.decoder.JSONDecodeError: Expecting property name enclosed in double quotes: line 1 column 2 (char 1)&quot;">tests/test_teacher_quests.py:77: in setup_test_teacher
    data = json.loads(line)
           ^^^^^^^^^^^^^^^^
/usr/local/lib/python3.11/json/__init__.py:346: in loads
    return _default_decoder.decode(s)
           ^^^^^^^^^^^^^^^^^^^^^^^^^^
/usr/local/lib/python3.11/json/decoder.py:337: in decode
    obj, end = self.raw_decode(s, idx=_w(s, 0).end())
               ^^^^^^^^^^^^^^^^^^^^^^^^^^^^^^^^^^^^^^
/usr/local/lib/python3.11/json/decoder.py:353: in raw_decode
    obj, end = self.scan_once(s, idx)
               ^^^^^^^^^^^^^^^^^^^^^^
E   json.decoder.JSONDecodeError: Expecting property name enclosed in double quotes: line 1 column 2 (char 1)</error></testcase><testcase classname="tests.test_teacher_quests.TestTeacherQuestAPIs" name="test_create_quest_validation_missing_title" time="0.000"><error message="failed on setup with &quot;json.decoder.JSONDecodeError: Expecting property name enclosed in double quotes: line 1 column 2 (char 1)&quot;">tests/test_teacher_quests.py:77: in setup_test_teacher
    data = json.loads(line)
           ^^^^^^^^^^^^^^^^
/usr/local/lib/python3.11/json/__init__.py:346: in loads
    return _default_decoder.decode(s)
           ^^^^^^^^^^^^^^^^^^^^^^^^^^
/usr/local/lib/python3.11/json/decoder.py:337: in decode
    obj, end = self.raw_decode(s, idx=_w(s, 0).end())
               ^^^^^^^^^^^^^^^^^^^^^^^^^^^^^^^^^^^^^^
/usr/local/lib/python3.11/json/decoder.py:353: in raw_decode
    obj, end = self.scan_once(s, idx)
               ^^^^^^^^^^^^^^^^^^^^^^
E   json.decoder.JSONDecodeError: Expecting property name enclosed in double quotes: line 1 column 2 (char 1)</error></testcase><testcase classname="tests.test_teacher_quests.TestTeacherQuestAPIs" name="test_teacher_dashboard_api" time="0.000"><error message="failed on setup with &quot;json.decoder.JSONDecodeError: Expecting property name enclosed in double quotes: line 1 column 2 (char 1)&quot;">tests/test_teacher_quests.py:77: in setup_test_teacher
    data = json.loads(line)
           ^^^^^^^^^^^^^^^^
/usr/local/lib/python3.11/json/__init__.py:346: in loads
    return _default_decoder.decode(s)
           ^^^^^^^^^^^^^^^^^^^^^^^^^^
/usr/local/lib/python3.11/json/decoder.py:337: in decode
    obj, end = self.raw_decode(s, idx=_w(s, 0).end())
               ^^^^^^^^^^^^^^^^^^^^^^^^^^^^^^^^^^^^^^
/usr/local/lib/python3.11/json/decoder.py:353: in raw_decode
    obj, end = self.scan_once(s, idx)
               ^^^^^^^^^^^^^^^^^^^^^^
E   json.decoder.JSONDecodeError: Expecting property name enclosed in double quotes: line 1 column 2 (char 1)</error></testcase><testcase classname="tests.test_teacher_quests.TestTeacherQuestAPIs" name="test_teacher_classroom_details" time="0.000"><error message="failed on setup with &quot;json.decoder.JSONDecodeError: Expecting property name enclosed in double quotes: line 1 column 2 (char 1)&quot;">tests/test_teacher_quests.py:77: in setup_test_teacher
    data = json.loads(line)
           ^^^^^^^^^^^^^^^^
/usr/local/lib/python3.11/json/__init__.py:346: in loads
    return _default_decoder.decode(s)
           ^^^^^^^^^^^^^^^^^^^^^^^^^^
/usr/local/lib/python3.11/json/decoder.py:337: in decode
    obj, end = self.raw_decode(s, idx=_w(s, 0).end())
               ^^^^^^^^^^^^^^^^^^^^^^^^^^^^^^^^^^^^^^
/usr/local/lib/python3.11/json/decoder.py:353: in raw_decode
    obj, end = self.scan_once(s, idx)
               ^^^^^^^^^^^^^^^^^^^^^^
E   json.decoder.JSONDecodeError: Expecting property name enclosed in double quotes: line 1 column 2 (char 1)</error></testcase><testcase classname="tests.test_teacher_quests.TestTeacherQuestCleanup" name="test_cleanup_remaining_quests" time="0.000"><error message="failed on setup with &quot;json.decoder.JSONDecodeError: Expecting property name enclosed in double quotes: line 1 column 2 (char 1)&quot;">tests/test_teacher_quests.py:77: in setup_test_teacher
    data = json.loads(line)
           ^^^^^^^^^^^^^^^^
/usr/local/lib/python3.11/json/__init__.py:346: in loads
    return _default_decoder.decode(s)
           ^^^^^^^^^^^^^^^^^^^^^^^^^^
/usr/local/lib/python3.11/json/decoder.py:337: in decode
    obj, end = self.raw_decode(s, idx=_w(s, 0).end())
               ^^^^^^^^^^^^^^^^^^^^^^^^^^^^^^^^^^^^^^
/usr/local/lib/python3.11/json/decoder.py:353: in raw_decode
    obj, end = self.scan_once(s, idx)
               ^^^^^^^^^^^^^^^^^^^^^^
E   json.decoder.JSONDecodeError: Expecting property name enclosed in double quotes: line 1 column 2 (char 1)</error></testcase></testsuite></testsuites>