<?xml version="1.0" encoding="utf-8"?><testsuites name="pytest tests"><testsuite name="pytest" errors="0" failures="0" skipped="0" tests="19" time="2.478" timestamp="2026-03-20T05:57:05.653838+00:00" hostname="agent-env-24cb2630-b0de-4299-9fb5-55541419f710"><testcase classname="backend.tests.test_tiered_pricing.TestGetPlansEndpoint" name="test_plans_endpoint_returns_200" time="0.154" /><testcase classname="backend.tests.test_tiered_pricing.TestGetPlansEndpoint" name="test_plans_contains_both_plan_types" time="0.116" /><testcase classname="backend.tests.test_tiered_pricing.TestGetPlansEndpoint" name="test_each_plan_has_child_prices_array" time="0.135" /><testcase classname="backend.tests.test_tiered_pricing.TestGetPlansEndpoint" name="test_each_plan_has_extra_child_per_day" time="0.100" /><testcase classname="backend.tests.test_tiered_pricing.TestSingleParentPricing" name="test_single_parent_1_day_pricing" time="0.137" /><testcase classname="backend.tests.test_tiered_pricing.TestSingleParentPricing" name="test_single_parent_1_month_pricing" time="0.132" /><testcase classname="backend.tests.test_tiered_pricing.TestSingleParentPricing" name="test_single_parent_6_months_pricing" time="0.147" /><testcase classname="backend.tests.test_tiered_pricing.TestSingleParentPricing" name="test_single_parent_1_year_pricing" time="0.141" /><testcase classname="backend.tests.test_tiered_pricing.TestTwoParentsPricing" name="test_two_parents_1_day_pricing" time="0.106" /><testcase classname="backend.tests.test_tiered_pricing.TestTwoParentsPricing" name="test_two_parents_1_month_pricing" time="0.109" /><testcase classname="backend.tests.test_tiered_pricing.TestTwoParentsPricing" name="test_two_parents_6_months_pricing" time="0.118" /><testcase classname="backend.tests.test_tiered_pricing.TestTwoParentsPricing" name="test_two_parents_1_year_pricing" time="0.099" /><testcase classname="backend.tests.test_tiered_pricing.TestTotalCalculation" name="test_single_parent_6_months_3_children" time="0.098" /><testcase classname="backend.tests.test_tiered_pricing.TestTotalCalculation" name="test_two_parents_1_year_5_children" time="0.102" /><testcase classname="backend.tests.test_tiered_pricing.TestTotalCalculation" name="test_single_parent_1_month_2_children" time="0.100" /><testcase classname="backend.tests.test_tiered_pricing.TestTotalCalculation" name="test_single_parent_1_day_1_child" time="0.103" /><testcase classname="backend.tests.test_tiered_pricing.TestAdminPlanConfigEndpoint" name="test_admin_plan_config_get" time="0.186" /><testcase classname="backend.tests.test_tiered_pricing.TestAdminPlanConfigEndpoint" name="test_admin_plan_config_post_accepts_child_prices_array" time="0.215" /><testcase classname="backend.tests.test_tiered_pricing.TestAdminPlanConfigEndpoint" name="test_admin_plan_config_requires_auth" time="0.100" /></testsuite></testsuites>