<?xml version="1.0" encoding="utf-8"?><testsuites name="pytest tests"><testsuite name="pytest" errors="0" failures="0" skipped="0" tests="10" time="0.928" timestamp="2026-08-06T11:37:47.525406+00:00" hostname="agent-env-d1ff486f-1788-4f08-a4a7-301df0a691a6"><testcase classname="backend.tests.test_school_unified_upload.TestUnifiedUpload" name="test_counts" time="0.302" /><testcase classname="backend.tests.test_school_unified_upload.TestUnifiedUpload" name="test_errors_contains_bad_row" time="0.000" /><testcase classname="backend.tests.test_school_unified_upload.TestUnifiedUpload" name="test_credentials_returned" time="0.000" /><testcase classname="backend.tests.test_school_unified_upload.TestUnifiedUpload" name="test_db_shared_parent_linked_to_both_kids" time="0.005" /><testcase classname="backend.tests.test_school_unified_upload.TestUnifiedUpload" name="test_db_teacher_and_classroom" time="0.001" /><testcase classname="backend.tests.test_school_unified_upload.TestUnifiedUpload" name="test_db_students_have_school_and_grade" time="0.001" /><testcase classname="backend.tests.test_school_unified_upload.TestUnifiedUpload" name="test_db_subscription_granted" time="0.001" /><testcase classname="backend.tests.test_school_unified_upload.TestUnifiedUpload" name="test_generated_parent_can_login" time="0.131" /><testcase classname="backend.tests.test_school_unified_upload.TestUnifiedUpload" name="test_generated_student_can_login" time="0.209" /><testcase classname="backend.tests.test_school_unified_upload.TestUnifiedUpload" name="test_generated_autouser_student_can_login" time="0.146" /></testsuite></testsuites>