<?xml version="1.0" encoding="utf-8"?><testsuites name="pytest tests"><testsuite name="pytest" errors="0" failures="0" skipped="0" tests="8" time="0.741" timestamp="2026-01-31T07:59:07.150517+00:00" hostname="agent-env-27ad2c6d-b812-4756-a110-a924fd5f3324"><testcase classname="backend.tests.test_walkthrough_video.TestWalkthroughVideoEndpoints" name="test_get_walkthrough_video_public_access" time="0.102" /><testcase classname="backend.tests.test_walkthrough_video.TestWalkthroughVideoEndpoints" name="test_put_walkthrough_video_requires_auth" time="0.040" /><testcase classname="backend.tests.test_walkthrough_video.TestWalkthroughVideoEndpoints" name="test_put_walkthrough_video_with_auth" time="0.079" /><testcase classname="backend.tests.test_walkthrough_video.TestWalkthroughVideoEndpoints" name="test_delete_walkthrough_video_requires_auth" time="0.039" /><testcase classname="backend.tests.test_walkthrough_video.TestWalkthroughVideoEndpoints" name="test_delete_walkthrough_video_with_auth" time="0.117" /><testcase classname="backend.tests.test_walkthrough_video.TestWalkthroughVideoEndpoints" name="test_upload_walkthrough_video" time="0.038" /><testcase classname="backend.tests.test_walkthrough_video.TestWalkthroughVideoEndpoints" name="test_upload_rejects_non_video" time="0.038" /><testcase classname="backend.tests.test_walkthrough_video.TestWalkthroughVideoIntegration" name="test_full_video_workflow" time="0.234" /></testsuite></testsuites>