<?xml version="1.0" encoding="utf-8"?><testsuites name="pytest tests"><testsuite name="pytest" errors="0" failures="0" skipped="0" tests="10" time="2.132" timestamp="2026-01-29T15:26:43.636431+00:00" hostname="agent-env-8a481861-58f4-4e75-97d1-a867660890a2"><testcase classname="backend.tests.test_wallet_available_allocated.TestWalletAvailableAllocated" name="test_wallet_endpoint_returns_200" time="1.606" /><testcase classname="backend.tests.test_wallet_available_allocated.TestWalletAvailableAllocated" name="test_wallet_returns_accounts_array" time="0.042" /><testcase classname="backend.tests.test_wallet_available_allocated.TestWalletAvailableAllocated" name="test_savings_account_has_available_allocated_fields" time="0.040" /><testcase classname="backend.tests.test_wallet_available_allocated.TestWalletAvailableAllocated" name="test_investing_account_has_available_allocated_fields" time="0.082" /><testcase classname="backend.tests.test_wallet_available_allocated.TestWalletAvailableAllocated" name="test_spending_account_has_zero_allocated" time="0.047" /><testcase classname="backend.tests.test_wallet_available_allocated.TestWalletAvailableAllocated" name="test_gifting_account_has_zero_allocated" time="0.043" /><testcase classname="backend.tests.test_wallet_available_allocated.TestWalletAvailableAllocated" name="test_savings_allocated_equals_goals_sum" time="0.036" /><testcase classname="backend.tests.test_wallet_available_allocated.TestWalletAvailableAllocated" name="test_investing_allocated_equals_portfolio_value" time="0.047" /><testcase classname="backend.tests.test_wallet_available_allocated.TestWalletAvailableAllocated" name="test_savings_available_calculation" time="0.041" /><testcase classname="backend.tests.test_wallet_available_allocated.TestWalletAvailableAllocated" name="test_total_balance_includes_all_accounts" time="0.040" /></testsuite></testsuites>