<?xml version="1.0" encoding="utf-8"?><testsuites name="pytest tests"><testsuite name="pytest" errors="0" failures="0" skipped="0" tests="10" time="2.160" timestamp="2026-09-07T07:51:28.883005+00:00" hostname="agent-env-36efa4a8-c5d1-4e45-970f-21007ea1702d"><testcase classname="backend.tests.test_xp_relabel_regression.TestWalletSummary" name="test_wallet_summary_returns_accounts" time="0.298" /><testcase classname="backend.tests.test_xp_relabel_regression.TestWalletTransfer" name="test_wallet_transfer_endpoint_exists" time="0.150" /><testcase classname="backend.tests.test_xp_relabel_regression.TestLessonComplete" name="test_learn_complete_endpoint_shape" time="0.124" /><testcase classname="backend.tests.test_xp_relabel_regression.TestGardenAndStocks" name="test_garden_state_readable" time="0.156" /><testcase classname="backend.tests.test_xp_relabel_regression.TestGardenAndStocks" name="test_stocks_list_or_portfolio" time="0.242" /><testcase classname="backend.tests.test_xp_relabel_regression.TestLending" name="test_lending_list" time="0.125" /><testcase classname="backend.tests.test_xp_relabel_regression.TestQuestsSubmit" name="test_quests_list_child" time="0.146" /><testcase classname="backend.tests.test_xp_relabel_regression.TestContentComplete" name="test_content_items_complete_bad_id" time="0.151" /><testcase classname="backend.tests.test_xp_relabel_regression.TestTeacherReward" name="test_teacher_can_list_classrooms" time="0.351" /><testcase classname="backend.tests.test_xp_relabel_regression.TestParentChoreApprove" name="test_parent_can_list_children" time="0.354" /></testsuite></testsuites>